2025-09-23 11:35:02,761 [INFO] Activator:177 - 


2025-09-23 11:35:02,763 [INFO] Activator:178 - !SESSION log4j initialized
2025-09-23 11:35:27,133 [INFO] McuFinderGlobals:39 - Set McuFinder mode to 2 (CubeIDE integrated)
2025-09-23 11:35:27,743 [INFO] ApplicationProperties:181 - Using Application install path: C:\ST\STM32CubeIDE_1.7.0\STM32CubeIDE\plugins\com.st.stm32cube.common.mx_6.3.0.202107141111
2025-09-23 11:35:27,765 [INFO] DbMcusXml:74 - Set database path to: C:\ST\STM32CubeIDE_1.7.0\STM32CubeIDE\plugins\com.st.stm32cube.common.mx_6.3.0.202107141111\\db\/mcu/
2025-09-23 11:35:27,769 [INFO] DbBoardsPdsc:56 - Set plugin database path to: C:\ST\STM32CubeIDE_1.7.0\STM32CubeIDE\plugins\com.st.stm32cube.common.mx_6.3.0.202107141111\\db\/plugins/boardmanager/
2025-09-23 11:35:27,771 [INFO] DbMcus:258 - Set plugin images path to: C:\ST\STM32CubeIDE_1.7.0\STM32CubeIDE\plugins\com.st.stm32cube.common.mx_6.3.0.202107141111\\db\/plugins/mcufinder/images/
2025-09-23 11:35:27,771 [INFO] DbBoards:264 - Set plugin images path to: C:\ST\STM32CubeIDE_1.7.0\STM32CubeIDE\plugins\com.st.stm32cube.common.mx_6.3.0.202107141111\\db\/plugins/mcufinder/images/
2025-09-23 11:35:27,775 [INFO] DbExamples:333 - Set plugin images path to: C:\ST\STM32CubeIDE_1.7.0\STM32CubeIDE\plugins\com.st.stm32cube.common.mx_6.3.0.202107141111\\db\/plugins/mcufinder/images/
2025-09-23 11:35:27,779 [INFO] DbMcusAds:119 - Set database path to: C:\Users\Dell\.stmcufinder\plugins\mcufinder//mcu/
2025-09-23 11:35:27,779 [INFO] DbMcusDocs:110 - Set database path to: C:\Users\Dell\.stmcufinder\plugins\mcufinder//mcu/
2025-09-23 11:35:27,779 [INFO] DbMcusJson:64 - Set database path to: C:\Users\Dell\.stmcufinder\plugins\mcufinder//mcu/
2025-09-23 11:35:27,779 [INFO] DbBoardsDocs:110 - Set database path to: C:\Users\Dell\.stmcufinder\plugins\mcufinder//mcu/
2025-09-23 11:35:27,779 [INFO] DbBoardsJson:57 - Set database path to: C:\Users\Dell\.stmcufinder\plugins\mcufinder//mcu/
2025-09-23 11:35:27,887 [INFO] CrossReferenceDbSqlite:196 - Set database path to: C:\Users\Dell\.stmcufinder\plugins\mcufinder//mcu/cs/
2025-09-23 11:35:27,887 [INFO] DbExamplesSqlite:767 - Set database path to: C:\Users\Dell\.stmcufinder\plugins\mcufinder//mcu/
2025-09-23 11:35:28,055 [INFO] RulesReader:57 - Compatibility file has been processed (242 Rules)
2025-09-23 11:35:28,159 [INFO] DbMcusXml:74 - Set database path to: C:\ST\STM32CubeIDE_1.7.0\STM32CubeIDE\plugins\com.st.stm32cube.common.mx_6.3.0.202107141111\\db\/mcu/
2025-09-23 11:35:28,159 [INFO] DbBoardsPdsc:56 - Set plugin database path to: C:\ST\STM32CubeIDE_1.7.0\STM32CubeIDE\plugins\com.st.stm32cube.common.mx_6.3.0.202107141111\\db\/plugins/boardmanager/
2025-09-23 11:35:28,159 [INFO] DbMcus:258 - Set plugin images path to: C:\ST\STM32CubeIDE_1.7.0\STM32CubeIDE\plugins\com.st.stm32cube.common.mx_6.3.0.202107141111\\db\/plugins/mcufinder/images/
2025-09-23 11:35:28,159 [INFO] DbBoards:264 - Set plugin images path to: C:\ST\STM32CubeIDE_1.7.0\STM32CubeIDE\plugins\com.st.stm32cube.common.mx_6.3.0.202107141111\\db\/plugins/mcufinder/images/
2025-09-23 11:35:28,159 [INFO] DbExamples:333 - Set plugin images path to: C:\ST\STM32CubeIDE_1.7.0\STM32CubeIDE\plugins\com.st.stm32cube.common.mx_6.3.0.202107141111\\db\/plugins/mcufinder/images/
2025-09-23 11:35:28,159 [WARN] DbFile:35 - Overriding database path with different value: C:\Users\Dell\.stmcufinder\plugins\mcufinder/ => C:\Users\Dell\.stmcufinder\plugins\mcufinder
2025-09-23 11:35:28,159 [INFO] DbMcusAds:119 - Set database path to: C:\Users\Dell\.stmcufinder\plugins\mcufinder//mcu/
2025-09-23 11:35:28,159 [WARN] DbFile:35 - Overriding database path with different value: C:\Users\Dell\.stmcufinder\plugins\mcufinder/ => C:\Users\Dell\.stmcufinder\plugins\mcufinder
2025-09-23 11:35:28,159 [INFO] DbMcusDocs:110 - Set database path to: C:\Users\Dell\.stmcufinder\plugins\mcufinder//mcu/
2025-09-23 11:35:28,159 [WARN] DbFile:35 - Overriding database path with different value: C:\Users\Dell\.stmcufinder\plugins\mcufinder/ => C:\Users\Dell\.stmcufinder\plugins\mcufinder
2025-09-23 11:35:28,159 [INFO] DbMcusJson:64 - Set database path to: C:\Users\Dell\.stmcufinder\plugins\mcufinder//mcu/
2025-09-23 11:35:28,159 [WARN] DbFile:35 - Overriding database path with different value: C:\Users\Dell\.stmcufinder\plugins\mcufinder/ => C:\Users\Dell\.stmcufinder\plugins\mcufinder
2025-09-23 11:35:28,159 [INFO] DbBoardsDocs:110 - Set database path to: C:\Users\Dell\.stmcufinder\plugins\mcufinder//mcu/
2025-09-23 11:35:28,159 [WARN] DbFile:35 - Overriding database path with different value: C:\Users\Dell\.stmcufinder\plugins\mcufinder/ => C:\Users\Dell\.stmcufinder\plugins\mcufinder
2025-09-23 11:35:28,159 [INFO] DbBoardsJson:57 - Set database path to: C:\Users\Dell\.stmcufinder\plugins\mcufinder//mcu/
2025-09-23 11:35:28,159 [WARN] DbFile:35 - Overriding database path with different value: C:\Users\Dell\.stmcufinder\plugins\mcufinder/ => C:\Users\Dell\.stmcufinder\plugins\mcufinder
2025-09-23 11:35:28,159 [WARN] DbFile:35 - Overriding database path with different value: C:\Users\Dell\.stmcufinder\plugins\mcufinder/ => C:\Users\Dell\.stmcufinder\plugins\mcufinder
2025-09-23 11:35:28,159 [INFO] CrossReferenceDbSqlite:196 - Set database path to: C:\Users\Dell\.stmcufinder\plugins\mcufinder//mcu/cs/
2025-09-23 11:35:28,159 [WARN] DbFile:35 - Overriding database path with different value: C:\Users\Dell\.stmcufinder\plugins\mcufinder/ => C:\Users\Dell\.stmcufinder\plugins\mcufinder
2025-09-23 11:35:28,159 [INFO] DbExamplesSqlite:767 - Set database path to: C:\Users\Dell\.stmcufinder\plugins\mcufinder//mcu/
2025-09-23 11:35:28,230 [INFO] MainPanel:214 - HeapMemory: 268435456
2025-09-23 11:35:28,293 [INFO] DbMcusXml:74 - Set database path to: C:\ST\STM32CubeIDE_1.7.0\STM32CubeIDE\plugins\com.st.stm32cube.common.mx_6.3.0.202107141111\\db\/mcu/
2025-09-23 11:35:28,293 [INFO] DbBoardsPdsc:56 - Set plugin database path to: C:\ST\STM32CubeIDE_1.7.0\STM32CubeIDE\plugins\com.st.stm32cube.common.mx_6.3.0.202107141111\\db\/plugins/boardmanager/
2025-09-23 11:35:28,293 [INFO] DbMcus:258 - Set plugin images path to: C:\ST\STM32CubeIDE_1.7.0\STM32CubeIDE\plugins\com.st.stm32cube.common.mx_6.3.0.202107141111\\db\/plugins/mcufinder/images/
2025-09-23 11:35:28,293 [INFO] DbBoards:264 - Set plugin images path to: C:\ST\STM32CubeIDE_1.7.0\STM32CubeIDE\plugins\com.st.stm32cube.common.mx_6.3.0.202107141111\\db\/plugins/mcufinder/images/
2025-09-23 11:35:28,293 [INFO] DbExamples:333 - Set plugin images path to: C:\ST\STM32CubeIDE_1.7.0\STM32CubeIDE\plugins\com.st.stm32cube.common.mx_6.3.0.202107141111\\db\/plugins/mcufinder/images/
2025-09-23 11:35:28,293 [WARN] DbFile:35 - Overriding database path with different value: C:\Users\Dell\.stmcufinder\plugins\mcufinder/ => C:\Users\Dell\.stmcufinder\plugins\mcufinder
2025-09-23 11:35:28,293 [INFO] DbMcusAds:119 - Set database path to: C:\Users\Dell\.stmcufinder\plugins\mcufinder//mcu/
2025-09-23 11:35:28,293 [WARN] DbFile:35 - Overriding database path with different value: C:\Users\Dell\.stmcufinder\plugins\mcufinder/ => C:\Users\Dell\.stmcufinder\plugins\mcufinder
2025-09-23 11:35:28,293 [INFO] DbMcusDocs:110 - Set database path to: C:\Users\Dell\.stmcufinder\plugins\mcufinder//mcu/
2025-09-23 11:35:28,293 [WARN] DbFile:35 - Overriding database path with different value: C:\Users\Dell\.stmcufinder\plugins\mcufinder/ => C:\Users\Dell\.stmcufinder\plugins\mcufinder
2025-09-23 11:35:28,293 [INFO] DbMcusJson:64 - Set database path to: C:\Users\Dell\.stmcufinder\plugins\mcufinder//mcu/
2025-09-23 11:35:28,293 [WARN] DbFile:35 - Overriding database path with different value: C:\Users\Dell\.stmcufinder\plugins\mcufinder/ => C:\Users\Dell\.stmcufinder\plugins\mcufinder
2025-09-23 11:35:28,293 [INFO] DbBoardsDocs:110 - Set database path to: C:\Users\Dell\.stmcufinder\plugins\mcufinder//mcu/
2025-09-23 11:35:28,293 [WARN] DbFile:35 - Overriding database path with different value: C:\Users\Dell\.stmcufinder\plugins\mcufinder/ => C:\Users\Dell\.stmcufinder\plugins\mcufinder
2025-09-23 11:35:28,293 [INFO] DbBoardsJson:57 - Set database path to: C:\Users\Dell\.stmcufinder\plugins\mcufinder//mcu/
2025-09-23 11:35:28,293 [WARN] DbFile:35 - Overriding database path with different value: C:\Users\Dell\.stmcufinder\plugins\mcufinder/ => C:\Users\Dell\.stmcufinder\plugins\mcufinder
2025-09-23 11:35:28,293 [WARN] DbFile:35 - Overriding database path with different value: C:\Users\Dell\.stmcufinder\plugins\mcufinder/ => C:\Users\Dell\.stmcufinder\plugins\mcufinder
2025-09-23 11:35:28,293 [INFO] CrossReferenceDbSqlite:196 - Set database path to: C:\Users\Dell\.stmcufinder\plugins\mcufinder//mcu/cs/
2025-09-23 11:35:28,293 [WARN] DbFile:35 - Overriding database path with different value: C:\Users\Dell\.stmcufinder\plugins\mcufinder/ => C:\Users\Dell\.stmcufinder\plugins\mcufinder
2025-09-23 11:35:28,293 [INFO] DbExamplesSqlite:767 - Set database path to: C:\Users\Dell\.stmcufinder\plugins\mcufinder//mcu/
2025-09-23 11:35:28,309 [INFO] ApplicationProperties:181 - Using Application install path: C:\ST\STM32CubeIDE_1.7.0\STM32CubeIDE\plugins\com.st.stm32cube.common.mx_6.3.0.202107141111
2025-09-23 11:35:28,325 [INFO] PluginManage:188 - Search for loadable plugins [exclusion list=, ]
2025-09-23 11:35:28,325 [INFO] PluginManage:302 - Check plugin analytics
2025-09-23 11:35:28,488 [INFO] AnalyticsPlugin:257 - Accepted Software Licenses: 
2025-09-23 11:35:28,488 [INFO] AnalyticsPlugin:259 - Accepted CMSIS Pack Licenses: 
2025-09-23 11:35:28,488 [INFO] AnalyticsPlugin:261 - Accepted Firmware Licenses: 
2025-09-23 11:35:28,488 [INFO] PluginManage:352 - Loaded plugin analytics (category:tool,tabindex:-1)
2025-09-23 11:35:28,488 [INFO] PluginManage:302 - Check plugin clock
2025-09-23 11:35:28,531 [INFO] PluginManage:352 - Loaded plugin clock (category:base,tabindex:2)
2025-09-23 11:35:28,531 [INFO] PluginManage:302 - Check plugin ddr
2025-09-23 11:35:28,531 [INFO] PluginManage:352 - Loaded plugin ddr (category:tool,tabindex:6)
2025-09-23 11:35:28,531 [INFO] PluginManage:302 - Check plugin filemanager
2025-09-23 11:35:28,671 [INFO] PluginManage:352 - Loaded plugin filemanager (category:base,tabindex:10)
2025-09-23 11:35:28,673 [INFO] PluginManage:302 - Check plugin ipmanager
2025-09-23 11:35:28,684 [INFO] PluginManage:352 - Loaded plugin ipmanager (category:base,tabindex:5)
2025-09-23 11:35:28,684 [INFO] PluginManage:302 - Check plugin pinoutandconfiguration
2025-09-23 11:35:28,716 [INFO] PluginManage:352 - Loaded plugin pinoutandconfiguration (category:base,tabindex:1)
2025-09-23 11:35:28,716 [INFO] PluginManage:302 - Check plugin pinoutconfig
2025-09-23 11:35:28,754 [INFO] PluginManage:352 - Loaded plugin pinoutconfig (category:base,tabindex:0)
2025-09-23 11:35:28,754 [INFO] PluginManage:302 - Check plugin power
2025-09-23 11:35:28,801 [INFO] PluginManage:352 - Loaded plugin power (category:power,tabindex:4)
2025-09-23 11:35:28,801 [INFO] PluginManage:302 - Check plugin projectmanager
2025-09-23 11:35:28,821 [INFO] PluginManage:352 - Loaded plugin projectmanager (category:projectmanager,tabindex:3)
2025-09-23 11:35:28,821 [INFO] PluginManage:302 - Check plugin thirdparty
2025-09-23 11:35:29,190 [INFO] PluginManage:352 - Loaded plugin thirdparty (category:base,tabindex:-1)
2025-09-23 11:35:29,190 [WARN] IntegrityCheckThread:78 - waiting for thirdparty lock release [integrity check]
2025-09-23 11:35:29,190 [INFO] PluginManage:302 - Check plugin tools
2025-09-23 11:35:29,190 [INFO] IntegrityCheckThread:80 - entering critical section [integrity check]
2025-09-23 11:35:29,190 [INFO] ThirdPartyUpdaterWithRetryManager:66 - Updater plugin not ready yet. [1/15]
2025-09-23 11:35:29,317 [INFO] PluginManage:352 - Loaded plugin tools (category:base,tabindex:7)
2025-09-23 11:35:29,317 [INFO] PluginManage:302 - Check plugin tutovideos
2025-09-23 11:35:29,601 [INFO] PluginManage:352 - Loaded plugin tutovideos (category:base,tabindex:-1)
2025-09-23 11:35:29,601 [INFO] PluginManage:302 - Check plugin updater
2025-09-23 11:35:29,601 [INFO] PluginManage:352 - Loaded plugin updater (category:base,tabindex:12)
2025-09-23 11:35:29,601 [INFO] PluginManage:275 - PluginManage : Loaded plugins [13]
2025-09-23 11:35:29,807 [INFO] PinOutPanel:1463 - setPackage(No Configuration,No Configuration)
2025-09-23 11:35:29,942 [INFO] IPUIPlugin:74 - create IPUIPlugin
2025-09-23 11:35:29,942 [INFO] PluginManager:213 - loadIPPluginJar : add adc
2025-09-23 11:35:30,031 [INFO] IPUIPlugin:74 - create IPUIPlugin
2025-09-23 11:35:30,031 [INFO] PluginManager:213 - loadIPPluginJar : add aes
2025-09-23 11:35:30,119 [INFO] IPUIPlugin:74 - create IPUIPlugin
2025-09-23 11:35:30,119 [INFO] PluginManager:213 - loadIPPluginJar : add can
2025-09-23 11:35:30,183 [INFO] IPUIPlugin:74 - create IPUIPlugin
2025-09-23 11:35:30,183 [INFO] PluginManager:213 - loadIPPluginJar : add comp
2025-09-23 11:35:30,261 [INFO] IPUIPlugin:74 - create IPUIPlugin
2025-09-23 11:35:30,261 [INFO] PluginManager:213 - loadIPPluginJar : add cryp
2025-09-23 11:35:30,329 [INFO] IPUIPlugin:74 - create IPUIPlugin
2025-09-23 11:35:30,329 [INFO] PluginManager:213 - loadIPPluginJar : add dfsdm
2025-09-23 11:35:30,349 [INFO] IPUIPlugin:74 - create IPUIPlugin
2025-09-23 11:35:30,349 [INFO] PluginManager:213 - loadIPPluginJar : add dma
2025-09-23 11:35:30,446 [INFO] IPUIPlugin:74 - create IPUIPlugin
2025-09-23 11:35:30,446 [INFO] PluginManager:213 - loadIPPluginJar : add dma3
2025-09-23 11:35:30,507 [INFO] IPUIPlugin:74 - create IPUIPlugin
2025-09-23 11:35:30,507 [INFO] PluginManager:213 - loadIPPluginJar : add fatfs
2025-09-23 11:35:30,601 [INFO] IPUIPlugin:74 - create IPUIPlugin
2025-09-23 11:35:30,601 [INFO] PluginManager:213 - loadIPPluginJar : add fmc
2025-09-23 11:35:30,625 [INFO] IPUIPlugin:74 - create IPUIPlugin
2025-09-23 11:35:30,625 [INFO] PluginManager:213 - loadIPPluginJar : add freertos
2025-09-23 11:35:30,688 [INFO] IPUIPlugin:74 - create IPUIPlugin
2025-09-23 11:35:30,688 [INFO] PluginManager:213 - loadIPPluginJar : add genericplugin
2025-09-23 11:35:30,851 [INFO] IPUIPlugin:74 - create IPUIPlugin
2025-09-23 11:35:30,851 [INFO] PluginManager:213 - loadIPPluginJar : add gfxmmu
2025-09-23 11:35:31,077 [INFO] IPUIPlugin:74 - create IPUIPlugin
2025-09-23 11:35:31,077 [INFO] PluginManager:213 - loadIPPluginJar : add gic
2025-09-23 11:35:31,096 [INFO] IPUIPlugin:74 - create IPUIPlugin
2025-09-23 11:35:31,096 [INFO] PluginManager:213 - loadIPPluginJar : add gpio
2025-09-23 11:35:31,219 [INFO] IPUIPlugin:74 - create IPUIPlugin
2025-09-23 11:35:31,219 [INFO] PluginManager:213 - loadIPPluginJar : add gtzc
2025-09-23 11:35:31,298 [INFO] IPUIPlugin:74 - create IPUIPlugin
2025-09-23 11:35:31,298 [INFO] PluginManager:213 - loadIPPluginJar : add hash
2025-09-23 11:35:31,392 [INFO] IPUIPlugin:74 - create IPUIPlugin
2025-09-23 11:35:31,392 [INFO] PluginManager:213 - loadIPPluginJar : add i2c
2025-09-23 11:35:31,487 [INFO] IPUIPlugin:74 - create IPUIPlugin
2025-09-23 11:35:31,487 [INFO] PluginManager:213 - loadIPPluginJar : add i2s
2025-09-23 11:35:31,513 [INFO] IPUIPlugin:74 - create IPUIPlugin
2025-09-23 11:35:31,513 [INFO] PluginManager:213 - loadIPPluginJar : add ipddr
2025-09-23 11:35:31,662 [INFO] IPUIPlugin:74 - create IPUIPlugin
2025-09-23 11:35:31,662 [INFO] PluginManager:213 - loadIPPluginJar : add linkedlist
2025-09-23 11:35:31,778 [INFO] IPUIPlugin:74 - create IPUIPlugin
2025-09-23 11:35:31,778 [INFO] PluginManager:213 - loadIPPluginJar : add lorawan
2025-09-23 11:35:31,863 [INFO] IPUIPlugin:74 - create IPUIPlugin
2025-09-23 11:35:31,863 [INFO] PluginManager:213 - loadIPPluginJar : add ltdc
2025-09-23 11:35:31,885 [INFO] IPUIPlugin:74 - create IPUIPlugin
2025-09-23 11:35:31,885 [INFO] PluginManager:213 - loadIPPluginJar : add mdma
2025-09-23 11:35:31,909 [INFO] IPUIPlugin:74 - create IPUIPlugin
2025-09-23 11:35:31,909 [INFO] PluginManager:213 - loadIPPluginJar : add nvic
2025-09-23 11:35:31,999 [INFO] IPUIPlugin:74 - create IPUIPlugin
2025-09-23 11:35:31,999 [INFO] PluginManager:213 - loadIPPluginJar : add opamp
2025-09-23 11:35:32,151 [INFO] IPUIPlugin:74 - create IPUIPlugin
2025-09-23 11:35:32,151 [INFO] PluginManager:213 - loadIPPluginJar : add openamp
2025-09-23 11:35:32,199 [INFO] ThirdPartyUpdaterWithRetryManager:66 - Updater plugin not ready yet. [2/15]
2025-09-23 11:35:32,255 [INFO] IPUIPlugin:74 - create IPUIPlugin
2025-09-23 11:35:32,255 [INFO] PluginManager:213 - loadIPPluginJar : add pdm2pcm
2025-09-23 11:35:32,279 [INFO] IPUIPlugin:74 - create IPUIPlugin
2025-09-23 11:35:32,279 [INFO] PluginManager:213 - loadIPPluginJar : add plateformsettings
2025-09-23 11:35:32,348 [INFO] IPUIPlugin:74 - create IPUIPlugin
2025-09-23 11:35:32,348 [INFO] PluginManager:213 - loadIPPluginJar : add quadspi
2025-09-23 11:35:32,366 [INFO] IPUIPlugin:74 - create IPUIPlugin
2025-09-23 11:35:32,366 [INFO] PluginManager:213 - loadIPPluginJar : add resmgrutility
2025-09-23 11:35:32,463 [INFO] IPUIPlugin:74 - create IPUIPlugin
2025-09-23 11:35:32,469 [INFO] PluginManager:213 - loadIPPluginJar : add sai
2025-09-23 11:35:32,549 [INFO] IPUIPlugin:74 - create IPUIPlugin
2025-09-23 11:35:32,549 [INFO] PluginManager:213 - loadIPPluginJar : add spi
2025-09-23 11:35:32,668 [INFO] IPUIPlugin:74 - create IPUIPlugin
2025-09-23 11:35:32,668 [INFO] PluginManager:213 - loadIPPluginJar : add stm32_wpan
2025-09-23 11:35:32,740 [INFO] IPUIPlugin:74 - create IPUIPlugin
2025-09-23 11:35:32,740 [INFO] PluginManager:213 - loadIPPluginJar : add tim
2025-09-23 11:35:32,863 [INFO] IPUIPlugin:74 - create IPUIPlugin
2025-09-23 11:35:32,863 [INFO] PluginManager:213 - loadIPPluginJar : add touchsensing
2025-09-23 11:35:32,928 [INFO] IPUIPlugin:74 - create IPUIPlugin
2025-09-23 11:35:32,928 [INFO] PluginManager:213 - loadIPPluginJar : add tracer_emb
2025-09-23 11:35:32,991 [INFO] IPUIPlugin:74 - create IPUIPlugin
2025-09-23 11:35:32,991 [INFO] PluginManager:213 - loadIPPluginJar : add ts
2025-09-23 11:35:33,064 [INFO] IPUIPlugin:74 - create IPUIPlugin
2025-09-23 11:35:33,064 [INFO] PluginManager:213 - loadIPPluginJar : add tsc
2025-09-23 11:35:33,121 [INFO] IPUIPlugin:74 - create IPUIPlugin
2025-09-23 11:35:33,121 [INFO] PluginManager:213 - loadIPPluginJar : add ucpd
2025-09-23 11:35:33,224 [INFO] IPUIPlugin:74 - create IPUIPlugin
2025-09-23 11:35:33,224 [INFO] PluginManager:213 - loadIPPluginJar : add usart
2025-09-23 11:35:33,311 [INFO] IPUIPlugin:74 - create IPUIPlugin
2025-09-23 11:35:33,311 [INFO] PluginManager:213 - loadIPPluginJar : add usbx
2025-09-23 11:35:33,717 [FATAL] Updater:294 - Updater called before beeing initialized
2025-09-23 11:35:33,848 [FATAL] Updater:294 - Updater called before beeing initialized
2025-09-23 11:35:33,855 [INFO] DbMcusAds:47 - JSON generation date=Tue Jul 08 15:14:23 ICT 2025 (1751962463524)
2025-09-23 11:35:33,855 [FATAL] Updater:294 - Updater called before beeing initialized
2025-09-23 11:35:33,890 [WARN] DetailPanel:314 - Failed to get advertising image, set to default
2025-09-23 11:35:33,988 [FATAL] Updater:294 - Updater called before beeing initialized
2025-09-23 11:35:33,988 [FATAL] Updater:294 - Updater called before beeing initialized
2025-09-23 11:35:33,988 [FATAL] Updater:294 - Updater called before beeing initialized
2025-09-23 11:35:33,988 [WARN] DetailPanel:314 - Failed to get advertising image, set to default
2025-09-23 11:35:33,988 [FATAL] Updater:294 - Updater called before beeing initialized
2025-09-23 11:35:34,057 [ERROR] Updater:1075 - MainUpdater not yet initialized. External WinMGr cannot be set.
2025-09-23 11:35:34,073 [INFO] Updater:1012 - Updater Version found : 6.3.0
2025-09-23 11:35:34,097 [INFO] ApplicationProperties:181 - Using Application install path: C:\ST\STM32CubeIDE_1.7.0\STM32CubeIDE\plugins\com.st.stm32cube.common.mx_6.3.0.202107141111
2025-09-23 11:35:35,207 [INFO] ThirdPartyUpdaterWithRetryManager:66 - Updater plugin not ready yet. [3/15]
2025-09-23 11:35:37,256 [INFO] MainUpdater:2671 - connection check result : 10
2025-09-23 11:35:37,256 [INFO] MainUpdater:265 - Updater Check For Update Now.
2025-09-23 11:35:37,256 [INFO] MicroXplorer:478 - Change Database Version : DB.6.0.30
2025-09-23 11:35:37,512 [INFO] CheckServerUpdateThread:112 - End of CheckServer Thread
2025-09-23 11:35:37,541 [INFO] MainUpdater:2671 - connection check result : 10
2025-09-23 11:35:38,224 [INFO] McuFinderGlobals:52 - Set McuFinderConnectedMode to false
2025-09-23 11:35:38,348 [INFO] CrossSelectorPresenter:1330 - Cross Selector saved comparison directory: C:\Users\Dell\.stmcufinder\plugins\mcufinder\mcu\cs_comparisons_mx
2025-09-23 11:35:38,348 [INFO] MultiScanPanel:197 - Auto-refresh data requested => check proxy status ongoing
2025-09-23 11:35:38,348 [INFO] MultiScanPanel:201 - Proxy status is invalid
2025-09-23 11:35:38,359 [INFO] FinderPluginLoader:87 - Searching for filters in installed packs
2025-09-23 11:35:38,364 [INFO] DbMcusXml:100 - Load MCU database from C:\ST\STM32CubeIDE_1.7.0\STM32CubeIDE\plugins\com.st.stm32cube.common.mx_6.3.0.202107141111\\db\/mcu/families.xml
2025-09-23 11:35:38,427 [ERROR] Engine:463 - C:\Users\Dell\.stm32cubemx\thirdparties\pdsc\STMicroelectronics.FP-SNS-MOTENVWB1.1.4.0.pdsc: PDSC version is not supported
2025-09-23 11:35:38,487 [WARN] PackLoader:238 - Cannot read IP mode file for STMicroelectronics.FP-ATR-ASTRA1.2.0.2
2025-09-23 11:35:38,509 [ERROR] Engine:463 - C:\Users\Dell\.stm32cubemx\thirdparties\pdsc\STMicroelectronics.X-CUBE-SMBUS.2.1.0.pdsc: PDSC version is not supported
2025-09-23 11:35:38,522 [ERROR] Engine:463 - C:\Users\Dell\.stm32cubemx\thirdparties\pdsc\STMicroelectronics.X-CUBE-ST60.1.0.0.pdsc: PDSC version is not supported
2025-09-23 11:35:38,579 [WARN] PackLoader:238 - Cannot read IP mode file for STMicroelectronics.X-CUBE-AZRTOS-F7.1.1.0
2025-09-23 11:35:38,602 [ERROR] Engine:463 - C:\Users\Dell\.stm32cubemx\thirdparties\pdsc\WES.I-CUBE-Cesium.1.4.0.pdsc: PDSC version is not supported
2025-09-23 11:35:38,627 [ERROR] Engine:463 - C:\Users\Dell\.stm32cubemx\thirdparties\pdsc\Infineon.AIROC-Wi-Fi-Bluetooth-STM32.1.7.1.pdsc: PDSC version is not supported
2025-09-23 11:35:38,681 [WARN] PackLoader:238 - Cannot read IP mode file for STMicroelectronics.X-CUBE-AZRTOS-H7.3.4.0
2025-09-23 11:35:38,709 [ERROR] Engine:463 - C:\Users\Dell\.stm32cubemx\thirdparties\pdsc\STMicroelectronics.X-CUBE-DISPLAY.3.0.0.pdsc: PDSC version is not supported
2025-09-23 11:35:38,736 [WARN] PackLoader:238 - Cannot read IP mode file for STMicroelectronics.X-CUBE-NFC10.1.0.0
2025-09-23 11:35:38,761 [ERROR] Engine:463 - C:\Users\Dell\.stm32cubemx\thirdparties\pdsc\emotas.I-CUBE-CANOPEN.1.3.0.pdsc: PDSC version is not supported
2025-09-23 11:35:38,784 [ERROR] Engine:463 - C:\Users\Dell\.stm32cubemx\thirdparties\pdsc\STMicroelectronics.FP-SNS-STBOX1.2.1.0.pdsc: PDSC version is not supported
2025-09-23 11:35:38,807 [ERROR] Engine:463 - C:\Users\Dell\.stm32cubemx\thirdparties\pdsc\STMicroelectronics.FP-SNS-SMARTAG2.1.2.0.pdsc: PDSC version is not supported
2025-09-23 11:35:38,809 [ERROR] Engine:463 - C:\Users\Dell\.stm32cubemx\thirdparties\pdsc\STMicroelectronics.FP-SNS-FLIGHT1.5.1.0.pdsc: PDSC version is not supported
2025-09-23 11:35:38,844 [INFO] LogOutputStream:76 - [STDOUT_REDIRECT] 1 : Invalid condition id : UX_CORESTACK_Condition cause : null
2025-09-23 11:35:38,844 [INFO] LogOutputStream:76 - [STDOUT_REDIRECT] 1 : Invalid condition id : UX_CORESTACK_Condition cause : null
2025-09-23 11:35:38,844 [INFO] LogOutputStream:76 - [STDOUT_REDIRECT] 1 : Invalid condition id : UX_CORESTACK_Condition cause : null
2025-09-23 11:35:38,853 [INFO] LogOutputStream:76 - [STDOUT_REDIRECT] 1 : Invalid condition id : UX_CORESTACK_Condition cause : null
2025-09-23 11:35:38,863 [INFO] LogOutputStream:76 - [STDOUT_REDIRECT] 1 : Invalid condition id : UX_CORESTACK_Condition cause : null
2025-09-23 11:35:38,863 [WARN] PackLoader:238 - Cannot read IP mode file for STMicroelectronics.X-CUBE-AZRTOS-WL.2.0.0
2025-09-23 11:35:38,890 [ERROR] Engine:463 - C:\Users\Dell\.stm32cubemx\thirdparties\pdsc\STMicroelectronics.FP-SNS-MOTENV1.5.0.0.pdsc: PDSC version is not supported
2025-09-23 11:35:38,920 [WARN] PackLoader:238 - Cannot read IP mode file for STMicroelectronics.X-CUBE-BLE2.3.3.0
2025-09-23 11:35:38,946 [WARN] PackLoader:238 - Cannot read IP mode file for STMicroelectronics.X-CUBE-NFC9.1.0.0
2025-09-23 11:35:38,979 [WARN] PackLoader:238 - Cannot read IP mode file for wolfSSL.I-CUBE-wolfSSL.5.8.2
2025-09-23 11:35:39,001 [WARN] PackLoader:238 - Cannot read IP mode file for STMicroelectronics.X-CUBE-BLE1.7.1.0
2025-09-23 11:35:39,021 [WARN] PackLoader:238 - Cannot read IP mode file for wolfSSL.I-CUBE-wolfMQTT.1.19.2
2025-09-23 11:35:39,049 [WARN] PackLoader:238 - Cannot read IP mode file for STMicroelectronics.X-CUBE-EEPRMA1.5.2.0
2025-09-23 11:35:39,107 [WARN] PackLoader:238 - Cannot read IP mode file for STMicroelectronics.X-CUBE-AZRTOS-G0.1.1.0
2025-09-23 11:35:39,137 [WARN] PackLoader:238 - Cannot read IP mode file for STMicroelectronics.X-CUBE-SAFEA1.1.2.2
2025-09-23 11:35:39,170 [WARN] PackLoader:238 - Cannot read IP mode file for STMicroelectronics.X-CUBE-NFC4.3.0.0
2025-09-23 11:35:39,195 [ERROR] Engine:463 - C:\Users\Dell\.stm32cubemx\thirdparties\pdsc\EmbeddedOffice.I-CUBE-FS-RTOS.1.0.1.pdsc: PDSC version is not supported
2025-09-23 11:35:39,219 [WARN] PackLoader:238 - Cannot read IP mode file for STMicroelectronics.X-CUBE-WB05N.2.0.0
2025-09-23 11:35:39,243 [WARN] PackLoader:238 - Cannot read IP mode file for wolfSSL.I-CUBE-wolfTPM.3.8.0
2025-09-23 11:35:39,260 [ERROR] Engine:463 - C:\Users\Dell\.stm32cubemx\thirdparties\pdsc\STMicroelectronics.X-CUBE-TCPP.4.2.0.pdsc: PDSC version is not supported
2025-09-23 11:35:39,289 [ERROR] Engine:463 - C:\Users\Dell\.stm32cubemx\thirdparties\pdsc\RealThread.X-CUBE-RT-Thread_Nano.4.1.1.pdsc: PDSC version is not supported
2025-09-23 11:35:39,302 [INFO] DbMcusJson:93 - JSON generation date=Tue Nov 16 23:17:54 ICT 2021 (1637079474)
2025-09-23 11:35:39,308 [WARN] PackLoader:238 - Cannot read IP mode file for STMicroelectronics.FP-ATR-SIGFOX1.3.2.0
2025-09-23 11:35:39,323 [ERROR] Engine:463 - C:\Users\Dell\.stm32cubemx\thirdparties\pdsc\ITTIA_DB.I-CUBE-ITTIADB.8.9.0.pdsc: PDSC version is not supported
2025-09-23 11:35:39,337 [ERROR] Engine:463 - C:\Users\Dell\.stm32cubemx\thirdparties\pdsc\STMicroelectronics.X-CUBE-ST67W61.1.0.0.pdsc: PDSC version is not supported
2025-09-23 11:35:39,376 [WARN] PackLoader:238 - Cannot read IP mode file for STMicroelectronics.X-CUBE-AI.10.2.0
2025-09-23 11:35:39,442 [WARN] PackLoader:238 - Cannot read IP mode file for SEGGER.I-CUBE-embOS.1.3.1
2025-09-23 11:35:39,527 [WARN] PackLoader:238 - Cannot read IP mode file for STMicroelectronics.X-CUBE-ALGOBUILD.1.4.0
2025-09-23 11:35:39,638 [WARN] PackLoader:238 - Cannot read IP mode file for STMicroelectronics.X-CUBE-MEMS1.11.3.0
2025-09-23 11:35:39,874 [WARN] PackLoader:238 - Cannot read IP mode file for STMicroelectronics.X-CUBE-PM33A1.1.0.0
2025-09-23 11:35:39,914 [WARN] PackLoader:238 - Cannot read IP mode file for STMicroelectronics.X-CUBE-AZRTOS-F4.1.1.0
2025-09-23 11:35:39,933 [ERROR] Engine:463 - C:\Users\Dell\.stm32cubemx\thirdparties\pdsc\Avnet-IotConnect.X-CUBE-IoTC-DA16k-PMOD.1.0.0.pdsc: PDSC version is not supported
2025-09-23 11:35:39,950 [WARN] PackLoader:238 - Cannot read IP mode file for STMicroelectronics.X-CUBE-ISPU.2.1.0
2025-09-23 11:35:39,965 [WARN] PackLoader:238 - Cannot read IP mode file for STMicroelectronics.X-CUBE-NFC12.1.0.0
2025-09-23 11:35:40,030 [INFO] DbMcus:175 - Found 1951 MCUs (1903 are supported by CubeMX, 1914 are visible in CubeMX)
2025-09-23 11:35:40,030 [INFO] ApiDb:251 - Load user favorites file C:\Users\Dell/.stm32cubeide/favorites.mcus.txt: 0 item(s)
2025-09-23 11:35:40,030 [INFO] ApiDb:255 - User favorites MCUs=[]
2025-09-23 11:35:40,030 [INFO] DbMcus:187 - Set 0 / 0 favorites MCUs
2025-09-23 11:35:40,033 [WARN] PackLoader:238 - Cannot read IP mode file for STMicroelectronics.X-CUBE-AZRTOS-L5.2.0.0
2025-09-23 11:35:40,060 [WARN] PackLoader:238 - Cannot read IP mode file for STMicroelectronics.X-CUBE-NFC6.3.1.0
2025-09-23 11:35:40,077 [ERROR] Engine:463 - C:\Users\Dell\.stm32cubemx\thirdparties\pdsc\STMicroelectronics.X-CUBE-FREERTOS.1.3.1.pdsc: PDSC version is not supported
2025-09-23 11:35:40,095 [ERROR] Engine:463 - C:\Users\Dell\.stm32cubemx\thirdparties\pdsc\STMicroelectronics.FP-SNS-STAIOTCFT.1.0.0.pdsc: PDSC version is not supported
2025-09-23 11:35:40,105 [ERROR] Engine:463 - C:\Users\Dell\.stm32cubemx\thirdparties\pdsc\STMicroelectronics.X-CUBE-DPower.1.3.0.pdsc: PDSC version is not supported
2025-09-23 11:35:40,157 [WARN] ConditionMgr:437 - getConditionDescription Invalid condition id : LAN8742 Phy interface Condition cause : null
2025-09-23 11:35:40,159 [WARN] PackLoader:238 - Cannot read IP mode file for STMicroelectronics.X-CUBE-AZRTOS-L4.2.0.0
2025-09-23 11:35:40,159 [WARN] ConditionMgr:1038 - genDependencies : Invalid condition id : LAN8742 Phy interface Condition cause : null
2025-09-23 11:35:40,159 [WARN] ConditionMgr:1038 - genDependencies : Invalid condition id : LAN8742 Phy interface Condition cause : null
2025-09-23 11:35:40,162 [WARN] ConditionMgr:1038 - genDependencies : Invalid condition id : LAN8742 Phy interface Condition cause : null
2025-09-23 11:35:40,189 [WARN] PackLoader:238 - Cannot read IP mode file for STMicroelectronics.X-CUBE-SFXS2LP1.4.0.0
2025-09-23 11:35:40,208 [ERROR] Engine:463 - C:\Users\Dell\.stm32cubemx\thirdparties\pdsc\STMicroelectronics.X-CUBE-BLEMGR.4.1.0.pdsc: PDSC version is not supported
2025-09-23 11:35:40,240 [WARN] ConditionMgr:437 - getConditionDescription Invalid condition id : UX DEVICE CLASS RTOS Condition cause : null
2025-09-23 11:35:40,240 [WARN] ConditionMgr:437 - getConditionDescription Invalid condition id : UX DEVICE CLASS RTOS Condition cause : null
2025-09-23 11:35:40,240 [WARN] PackLoader:238 - Cannot read IP mode file for STMicroelectronics.X-CUBE-AZRTOS-WB.2.0.0
2025-09-23 11:35:40,240 [WARN] ConditionMgr:1038 - genDependencies : Invalid condition id : UX DEVICE CLASS RTOS Condition cause : null
2025-09-23 11:35:40,240 [WARN] ConditionMgr:1038 - genDependencies : Invalid condition id : UX DEVICE CLASS RTOS Condition cause : null
2025-09-23 11:35:40,240 [WARN] ConditionMgr:1038 - genDependencies : Invalid condition id : UX DEVICE CLASS RTOS Condition cause : null
2025-09-23 11:35:40,240 [WARN] ConditionMgr:1038 - genDependencies : Invalid condition id : UX DEVICE CLASS RTOS Condition cause : null
2025-09-23 11:35:40,240 [WARN] ConditionMgr:1038 - genDependencies : Invalid condition id : UX DEVICE CLASS RTOS Condition cause : null
2025-09-23 11:35:40,267 [WARN] PackLoader:238 - Cannot read IP mode file for STMicroelectronics.X-CUBE-GNSS1.7.0.1
2025-09-23 11:35:40,284 [WARN] PackLoader:238 - Cannot read IP mode file for STMicroelectronics.X-CUBE-TOUCHGFX.4.25.0
2025-09-23 11:35:40,296 [ERROR] Engine:463 - C:\Users\Dell\.stm32cubemx\thirdparties\pdsc\quantropi.X-CUBE-qispace-sdk-base.2.1.0.pdsc: PDSC version is not supported
2025-09-23 11:35:40,322 [WARN] PackLoader:238 - Cannot read IP mode file for STMicroelectronics.X-CUBE-SUBG2.5.0.0
2025-09-23 11:35:40,398 [WARN] PackLoader:238 - Cannot read IP mode file for STMicroelectronics.X-CUBE-AZRTOS-H7RS.1.1.0
2025-09-23 11:35:40,421 [ERROR] Engine:463 - C:\Users\Dell\.stm32cubemx\thirdparties\pdsc\Cesanta.I-CUBE-Mongoose.7.13.0.pdsc: PDSC version is not supported
2025-09-23 11:35:40,469 [WARN] PackLoader:238 - Cannot read IP mode file for STMicroelectronics.X-CUBE-AZRTOS-G4.2.0.0
2025-09-23 11:35:40,493 [WARN] PackLoader:238 - Cannot read IP mode file for wolfSSL.I-CUBE-wolfSSH.1.4.20
2025-09-23 11:35:40,509 [WARN] PackLoader:238 - Cannot read IP mode file for STMicroelectronics.X-CUBE-NFC7.2.0.0
2025-09-23 11:35:40,524 [ERROR] Engine:463 - C:\Users\Dell\.stm32cubemx\thirdparties\pdsc\STMicroelectronics.X-CUBE-IPS.3.1.0.pdsc: PDSC version is not supported
2025-09-23 11:35:40,540 [ERROR] Engine:463 - C:\Users\Dell\.stm32cubemx\thirdparties\pdsc\STMicroelectronics.X-CUBE-ALS.1.0.2.pdsc: PDSC version is not supported
2025-09-23 11:35:40,562 [WARN] PackLoader:238 - Cannot read IP mode file for STMicroelectronics.X-CUBE-STSE01.1.0.0
2025-09-23 11:35:40,588 [ERROR] Engine:463 - C:\Users\Dell\.stm32cubemx\thirdparties\pdsc\STMicroelectronics.X-CUBE-TOF1.3.4.3.pdsc: PDSC version is not supported
2025-09-23 11:35:40,590 [INFO] ThirdParty:915 - Integrity check success = true
2025-09-23 11:35:40,590 [INFO] IntegrityCheckThread:94 - exiting critical section [integrity check]
2025-09-23 11:35:40,590 [INFO] IntegrityCheckThread:97 - End integrity checks thread
2025-09-23 11:35:40,689 [INFO] DetailPanel:309 - Set advertising image to C:/Users/Dell/STM32Cube/Repository/\en.2400x1350px.jpeg
2025-09-23 11:35:41,248 [INFO] DbBoardsPdsc:90 - Found 25 items
2025-09-23 11:35:41,264 [INFO] DbBoardsPdsc:90 - Found 9 items
2025-09-23 11:35:41,287 [INFO] DbBoardsPdsc:90 - Found 33 items
2025-09-23 11:35:41,306 [INFO] DbBoardsPdsc:90 - Found 1 items
2025-09-23 11:35:41,337 [INFO] DbBoardsPdsc:90 - Found 48 items
2025-09-23 11:35:41,365 [INFO] DbBoardsPdsc:90 - Found 43 items
2025-09-23 11:35:41,381 [INFO] DbBoardsPdsc:90 - Found 2 items
2025-09-23 11:35:41,397 [INFO] DbBoardsPdsc:90 - Found 5 items
2025-09-23 11:35:41,401 [WARN] DbBoardsPdsc:254 - Board STM32H7B3I-DK: unknown feature type=Audio, name=, username=Audio stereo codec with Headphone Amp (CS42L51-CNZ), n=1
2025-09-23 11:35:41,401 [WARN] DbBoardsPdsc:254 - Board STM32H735G-DK: unknown feature type=Audio, name=, username=Audio stereo codec with Headphone Amp (WM8994ECS/R), n=1
2025-09-23 11:35:41,401 [WARN] DbBoardsPdsc:254 - Board STM32H7B3I-EVAL: unknown feature type=Audio, name=, username=Multi-Channel Audio Codec (CS42L51-CNZ), n=1
2025-09-23 11:35:41,401 [WARN] DbBoardsPdsc:254 - Board STM32H7B3I-EVAL: unknown feature type=Meter, name=, username=Power-metering and Temperature-monitoring with sigma-delta modulators, n=1
2025-09-23 11:35:41,401 [WARN] DbBoardsPdsc:254 - Board STM32H7B3I-EVAL: unknown feature type=Motor, name=, username=Motor Control, n=1
2025-09-23 11:35:41,401 [WARN] DbBoardsPdsc:254 - Board STM32U575I-EV: unknown feature type=joystick, name=, username=4-direction joystick with selection button, n=1
2025-09-23 11:35:41,484 [INFO] DbBoardsJson:86 - JSON generation date=Tue Nov 16 23:17:54 ICT 2021 (1637079474)
2025-09-23 11:35:41,496 [INFO] DbBoards:117 - Found 167 boards (163 are supported by CubeMX)
2025-09-23 11:35:41,527 [INFO] DbBoardsDocs:143 - JSON generation date=Tue Nov 16 23:17:54 ICT 2021 (1637079474)
2025-09-23 11:35:41,532 [INFO] DbBoardsDocs:79 - Found 209 boards documents
2025-09-23 11:35:41,532 [WARN] DbBoards:127 - board B-L475E-IOT01A2 has no document id list !
2025-09-23 11:35:41,534 [WARN] DbBoards:127 - board NUCLEO-H743ZI has no document id list !
2025-09-23 11:35:41,534 [WARN] DbBoards:127 - board NUCLEO-WL55JC2 has no document id list !
2025-09-23 11:35:41,534 [WARN] DbBoards:127 - board P-NUCLEO-WB55-Nucleo has no document id list !
2025-09-23 11:35:41,534 [WARN] DbBoards:127 - board P-NUCLEO-WB55-USBDongle has no document id list !
2025-09-23 11:35:41,534 [WARN] DbBoards:127 - board STEVAL-BFA001V1B has no document id list !
2025-09-23 11:35:41,534 [WARN] DbBoards:127 - board STEVAL-BFA001V2B has no document id list !
2025-09-23 11:35:41,534 [WARN] DbBoards:127 - board STEVAL-IDP005V1 has no document id list !
2025-09-23 11:35:41,534 [WARN] DbBoards:127 - board STEVAL-IDP005V2 has no document id list !
2025-09-23 11:35:41,534 [WARN] DbBoards:127 - board STEVAL-MKSBOX1V1 has no document id list !
2025-09-23 11:35:41,534 [WARN] DbBoards:127 - board STEVAL-STWINKT1 has no document id list !
2025-09-23 11:35:41,537 [WARN] DbBoards:127 - board STEVAL-STWINKT1B has no document id list !
2025-09-23 11:35:41,537 [WARN] DbBoards:127 - board STM32439I-EVAL2 has no document id list !
2025-09-23 11:35:41,537 [WARN] DbBoards:127 - board STM32F401C-DISCO has no document id list !
2025-09-23 11:35:41,537 [WARN] DbBoards:127 - board STM32F769I-DISC1 has no document id list !
2025-09-23 11:35:41,537 [WARN] DbBoards:127 - board STM32G474E-EVAL1 has no document id list !
2025-09-23 11:35:41,539 [WARN] DbBoards:127 - board STM32H743I-EVAL2 has no document id list !
2025-09-23 11:35:41,539 [WARN] DbBoards:127 - board STM32H747I-DISC1 has no document id list !
2025-09-23 11:35:41,539 [WARN] DbBoards:127 - board STM32H753I-EVAL2 has no document id list !
2025-09-23 11:35:41,539 [WARN] DbBoards:127 - board STM32L-DISCOVERY has no document id list !
2025-09-23 11:35:41,688 [ERROR] DbBoards:189 - Image file not found for board B-U585I-IOT02A: C:\ST\STM32CubeIDE_1.7.0\STM32CubeIDE\plugins\com.st.stm32cube.common.mx_6.3.0.202107141111\\db\/plugins/mcufinder/images/boards/B-U585I-IOT02A_small.jpg
2025-09-23 11:35:41,813 [ERROR] DbBoards:189 - Image file not found for board NUCLEO-F413ZH: C:\ST\STM32CubeIDE_1.7.0\STM32CubeIDE\plugins\com.st.stm32cube.common.mx_6.3.0.202107141111\\db\/plugins/mcufinder/images/boards/nucleo-f413zh_small.jpg
2025-09-23 11:35:42,053 [ERROR] DbBoards:189 - Image file not found for board NUCLEO-L552ZE-Q: C:\ST\STM32CubeIDE_1.7.0\STM32CubeIDE\plugins\com.st.stm32cube.common.mx_6.3.0.202107141111\\db\/plugins/mcufinder/images/boards/nucleo_l552ze_q_small.jpg
2025-09-23 11:35:42,053 [ERROR] DbBoards:189 - Image file not found for board NUCLEO-U575ZI-Q: C:\ST\STM32CubeIDE_1.7.0\STM32CubeIDE\plugins\com.st.stm32cube.common.mx_6.3.0.202107141111\\db\/plugins/mcufinder/images/boards/nucleo-u575zi-q_small.jpg
2025-09-23 11:35:42,053 [ERROR] DbBoards:189 - Image file not found for board NUCLEO-WB15CC: C:\ST\STM32CubeIDE_1.7.0\STM32CubeIDE\plugins\com.st.stm32cube.common.mx_6.3.0.202107141111\\db\/plugins/mcufinder/images/boards/nucleo-wb15cc_small.jpg
2025-09-23 11:35:42,053 [ERROR] DbBoards:189 - Image file not found for board NUCLEO-WB55RG: C:\ST\STM32CubeIDE_1.7.0\STM32CubeIDE\plugins\com.st.stm32cube.common.mx_6.3.0.202107141111\\db\/plugins/mcufinder/images/boards/nucleo-wb55rg_small.jpg
2025-09-23 11:35:43,475 [INFO] ApiDb:251 - Load user favorites file C:\Users\Dell/.stm32cubeide/favorites.boards.txt: 0 item(s)
2025-09-23 11:35:43,475 [INFO] ApiDb:255 - User favorites Boards=[]
2025-09-23 11:35:43,475 [INFO] DbBoards:206 - Set 0 / 0 favorites Boards
2025-09-23 11:36:42,437 [INFO] DbMcusDocs:143 - JSON generation date=Tue Nov 16 23:17:54 ICT 2021 (1637079474)
2025-09-23 11:36:42,729 [INFO] DbMcusDocs:79 - Found 682 MCUs documents
2025-09-23 11:37:23,923 [INFO] MainUpdater:2671 - connection check result : 10
2025-09-23 11:37:23,923 [INFO] MainUpdater:2671 - connection check result : 10
2025-09-23 11:37:24,051 [INFO] MicroXplorer:448 - Change Database Path : 
2025-09-23 11:37:24,051 [INFO] MicroXplorer:478 - Change Database Version : DB.6.0.30
2025-09-23 11:37:24,051 [WARN] ThirdParty:813 - waiting for thirdparty lock release [close project]
2025-09-23 11:37:24,051 [INFO] ThirdParty:815 - entering critical section [close project]
2025-09-23 11:37:24,051 [INFO] ThirdParty:825 - exiting critical section [close project]
2025-09-23 11:37:24,067 [INFO] PinOutPanel:1463 - setPackage(No Configuration,No Configuration)
2025-09-23 11:37:24,067 [INFO] UtilMem:74 - Begin LoadConfig() Used Memory: 476484336 Bytes (678428672)
2025-09-23 11:37:24,067 [INFO] MicroXplorer:448 - Change Database Path : 
2025-09-23 11:37:24,067 [INFO] MicroXplorer:478 - Change Database Version : DB.6.0.30
2025-09-23 11:37:24,067 [INFO] OpenFileManager:313 - Change cursor
2025-09-23 11:37:25,417 [INFO] Context:592 - Trying to add GPIOservice into a context  which must be forbidden
2025-09-23 11:37:25,719 [INFO] ImportTextPane:167 - (OptionalMessage_ERROR) Unable to find key (Mcu.ThirdPartyNb) in loaded IOC file
2025-09-23 11:37:25,719 [INFO] ImportTextPane:167 - (OptionalMessage_ERROR) Unable to find key (Mcu.PinsNb) in loaded IOC file
2025-09-23 11:37:25,719 [INFO] ImportTextPane:167 - (OptionalMessage_ERROR) Unable to find key (Mcu.IPNb) in loaded IOC file
2025-09-23 11:37:25,767 [WARN] ApiManager:304 - Cannot register API 'Board Extension:PM33A1' from pack STMicroelectronics.X-CUBE-PM33A1.1.0.0: no header file found
2025-09-23 11:37:25,775 [WARN] ApiManager:304 - Cannot register API 'Board Extension:NFC09A1' from pack STMicroelectronics.X-CUBE-NFC9.1.0.0: no header file found
2025-09-23 11:37:25,785 [WARN] ApiManager:304 - Cannot register API 'Wireless:BlueNRG-MS' from pack STMicroelectronics.X-CUBE-BLE1.7.1.0: no header file found
2025-09-23 11:37:25,789 [WARN] ApiManager:304 - Cannot register API 'Board Extension:EEPRMA2' from pack STMicroelectronics.X-CUBE-EEPRMA1.5.2.0: no header file found
2025-09-23 11:37:25,789 [WARN] ApiManager:304 - Cannot register API 'Board Extension:PGEEZ1' from pack STMicroelectronics.X-CUBE-EEPRMA1.5.2.0: no header file found
2025-09-23 11:37:25,789 [WARN] ApiManager:304 - Cannot register API 'Board Extension:EEICA1' from pack STMicroelectronics.X-CUBE-EEPRMA1.5.2.0: no header file found
2025-09-23 11:37:25,789 [WARN] ApiManager:304 - Cannot register API 'Board Part:M24' from pack STMicroelectronics.X-CUBE-EEPRMA1.5.2.0: no header file found
2025-09-23 11:37:25,789 [WARN] ApiManager:304 - Cannot register API 'Board Part:M95' from pack STMicroelectronics.X-CUBE-EEPRMA1.5.2.0: no header file found
2025-09-23 11:37:25,789 [WARN] ApiManager:304 - Cannot register API 'Board Part:M95P32' from pack STMicroelectronics.X-CUBE-EEPRMA1.5.2.0: no header file found
2025-09-23 11:37:25,789 [WARN] ApiManager:304 - Cannot register API 'Board Part:M24256E-F' from pack STMicroelectronics.X-CUBE-EEPRMA1.5.2.0: no header file found
2025-09-23 11:37:25,789 [WARN] ApiManager:304 - Cannot register API 'Board Part:M24M01E-F' from pack STMicroelectronics.X-CUBE-EEPRMA1.5.2.0: no header file found
2025-09-23 11:37:25,789 [WARN] ApiManager:304 - Cannot register API 'PGEEZ1:SPI' from pack STMicroelectronics.X-CUBE-EEPRMA1.5.2.0: no header file found
2025-09-23 11:37:25,789 [WARN] ApiManager:304 - Cannot register API 'PGEEZ1:QDSPI' from pack STMicroelectronics.X-CUBE-EEPRMA1.5.2.0: no header file found
2025-09-23 11:37:25,793 [WARN] ApiManager:304 - Cannot register API 'Board Extension:GNSS1A1' from pack STMicroelectronics.X-CUBE-GNSS1.7.0.1: no header file found
2025-09-23 11:37:25,795 [WARN] ApiManager:304 - Cannot register API 'Board Support:Custom' from pack STMicroelectronics.X-CUBE-GNSS1.7.0.1: no header file found
2025-09-23 11:37:25,795 [WARN] ApiManager:304 - Cannot register API 'Data Exchange:lib_gnss' from pack STMicroelectronics.X-CUBE-GNSS1.7.0.1: no header file found
2025-09-23 11:37:25,797 [WARN] ApiManager:304 - Cannot register API 'Board Extension:NFC12A1' from pack STMicroelectronics.X-CUBE-NFC12.1.0.0: no header file found
2025-09-23 11:37:25,809 [WARN] ApiManager:304 - Cannot register API 'Board Extension:NFC06A1' from pack STMicroelectronics.X-CUBE-NFC6.3.1.0: no header file found
2025-09-23 11:37:25,809 [WARN] ApiManager:304 - Cannot register API 'Board Extension:NFC08A1' from pack STMicroelectronics.X-CUBE-NFC6.3.1.0: no header file found
2025-09-23 11:37:25,809 [INFO] RtosManager:484 - Registered RTOS mode: class=CMSIS, group=RTOS, mode=CMSIS_V1, owner=FREERTOS
2025-09-23 11:37:25,809 [INFO] RtosManager:484 - Registered RTOS mode: class=CMSIS, group=RTOS2, mode=CMSIS_V2, owner=FREERTOS
2025-09-23 11:37:25,811 [INFO] RtosManager:484 - Registered RTOS mode: class=RTOS, group=Core, mode=CMSIS_V1, owner=FREERTOS
2025-09-23 11:37:25,811 [INFO] RtosManager:484 - Registered RTOS mode: class=RTOS, group=Core, mode=CMSIS_V2, owner=FREERTOS
2025-09-23 11:37:25,811 [WARN] ModelIntegratedComponent:181 - Missing modes for component STMicroelectronics:FreeRTOS:0.0.1:STMicroelectronics:RTOS:FreeRTOS:Core:::10.2.0:
2025-09-23 11:37:25,813 [WARN] ApiManager:304 - Cannot register API 'Board Extension:STSAFEA1' from pack STMicroelectronics.X-CUBE-SAFEA1.1.2.2: no header file found
2025-09-23 11:37:25,813 [WARN] ApiManager:304 - Cannot register API 'Board Part:STSAFEA110' from pack STMicroelectronics.X-CUBE-SAFEA1.1.2.2: no header file found
2025-09-23 11:37:25,813 [WARN] ApiManager:304 - Cannot register API 'Security:ST_Cryptolib' from pack STMicroelectronics.X-CUBE-SAFEA1.1.2.2: no header file found
2025-09-23 11:37:25,813 [WARN] ApiManager:304 - Cannot register API 'Security:MbedTLS' from pack STMicroelectronics.X-CUBE-SAFEA1.1.2.2: no header file found
2025-09-23 11:37:25,814 [WARN] ApiManager:304 - Cannot register API 'Board Extension:NFC04A1' from pack STMicroelectronics.X-CUBE-NFC4.3.0.0: no header file found
2025-09-23 11:37:25,820 [WARN] ApiManager:304 - Cannot register API 'Board Extension:S2868A1' from pack STMicroelectronics.X-CUBE-SUBG2.5.0.0: no header file found
2025-09-23 11:37:25,822 [WARN] ApiManager:304 - Cannot register API 'Board Extension:S2868A2' from pack STMicroelectronics.X-CUBE-SUBG2.5.0.0: no header file found
2025-09-23 11:37:25,822 [WARN] ApiManager:304 - Cannot register API 'Board Extension:S2915A1' from pack STMicroelectronics.X-CUBE-SUBG2.5.0.0: no header file found
2025-09-23 11:37:25,822 [WARN] ApiManager:304 - Cannot register API 'Wireless:STM32WB05N' from pack STMicroelectronics.X-CUBE-WB05N.2.0.0: no header file found
2025-09-23 11:37:25,834 [WARN] ApiManager:304 - Cannot register API 'Board Extension:NFC07A1' from pack STMicroelectronics.X-CUBE-NFC7.2.0.0: no header file found
2025-09-23 11:37:25,836 [WARN] ApiManager:304 - Cannot register API 'Board Extension:NFC10A1' from pack STMicroelectronics.X-CUBE-NFC10.1.0.0: no header file found
2025-09-23 11:37:25,838 [WARN] ModelIntegratedComponent:60 - No mode defined for component null
2025-09-23 11:37:25,838 [WARN] ModelIntegratedComponent:60 - No mode defined for component null
2025-09-23 11:37:25,838 [WARN] ModelIntegratedComponent:60 - No mode defined for component null
2025-09-23 11:37:25,840 [WARN] ModelIntegratedComponent:60 - No mode defined for component null
2025-09-23 11:37:25,840 [WARN] ModelIntegratedComponent:60 - No mode defined for component null
2025-09-23 11:37:25,840 [WARN] ModelIntegratedComponent:60 - No mode defined for component null
2025-09-23 11:37:25,840 [WARN] ModelIntegratedComponent:60 - No mode defined for component null
2025-09-23 11:37:25,840 [WARN] ModelIntegratedComponent:60 - No mode defined for component null
2025-09-23 11:37:25,840 [WARN] ModelIntegratedComponent:60 - No mode defined for component null
2025-09-23 11:37:25,840 [WARN] ModelIntegratedComponent:60 - No mode defined for component null
2025-09-23 11:37:25,840 [WARN] ModelIntegratedComponent:60 - No mode defined for component null
2025-09-23 11:37:25,840 [WARN] ModelIntegratedComponent:60 - No mode defined for component null
2025-09-23 11:37:25,840 [WARN] ModelIntegratedComponent:60 - No mode defined for component null
2025-09-23 11:37:25,840 [WARN] ModelIntegratedComponent:60 - No mode defined for component null
2025-09-23 11:37:25,840 [WARN] ModelIntegratedComponent:60 - No mode defined for component null
2025-09-23 11:37:25,840 [WARN] ModelIntegratedComponent:60 - No mode defined for component null
2025-09-23 11:37:25,840 [WARN] ModelIntegratedComponent:60 - No mode defined for component null
2025-09-23 11:37:25,840 [WARN] ModelIntegratedComponent:60 - No mode defined for component null
2025-09-23 11:37:25,840 [WARN] ModelIntegratedComponent:60 - No mode defined for component null
2025-09-23 11:37:25,840 [WARN] ModelIntegratedComponent:60 - No mode defined for component null
2025-09-23 11:37:25,842 [WARN] ModelIntegratedComponent:60 - No mode defined for component null
2025-09-23 11:37:25,842 [WARN] ModelIntegratedComponent:60 - No mode defined for component null
2025-09-23 11:37:25,842 [WARN] ModelIntegratedComponent:60 - No mode defined for component null
2025-09-23 11:37:25,842 [WARN] ModelIntegratedComponent:60 - No mode defined for component null
2025-09-23 11:37:25,842 [WARN] ModelIntegratedComponent:60 - No mode defined for component null
2025-09-23 11:37:25,842 [WARN] ModelIntegratedComponent:60 - No mode defined for component null
2025-09-23 11:37:25,842 [WARN] ModelIntegratedComponent:60 - No mode defined for component null
2025-09-23 11:37:25,842 [WARN] ModelIntegratedComponent:60 - No mode defined for component null
2025-09-23 11:37:25,842 [WARN] ModelIntegratedComponent:60 - No mode defined for component null
2025-09-23 11:37:25,842 [WARN] ModelIntegratedComponent:60 - No mode defined for component null
2025-09-23 11:37:25,842 [WARN] ModelIntegratedComponent:60 - No mode defined for component null
2025-09-23 11:37:25,846 [WARN] ApiManager:304 - Cannot register API 'Board Extension:SAFEA1' from pack STMicroelectronics.X-CUBE-STSE01.1.0.0: no header file found
2025-09-23 11:37:25,846 [WARN] ApiManager:304 - Cannot register API 'Board Extension:ESE01A1' from pack STMicroelectronics.X-CUBE-STSE01.1.0.0: no header file found
2025-09-23 11:37:25,846 [WARN] ApiManager:304 - Cannot register API 'Board Part:STSAFEA110' from pack STMicroelectronics.X-CUBE-STSE01.1.0.0: no header file found
2025-09-23 11:37:25,846 [WARN] ApiManager:304 - Cannot register API 'Board Part:STSAFEA120' from pack STMicroelectronics.X-CUBE-STSE01.1.0.0: no header file found
2025-09-23 11:37:25,846 [WARN] ApiManager:304 - Cannot register API 'Security:STM32_Cryptographic' from pack STMicroelectronics.X-CUBE-STSE01.1.0.0: no header file found
2025-09-23 11:37:25,846 [WARN] ApiManager:304 - Cannot register API 'Security:STSELib' from pack STMicroelectronics.X-CUBE-STSE01.1.0.0: no header file found
2025-09-23 11:37:26,078 [WARN] ApiManager:304 - Cannot register API 'Board Extension:IKS01A3' from pack STMicroelectronics.X-CUBE-MEMS1.11.3.0: no header file found
2025-09-23 11:37:26,078 [WARN] ApiManager:304 - Cannot register API 'Board Extension:IKS02A1' from pack STMicroelectronics.X-CUBE-MEMS1.11.3.0: no header file found
2025-09-23 11:37:26,078 [WARN] ApiManager:304 - Cannot register API 'Board Extension:IKS4A1' from pack STMicroelectronics.X-CUBE-MEMS1.11.3.0: no header file found
2025-09-23 11:37:26,094 [WARN] ApiManager:304 - Cannot register API 'Board Extension:S2868A1' from pack STMicroelectronics.X-CUBE-SFXS2LP1.4.0.0: no header file found
2025-09-23 11:37:26,094 [WARN] ApiManager:304 - Cannot register API 'Board Extension:S2868A2' from pack STMicroelectronics.X-CUBE-SFXS2LP1.4.0.0: no header file found
2025-09-23 11:37:26,094 [WARN] ApiManager:304 - Cannot register API 'Board Extension:S2915A1' from pack STMicroelectronics.X-CUBE-SFXS2LP1.4.0.0: no header file found
2025-09-23 11:37:26,094 [WARN] ApiManager:304 - Cannot register API 'Wireless:BlueNRG-2' from pack STMicroelectronics.X-CUBE-BLE2.3.3.0: no header file found
2025-09-23 11:37:28,390 [INFO] UtilMem:74 - End LoadConfig() Used Memory: 515396384 Bytes (678428672)
2025-09-23 11:37:28,402 [WARN] ThirdParty:779 - waiting for thirdparty lock release [change project]
2025-09-23 11:37:28,402 [INFO] ThirdParty:781 - entering critical section [change project]
2025-09-23 11:37:28,402 [INFO] ThirdParty:967 - CMSIS Pack Vendor :STMicroelectronics X-CUBE-PM33A1 1.0.0
2025-09-23 11:37:28,402 [INFO] ThirdParty:967 - CMSIS Pack Vendor :STMicroelectronics X-CUBE-NFC9 1.0.0
2025-09-23 11:37:28,402 [INFO] ThirdParty:967 - CMSIS Pack Vendor :STMicroelectronics USB_HOST 2.0.0
2025-09-23 11:37:28,402 [INFO] ThirdParty:967 - CMSIS Pack Vendor :STMicroelectronics X-CUBE-AZRTOS-F4 1.1.0
2025-09-23 11:37:28,402 [INFO] ThirdParty:967 - CMSIS Pack Vendor :STMicroelectronics FP-ATR-ASTRA1 2.0.2
2025-09-23 11:37:28,402 [INFO] ThirdParty:967 - CMSIS Pack Vendor :wolfSSL I-CUBE-wolfSSL 5.8.2
2025-09-23 11:37:28,402 [INFO] ThirdParty:967 - CMSIS Pack Vendor :STMicroelectronics X-CUBE-BLE1 7.1.0
2025-09-23 11:37:28,402 [INFO] ThirdParty:967 - CMSIS Pack Vendor :wolfSSL I-CUBE-wolfMQTT 1.19.2
2025-09-23 11:37:28,402 [INFO] ThirdParty:967 - CMSIS Pack Vendor :STMicroelectronics USB_DEVICE 3.0.0
2025-09-23 11:37:28,402 [INFO] ThirdParty:967 - CMSIS Pack Vendor :STMicroelectronics X-CUBE-ISPU 2.1.0
2025-09-23 11:37:28,402 [INFO] ThirdParty:967 - CMSIS Pack Vendor :STMicroelectronics X-CUBE-EEPRMA1 5.2.0
2025-09-23 11:37:28,402 [INFO] ThirdParty:967 - CMSIS Pack Vendor :STMicroelectronics X-CUBE-AZRTOS-WB 2.0.0
2025-09-23 11:37:28,402 [INFO] ThirdParty:967 - CMSIS Pack Vendor :STMicroelectronics X-CUBE-GNSS1 7.0.1
2025-09-23 11:37:28,402 [INFO] ThirdParty:967 - CMSIS Pack Vendor :STMicroelectronics X-CUBE-NFC12 1.0.0
2025-09-23 11:37:28,402 [INFO] ThirdParty:967 - CMSIS Pack Vendor :STMicroelectronics X-CUBE-AZRTOS-F7 1.1.0
2025-09-23 11:37:28,402 [INFO] ThirdParty:967 - CMSIS Pack Vendor :STMicroelectronics X-CUBE-AZRTOS-L5 2.0.0
2025-09-23 11:37:28,402 [INFO] ThirdParty:967 - CMSIS Pack Vendor :STMicroelectronics X-CUBE-TOUCHGFX 4.25.0
2025-09-23 11:37:28,402 [INFO] ThirdParty:967 - CMSIS Pack Vendor :STMicroelectronics USB_DEVICE 2.0.0
2025-09-23 11:37:28,402 [INFO] ThirdParty:967 - CMSIS Pack Vendor :STMicroelectronics X-CUBE-NFC6 3.1.0
2025-09-23 11:37:28,402 [INFO] ThirdParty:967 - CMSIS Pack Vendor :STMicroelectronics FreeRTOS 0.0.1
2025-09-23 11:37:28,402 [INFO] ThirdParty:967 - CMSIS Pack Vendor :STMicroelectronics X-CUBE-AZRTOS-G0 1.1.0
2025-09-23 11:37:28,402 [INFO] ThirdParty:967 - CMSIS Pack Vendor :STMicroelectronics X-CUBE-SAFEA1 1.2.2
2025-09-23 11:37:28,402 [INFO] ThirdParty:967 - CMSIS Pack Vendor :STMicroelectronics X-CUBE-NFC4 3.0.0
2025-09-23 11:37:28,402 [INFO] ThirdParty:967 - CMSIS Pack Vendor :STMicroelectronics X-CUBE-SUBG2 5.0.0
2025-09-23 11:37:28,402 [INFO] ThirdParty:967 - CMSIS Pack Vendor :STMicroelectronics X-CUBE-AZRTOS-H7RS 1.1.0
2025-09-23 11:37:28,402 [INFO] ThirdParty:967 - CMSIS Pack Vendor :STMicroelectronics lwIP 2.0.3
2025-09-23 11:37:28,402 [INFO] ThirdParty:967 - CMSIS Pack Vendor :STMicroelectronics USB_HOST 1.0.0
2025-09-23 11:37:28,402 [INFO] ThirdParty:967 - CMSIS Pack Vendor :STMicroelectronics X-CUBE-AZRTOS-G4 2.0.0
2025-09-23 11:37:28,402 [INFO] ThirdParty:967 - CMSIS Pack Vendor :STMicroelectronics X-CUBE-WB05N 2.0.0
2025-09-23 11:37:28,402 [INFO] ThirdParty:967 - CMSIS Pack Vendor :STMicroelectronics PDM2PCM 3.1.0
2025-09-23 11:37:28,402 [INFO] ThirdParty:967 - CMSIS Pack Vendor :STMicroelectronics PDM2PCM 3.3.0
2025-09-23 11:37:28,402 [INFO] ThirdParty:967 - CMSIS Pack Vendor :wolfSSL I-CUBE-wolfTPM 3.8.0
2025-09-23 11:37:28,402 [INFO] ThirdParty:967 - CMSIS Pack Vendor :STMicroelectronics X-CUBE-AZRTOS-H7 3.4.0
2025-09-23 11:37:28,402 [INFO] ThirdParty:967 - CMSIS Pack Vendor :wolfSSL I-CUBE-wolfSSH 1.4.20
2025-09-23 11:37:28,402 [INFO] ThirdParty:967 - CMSIS Pack Vendor :STMicroelectronics X-CUBE-NFC7 2.0.0
2025-09-23 11:37:28,402 [INFO] ThirdParty:967 - CMSIS Pack Vendor :STMicroelectronics FP-ATR-SIGFOX1 3.2.0
2025-09-23 11:37:28,402 [INFO] ThirdParty:967 - CMSIS Pack Vendor :STMicroelectronics X-CUBE-NFC10 1.0.0
2025-09-23 11:37:28,402 [INFO] ThirdParty:967 - CMSIS Pack Vendor :STMicroelectronics HAL Drivers 0.0.0
2025-09-23 11:37:28,402 [INFO] ThirdParty:967 - CMSIS Pack Vendor :STMicroelectronics MBEDTLS 2.16.2
2025-09-23 11:37:28,418 [INFO] ThirdParty:967 - CMSIS Pack Vendor :STMicroelectronics MBEDTLS 2.14.1
2025-09-23 11:37:28,418 [INFO] ThirdParty:967 - CMSIS Pack Vendor :STMicroelectronics X-CUBE-STSE01 1.0.0
2025-09-23 11:37:28,418 [INFO] ThirdParty:967 - CMSIS Pack Vendor :STMicroelectronics X-CUBE-AI 10.2.0
2025-09-23 11:37:28,418 [INFO] ThirdParty:967 - CMSIS Pack Vendor :STMicroelectronics X-CUBE-AZRTOS-WL 2.0.0
2025-09-23 11:37:28,418 [INFO] ThirdParty:967 - CMSIS Pack Vendor :SEGGER I-CUBE-embOS 1.3.1
2025-09-23 11:37:28,418 [INFO] ThirdParty:967 - CMSIS Pack Vendor :STMicroelectronics X-CUBE-ALGOBUILD 1.4.0
2025-09-23 11:37:28,418 [INFO] ThirdParty:967 - CMSIS Pack Vendor :STMicroelectronics X-CUBE-MEMS1 11.3.0
2025-09-23 11:37:28,418 [INFO] ThirdParty:967 - CMSIS Pack Vendor :STMicroelectronics USB_DEVICE 1.0.0
2025-09-23 11:37:28,418 [INFO] ThirdParty:967 - CMSIS Pack Vendor :STMicroelectronics X-CUBE-AZRTOS-L4 2.0.0
2025-09-23 11:37:28,418 [INFO] ThirdParty:967 - CMSIS Pack Vendor :STMicroelectronics ThreadX 0.0.2
2025-09-23 11:37:28,418 [INFO] ThirdParty:967 - CMSIS Pack Vendor :STMicroelectronics lwIP 2.1.2
2025-09-23 11:37:28,418 [INFO] ThirdParty:967 - CMSIS Pack Vendor :STMicroelectronics X-CUBE-SFXS2LP1 4.0.0
2025-09-23 11:37:28,418 [INFO] ThirdParty:967 - CMSIS Pack Vendor :STMicroelectronics X-CUBE-BLE2 3.3.0
2025-09-23 11:37:28,418 [INFO] ThirdParty:967 - CMSIS Pack Vendor :STMicroelectronics PDM2PCM 3.2.0
2025-09-23 11:37:28,418 [INFO] ThirdParty:787 - exiting critical section [change project]
2025-09-23 11:37:28,704 [INFO] PinOutPanel:1463 - setPackage(No Configuration,No Configuration)
2025-09-23 11:37:28,704 [INFO] PinOutPanel:1463 - setPackage(STM32F103C6Ux,UFQFPN48)
2025-09-23 11:37:29,206 [INFO] UtilMem:74 - Before build in PCC Used Memory: 484204056 Bytes (678428672)
2025-09-23 11:37:30,036 [INFO] UtilMem:74 - After build in PCC Used Memory: 476338920 Bytes (678428672)
2025-09-23 11:37:30,078 [INFO] IPUIPlugin:74 - create IPUIPlugin
2025-09-23 11:37:30,094 [INFO] IPUIPlugin:74 - create IPUIPlugin
2025-09-23 11:37:30,094 [INFO] IPUIPlugin:74 - create IPUIPlugin
2025-09-23 11:37:30,094 [INFO] IPUIPlugin:74 - create IPUIPlugin
2025-09-23 11:37:30,094 [INFO] IPUIPlugin:74 - create IPUIPlugin
2025-09-23 11:37:30,094 [INFO] IPUIPlugin:74 - create IPUIPlugin
2025-09-23 11:37:30,094 [INFO] IPUIPlugin:74 - create IPUIPlugin
2025-09-23 11:37:30,094 [INFO] IPUIPlugin:74 - create IPUIPlugin
2025-09-23 11:37:30,094 [INFO] IPUIPlugin:74 - create IPUIPlugin
2025-09-23 11:37:30,094 [INFO] IPUIPlugin:74 - create IPUIPlugin
2025-09-23 11:37:30,094 [INFO] IPUIPlugin:74 - create IPUIPlugin
2025-09-23 11:37:30,094 [INFO] IPUIPlugin:74 - create IPUIPlugin
2025-09-23 11:37:30,094 [INFO] IPUIPlugin:74 - create IPUIPlugin
2025-09-23 11:37:30,094 [INFO] IPUIPlugin:74 - create IPUIPlugin
2025-09-23 11:37:30,094 [INFO] IPUIPlugin:74 - create IPUIPlugin
2025-09-23 11:37:30,094 [INFO] IPUIPlugin:74 - create IPUIPlugin
2025-09-23 11:37:30,094 [INFO] IPUIPlugin:74 - create IPUIPlugin
2025-09-23 11:37:30,094 [INFO] IPUIPlugin:74 - create IPUIPlugin
2025-09-23 11:37:30,094 [INFO] IPUIPlugin:74 - create IPUIPlugin
2025-09-23 11:37:30,094 [INFO] IPUIPlugin:74 - create IPUIPlugin
2025-09-23 11:37:30,094 [INFO] IPUIPlugin:74 - create IPUIPlugin
2025-09-23 11:37:30,094 [INFO] IPUIPlugin:74 - create IPUIPlugin
2025-09-23 11:37:30,094 [INFO] IPUIPlugin:74 - create IPUIPlugin
2025-09-23 11:37:30,338 [INFO] OpenFileManager:333 - Restore cursor
2025-09-23 11:37:30,801 [INFO] UtilMem:74 - End SaveConfig() Used Memory: 572279536 Bytes (678428672)
2025-09-23 11:37:30,897 [INFO] UtilMem:74 - End SaveConfig() Used Memory: 584868752 Bytes (678428672)
2025-09-23 11:37:31,605 [INFO] BlockDiagram:2740 - set Specific Code input for plugin: NVIC
2025-09-23 11:37:31,605 [INFO] BlockDiagram:2740 - set Specific Code input for plugin: SYS
2025-09-23 11:37:31,605 [INFO] BlockDiagram:2740 - set Specific Code input for plugin: RCC
2025-09-23 11:37:31,605 [INFO] CodeGenerator:663 - code generatio: config db path: C:\ST\STM32CubeIDE_1.7.0\STM32CubeIDE\plugins\com.st.stm32cube.common.mx_6.3.0.202107141111\\db\
2025-09-23 11:37:32,298 [INFO] CodeEngine:239 - oldGeneratedFile, C:\Users\Dell\Desktop\MPU-MCU\LAB 1\EX_2\LAB1_EX2\MXTmpFiles\license.tmp_save
2025-09-23 11:37:33,006 [INFO] CodeEngine:257 - Generated code: C:\Users\Dell\Desktop\MPU-MCU\LAB 1\EX_2\LAB1_EX2\MXTmpFiles\license.tmp
2025-09-23 11:37:33,269 [INFO] CodeEngine:239 - oldGeneratedFile, C:\Users\Dell\Desktop\MPU-MCU\LAB 1\EX_2\LAB1_EX2\Core\Src\stm32f1xx_it.c_save
2025-09-23 11:37:33,686 [INFO] CodeEngine:257 - Generated code: C:\Users\Dell\Desktop\MPU-MCU\LAB 1\EX_2\LAB1_EX2\Core\Src\stm32f1xx_it.c
2025-09-23 11:37:33,718 [INFO] CodeEngine:239 - oldGeneratedFile, C:\Users\Dell\Desktop\MPU-MCU\LAB 1\EX_2\LAB1_EX2\Core\Inc\stm32f1xx_it.h_save
2025-09-23 11:37:33,929 [INFO] CodeEngine:257 - Generated code: C:\Users\Dell\Desktop\MPU-MCU\LAB 1\EX_2\LAB1_EX2\Core\Inc\stm32f1xx_it.h
2025-09-23 11:37:33,961 [INFO] CodeEngine:239 - oldGeneratedFile, C:\Users\Dell\Desktop\MPU-MCU\LAB 1\EX_2\LAB1_EX2\Core\Src\stm32f1xx_hal_msp.c_save
2025-09-23 11:37:34,113 [INFO] CodeEngine:257 - Generated code: C:\Users\Dell\Desktop\MPU-MCU\LAB 1\EX_2\LAB1_EX2\Core\Src\stm32f1xx_hal_msp.c
2025-09-23 11:37:34,128 [INFO] CodeEngine:239 - oldGeneratedFile, C:\Users\Dell\Desktop\MPU-MCU\LAB 1\EX_2\LAB1_EX2\MXTmpFiles\system.tmp_save
2025-09-23 11:37:34,217 [INFO] CodeEngine:257 - Generated code: C:\Users\Dell\Desktop\MPU-MCU\LAB 1\EX_2\LAB1_EX2\MXTmpFiles\system.tmp
2025-09-23 11:37:34,248 [INFO] CodeEngine:239 - oldGeneratedFile, C:\Users\Dell\Desktop\MPU-MCU\LAB 1\EX_2\LAB1_EX2\Core\Inc\stm32f1xx_hal_conf.h_save
2025-09-23 11:37:34,456 [INFO] CodeEngine:257 - Generated code: C:\Users\Dell\Desktop\MPU-MCU\LAB 1\EX_2\LAB1_EX2\Core\Inc\stm32f1xx_hal_conf.h
2025-09-23 11:37:34,534 [INFO] CodeEngine:239 - oldGeneratedFile, C:\Users\Dell\Desktop\MPU-MCU\LAB 1\EX_2\LAB1_EX2\Core\Inc\main.h_save
2025-09-23 11:37:34,661 [INFO] CodeEngine:257 - Generated code: C:\Users\Dell\Desktop\MPU-MCU\LAB 1\EX_2\LAB1_EX2\Core\Inc\main.h
2025-09-23 11:37:34,677 [INFO] CodeEngine:239 - oldGeneratedFile, C:\Users\Dell\Desktop\MPU-MCU\LAB 1\EX_2\LAB1_EX2\Core\Src\main.c_save
2025-09-23 11:37:34,883 [INFO] CodeEngine:257 - Generated code: C:\Users\Dell\Desktop\MPU-MCU\LAB 1\EX_2\LAB1_EX2\Core\Src\main.c
2025-09-23 11:37:36,837 [INFO] ProjectBuilder:2578 - Time for Copy HAL[1] : 159mS.
2025-09-23 11:37:36,852 [INFO] ProjectBuilder:3622 - Project Generator version: 3.14.1
2025-09-23 11:37:37,983 [INFO] ConfigFileManager:1271 - The Die is : DIE412
2025-09-23 11:37:38,046 [INFO] ApiDbMcu:468 - Load IP Config File for FATFS
2025-09-23 11:37:38,125 [INFO] ApiDbMcu:468 - Load IP Config File for FREERTOS
2025-09-23 11:37:38,229 [INFO] ApiDbMcu:468 - Load IP Config File for USB_DEVICE
2025-09-23 11:37:49,251 [INFO] ProjectBuilder:3789 - Time for Generating toolchain IDE Files: 12399mS.
2025-09-23 11:37:49,267 [INFO] ProjectBuilder:2457 - Time for Copy CMSIS : 16mS.
2025-09-23 11:37:49,267 [INFO] ProjectBuilder:2457 - Time for Copy CMSIS : 0mS.
2025-09-23 11:37:51,032 [INFO] McuFinderGlobals:52 - Set McuFinderConnectedMode to true
2025-09-23 11:37:51,036 [INFO] ApiDb:276 - Save user favorites file C:\Users\Dell/.stm32cubeide/favorites.mcus.txt: 0 item(s)
2025-09-23 11:37:51,036 [INFO] ApiDb:280 - User favorites MCUs=[]
2025-09-23 11:40:40,623 [INFO] UtilMem:74 - End SaveConfig() Used Memory: 879490448 Bytes (969932800)
2025-09-23 11:40:43,000 [INFO] UtilMem:74 - End SaveConfig() Used Memory: 834389904 Bytes (969932800)
2025-09-23 11:41:02,518 [INFO] UtilMem:74 - End SaveConfig() Used Memory: 1007573168 Bytes (1073741824)
2025-09-23 11:41:02,834 [INFO] BlockDiagram:2740 - set Specific Code input for plugin: NVIC
2025-09-23 11:41:02,834 [INFO] BlockDiagram:2740 - set Specific Code input for plugin: SYS
2025-09-23 11:41:02,834 [INFO] BlockDiagram:2740 - set Specific Code input for plugin: GPIO
2025-09-23 11:41:02,834 [INFO] BlockDiagram:2740 - set Specific Code input for plugin: RCC
2025-09-23 11:41:02,849 [INFO] CodeGenerator:663 - code generatio: config db path: C:\ST\STM32CubeIDE_1.7.0\STM32CubeIDE\plugins\com.st.stm32cube.common.mx_6.3.0.202107141111\\db\
2025-09-23 11:41:03,433 [INFO] CodeEngine:239 - oldGeneratedFile, C:\Users\Dell\Desktop\MPU-MCU\LAB 1\EX_2\LAB1_EX2\MXTmpFiles\license.tmp_save
2025-09-23 11:41:03,508 [INFO] CodeEngine:257 - Generated code: C:\Users\Dell\Desktop\MPU-MCU\LAB 1\EX_2\LAB1_EX2\MXTmpFiles\license.tmp
2025-09-23 11:41:03,942 [INFO] CodeEngine:239 - oldGeneratedFile, C:\Users\Dell\Desktop\MPU-MCU\LAB 1\EX_2\LAB1_EX2\MXTmpFiles\gpio.tmp_save
2025-09-23 11:41:04,030 [INFO] CodeEngine:257 - Generated code: C:\Users\Dell\Desktop\MPU-MCU\LAB 1\EX_2\LAB1_EX2\MXTmpFiles\gpio.tmp
2025-09-23 11:41:04,075 [INFO] CodeEngine:239 - oldGeneratedFile, C:\Users\Dell\Desktop\MPU-MCU\LAB 1\EX_2\LAB1_EX2\Core\Src\stm32f1xx_it.c_save
2025-09-23 11:41:04,160 [INFO] CodeEngine:257 - Generated code: C:\Users\Dell\Desktop\MPU-MCU\LAB 1\EX_2\LAB1_EX2\Core\Src\stm32f1xx_it.c
2025-09-23 11:41:04,170 [INFO] CodeEngine:239 - oldGeneratedFile, C:\Users\Dell\Desktop\MPU-MCU\LAB 1\EX_2\LAB1_EX2\Core\Inc\stm32f1xx_it.h_save
2025-09-23 11:41:04,235 [INFO] CodeEngine:257 - Generated code: C:\Users\Dell\Desktop\MPU-MCU\LAB 1\EX_2\LAB1_EX2\Core\Inc\stm32f1xx_it.h
2025-09-23 11:41:04,262 [INFO] CodeEngine:239 - oldGeneratedFile, C:\Users\Dell\Desktop\MPU-MCU\LAB 1\EX_2\LAB1_EX2\Core\Src\stm32f1xx_hal_msp.c_save
2025-09-23 11:41:04,414 [INFO] CodeEngine:257 - Generated code: C:\Users\Dell\Desktop\MPU-MCU\LAB 1\EX_2\LAB1_EX2\Core\Src\stm32f1xx_hal_msp.c
2025-09-23 11:41:04,418 [INFO] CodeEngine:239 - oldGeneratedFile, C:\Users\Dell\Desktop\MPU-MCU\LAB 1\EX_2\LAB1_EX2\MXTmpFiles\system.tmp_save
2025-09-23 11:41:04,517 [INFO] CodeEngine:257 - Generated code: C:\Users\Dell\Desktop\MPU-MCU\LAB 1\EX_2\LAB1_EX2\MXTmpFiles\system.tmp
2025-09-23 11:41:04,544 [INFO] CodeEngine:239 - oldGeneratedFile, C:\Users\Dell\Desktop\MPU-MCU\LAB 1\EX_2\LAB1_EX2\Core\Inc\stm32f1xx_hal_conf.h_save
2025-09-23 11:41:04,732 [INFO] CodeEngine:257 - Generated code: C:\Users\Dell\Desktop\MPU-MCU\LAB 1\EX_2\LAB1_EX2\Core\Inc\stm32f1xx_hal_conf.h
2025-09-23 11:41:04,783 [INFO] CodeEngine:239 - oldGeneratedFile, C:\Users\Dell\Desktop\MPU-MCU\LAB 1\EX_2\LAB1_EX2\Core\Inc\main.h_save
2025-09-23 11:41:04,930 [INFO] CodeEngine:257 - Generated code: C:\Users\Dell\Desktop\MPU-MCU\LAB 1\EX_2\LAB1_EX2\Core\Inc\main.h
2025-09-23 11:41:04,951 [INFO] CodeEngine:239 - oldGeneratedFile, C:\Users\Dell\Desktop\MPU-MCU\LAB 1\EX_2\LAB1_EX2\Core\Src\main.c_save
2025-09-23 11:41:05,130 [INFO] CodeEngine:257 - Generated code: C:\Users\Dell\Desktop\MPU-MCU\LAB 1\EX_2\LAB1_EX2\Core\Src\main.c
2025-09-23 11:41:06,715 [INFO] ProjectBuilder:2578 - Time for Copy HAL[1] : 192mS.
2025-09-23 11:41:06,721 [INFO] ProjectBuilder:3622 - Project Generator version: 3.14.1
2025-09-23 11:41:07,416 [INFO] ConfigFileManager:1271 - The Die is : DIE412
2025-09-23 11:41:10,832 [INFO] ProjectBuilder:3789 - Time for Generating toolchain IDE Files: 4111mS.
2025-09-23 11:41:10,832 [INFO] ProjectBuilder:2457 - Time for Copy CMSIS : 0mS.
2025-09-23 11:41:10,840 [INFO] ProjectBuilder:2457 - Time for Copy CMSIS : 2mS.
