2025-09-23 09:25:53,619 [INFO] Activator:177 - 


2025-09-23 09:25:53,622 [INFO] Activator:178 - !SESSION log4j initialized
2025-09-23 09:26:45,355 [INFO] McuFinderGlobals:39 - Set McuFinder mode to 2 (CubeIDE integrated)
2025-09-23 09:26:46,282 [INFO] ApplicationProperties:181 - Using Application install path: C:\ST\STM32CubeIDE_1.7.0\STM32CubeIDE\plugins\com.st.stm32cube.common.mx_6.3.0.202107141111
2025-09-23 09:26:46,299 [INFO] DbMcusXml:74 - Set database path to: C:\ST\STM32CubeIDE_1.7.0\STM32CubeIDE\plugins\com.st.stm32cube.common.mx_6.3.0.202107141111\\db\/mcu/
2025-09-23 09:26:46,304 [INFO] DbBoardsPdsc:56 - Set plugin database path to: C:\ST\STM32CubeIDE_1.7.0\STM32CubeIDE\plugins\com.st.stm32cube.common.mx_6.3.0.202107141111\\db\/plugins/boardmanager/
2025-09-23 09:26:46,306 [INFO] DbMcus:258 - Set plugin images path to: C:\ST\STM32CubeIDE_1.7.0\STM32CubeIDE\plugins\com.st.stm32cube.common.mx_6.3.0.202107141111\\db\/plugins/mcufinder/images/
2025-09-23 09:26:46,306 [INFO] DbBoards:264 - Set plugin images path to: C:\ST\STM32CubeIDE_1.7.0\STM32CubeIDE\plugins\com.st.stm32cube.common.mx_6.3.0.202107141111\\db\/plugins/mcufinder/images/
2025-09-23 09:26:46,310 [INFO] DbExamples:333 - Set plugin images path to: C:\ST\STM32CubeIDE_1.7.0\STM32CubeIDE\plugins\com.st.stm32cube.common.mx_6.3.0.202107141111\\db\/plugins/mcufinder/images/
2025-09-23 09:26:46,312 [INFO] DbMcusAds:119 - Set database path to: C:\Users\Dell\.stmcufinder\plugins\mcufinder//mcu/
2025-09-23 09:26:46,312 [INFO] DbMcusDocs:110 - Set database path to: C:\Users\Dell\.stmcufinder\plugins\mcufinder//mcu/
2025-09-23 09:26:46,322 [INFO] DbMcusJson:64 - Set database path to: C:\Users\Dell\.stmcufinder\plugins\mcufinder//mcu/
2025-09-23 09:26:46,324 [INFO] DbBoardsDocs:110 - Set database path to: C:\Users\Dell\.stmcufinder\plugins\mcufinder//mcu/
2025-09-23 09:26:46,324 [INFO] DbBoardsJson:57 - Set database path to: C:\Users\Dell\.stmcufinder\plugins\mcufinder//mcu/
2025-09-23 09:26:47,320 [INFO] CrossReferenceDbSqlite:196 - Set database path to: C:\Users\Dell\.stmcufinder\plugins\mcufinder//mcu/cs/
2025-09-23 09:26:47,326 [INFO] DbExamplesSqlite:767 - Set database path to: C:\Users\Dell\.stmcufinder\plugins\mcufinder//mcu/
2025-09-23 09:26:47,479 [INFO] RulesReader:57 - Compatibility file has been processed (242 Rules)
2025-09-23 09:26:47,589 [INFO] DbMcusXml:74 - Set database path to: C:\ST\STM32CubeIDE_1.7.0\STM32CubeIDE\plugins\com.st.stm32cube.common.mx_6.3.0.202107141111\\db\/mcu/
2025-09-23 09:26:47,589 [INFO] DbBoardsPdsc:56 - Set plugin database path to: C:\ST\STM32CubeIDE_1.7.0\STM32CubeIDE\plugins\com.st.stm32cube.common.mx_6.3.0.202107141111\\db\/plugins/boardmanager/
2025-09-23 09:26:47,589 [INFO] DbMcus:258 - Set plugin images path to: C:\ST\STM32CubeIDE_1.7.0\STM32CubeIDE\plugins\com.st.stm32cube.common.mx_6.3.0.202107141111\\db\/plugins/mcufinder/images/
2025-09-23 09:26:47,589 [INFO] DbBoards:264 - Set plugin images path to: C:\ST\STM32CubeIDE_1.7.0\STM32CubeIDE\plugins\com.st.stm32cube.common.mx_6.3.0.202107141111\\db\/plugins/mcufinder/images/
2025-09-23 09:26:47,589 [INFO] DbExamples:333 - Set plugin images path to: C:\ST\STM32CubeIDE_1.7.0\STM32CubeIDE\plugins\com.st.stm32cube.common.mx_6.3.0.202107141111\\db\/plugins/mcufinder/images/
2025-09-23 09:26:47,589 [WARN] DbFile:35 - Overriding database path with different value: C:\Users\Dell\.stmcufinder\plugins\mcufinder/ => C:\Users\Dell\.stmcufinder\plugins\mcufinder
2025-09-23 09:26:47,589 [INFO] DbMcusAds:119 - Set database path to: C:\Users\Dell\.stmcufinder\plugins\mcufinder//mcu/
2025-09-23 09:26:47,589 [WARN] DbFile:35 - Overriding database path with different value: C:\Users\Dell\.stmcufinder\plugins\mcufinder/ => C:\Users\Dell\.stmcufinder\plugins\mcufinder
2025-09-23 09:26:47,589 [INFO] DbMcusDocs:110 - Set database path to: C:\Users\Dell\.stmcufinder\plugins\mcufinder//mcu/
2025-09-23 09:26:47,589 [WARN] DbFile:35 - Overriding database path with different value: C:\Users\Dell\.stmcufinder\plugins\mcufinder/ => C:\Users\Dell\.stmcufinder\plugins\mcufinder
2025-09-23 09:26:47,589 [INFO] DbMcusJson:64 - Set database path to: C:\Users\Dell\.stmcufinder\plugins\mcufinder//mcu/
2025-09-23 09:26:47,589 [WARN] DbFile:35 - Overriding database path with different value: C:\Users\Dell\.stmcufinder\plugins\mcufinder/ => C:\Users\Dell\.stmcufinder\plugins\mcufinder
2025-09-23 09:26:47,595 [INFO] DbBoardsDocs:110 - Set database path to: C:\Users\Dell\.stmcufinder\plugins\mcufinder//mcu/
2025-09-23 09:26:47,595 [WARN] DbFile:35 - Overriding database path with different value: C:\Users\Dell\.stmcufinder\plugins\mcufinder/ => C:\Users\Dell\.stmcufinder\plugins\mcufinder
2025-09-23 09:26:47,595 [INFO] DbBoardsJson:57 - Set database path to: C:\Users\Dell\.stmcufinder\plugins\mcufinder//mcu/
2025-09-23 09:26:47,595 [WARN] DbFile:35 - Overriding database path with different value: C:\Users\Dell\.stmcufinder\plugins\mcufinder/ => C:\Users\Dell\.stmcufinder\plugins\mcufinder
2025-09-23 09:26:47,595 [WARN] DbFile:35 - Overriding database path with different value: C:\Users\Dell\.stmcufinder\plugins\mcufinder/ => C:\Users\Dell\.stmcufinder\plugins\mcufinder
2025-09-23 09:26:48,309 [INFO] CrossReferenceDbSqlite:196 - Set database path to: C:\Users\Dell\.stmcufinder\plugins\mcufinder//mcu/cs/
2025-09-23 09:26:48,309 [WARN] DbFile:35 - Overriding database path with different value: C:\Users\Dell\.stmcufinder\plugins\mcufinder/ => C:\Users\Dell\.stmcufinder\plugins\mcufinder
2025-09-23 09:26:48,309 [INFO] DbExamplesSqlite:767 - Set database path to: C:\Users\Dell\.stmcufinder\plugins\mcufinder//mcu/
2025-09-23 09:26:48,399 [INFO] MainPanel:214 - HeapMemory: 314572800
2025-09-23 09:26:48,465 [INFO] DbMcusXml:74 - Set database path to: C:\ST\STM32CubeIDE_1.7.0\STM32CubeIDE\plugins\com.st.stm32cube.common.mx_6.3.0.202107141111\\db\/mcu/
2025-09-23 09:26:48,465 [INFO] DbBoardsPdsc:56 - Set plugin database path to: C:\ST\STM32CubeIDE_1.7.0\STM32CubeIDE\plugins\com.st.stm32cube.common.mx_6.3.0.202107141111\\db\/plugins/boardmanager/
2025-09-23 09:26:48,465 [INFO] DbMcus:258 - Set plugin images path to: C:\ST\STM32CubeIDE_1.7.0\STM32CubeIDE\plugins\com.st.stm32cube.common.mx_6.3.0.202107141111\\db\/plugins/mcufinder/images/
2025-09-23 09:26:48,465 [INFO] DbBoards:264 - Set plugin images path to: C:\ST\STM32CubeIDE_1.7.0\STM32CubeIDE\plugins\com.st.stm32cube.common.mx_6.3.0.202107141111\\db\/plugins/mcufinder/images/
2025-09-23 09:26:48,465 [INFO] DbExamples:333 - Set plugin images path to: C:\ST\STM32CubeIDE_1.7.0\STM32CubeIDE\plugins\com.st.stm32cube.common.mx_6.3.0.202107141111\\db\/plugins/mcufinder/images/
2025-09-23 09:26:48,465 [WARN] DbFile:35 - Overriding database path with different value: C:\Users\Dell\.stmcufinder\plugins\mcufinder/ => C:\Users\Dell\.stmcufinder\plugins\mcufinder
2025-09-23 09:26:48,465 [INFO] DbMcusAds:119 - Set database path to: C:\Users\Dell\.stmcufinder\plugins\mcufinder//mcu/
2025-09-23 09:26:48,465 [WARN] DbFile:35 - Overriding database path with different value: C:\Users\Dell\.stmcufinder\plugins\mcufinder/ => C:\Users\Dell\.stmcufinder\plugins\mcufinder
2025-09-23 09:26:48,465 [INFO] DbMcusDocs:110 - Set database path to: C:\Users\Dell\.stmcufinder\plugins\mcufinder//mcu/
2025-09-23 09:26:48,465 [WARN] DbFile:35 - Overriding database path with different value: C:\Users\Dell\.stmcufinder\plugins\mcufinder/ => C:\Users\Dell\.stmcufinder\plugins\mcufinder
2025-09-23 09:26:48,465 [INFO] DbMcusJson:64 - Set database path to: C:\Users\Dell\.stmcufinder\plugins\mcufinder//mcu/
2025-09-23 09:26:48,465 [WARN] DbFile:35 - Overriding database path with different value: C:\Users\Dell\.stmcufinder\plugins\mcufinder/ => C:\Users\Dell\.stmcufinder\plugins\mcufinder
2025-09-23 09:26:48,465 [INFO] DbBoardsDocs:110 - Set database path to: C:\Users\Dell\.stmcufinder\plugins\mcufinder//mcu/
2025-09-23 09:26:48,465 [WARN] DbFile:35 - Overriding database path with different value: C:\Users\Dell\.stmcufinder\plugins\mcufinder/ => C:\Users\Dell\.stmcufinder\plugins\mcufinder
2025-09-23 09:26:48,465 [INFO] DbBoardsJson:57 - Set database path to: C:\Users\Dell\.stmcufinder\plugins\mcufinder//mcu/
2025-09-23 09:26:48,465 [WARN] DbFile:35 - Overriding database path with different value: C:\Users\Dell\.stmcufinder\plugins\mcufinder/ => C:\Users\Dell\.stmcufinder\plugins\mcufinder
2025-09-23 09:26:48,465 [WARN] DbFile:35 - Overriding database path with different value: C:\Users\Dell\.stmcufinder\plugins\mcufinder/ => C:\Users\Dell\.stmcufinder\plugins\mcufinder
2025-09-23 09:26:49,311 [INFO] CrossReferenceDbSqlite:196 - Set database path to: C:\Users\Dell\.stmcufinder\plugins\mcufinder//mcu/cs/
2025-09-23 09:26:49,311 [WARN] DbFile:35 - Overriding database path with different value: C:\Users\Dell\.stmcufinder\plugins\mcufinder/ => C:\Users\Dell\.stmcufinder\plugins\mcufinder
2025-09-23 09:26:49,311 [INFO] DbExamplesSqlite:767 - Set database path to: C:\Users\Dell\.stmcufinder\plugins\mcufinder//mcu/
2025-09-23 09:26:49,335 [INFO] ApplicationProperties:181 - Using Application install path: C:\ST\STM32CubeIDE_1.7.0\STM32CubeIDE\plugins\com.st.stm32cube.common.mx_6.3.0.202107141111
2025-09-23 09:26:49,337 [INFO] PluginManage:188 - Search for loadable plugins [exclusion list=, ]
2025-09-23 09:26:49,340 [INFO] PluginManage:302 - Check plugin analytics
2025-09-23 09:26:50,404 [INFO] AnalyticsPlugin:257 - Accepted Software Licenses: 
2025-09-23 09:26:50,404 [INFO] AnalyticsPlugin:259 - Accepted CMSIS Pack Licenses: 
2025-09-23 09:26:50,404 [INFO] AnalyticsPlugin:261 - Accepted Firmware Licenses: 
2025-09-23 09:26:50,404 [INFO] PluginManage:352 - Loaded plugin analytics (category:tool,tabindex:-1)
2025-09-23 09:26:50,404 [INFO] PluginManage:302 - Check plugin clock
2025-09-23 09:26:50,436 [INFO] PluginManage:352 - Loaded plugin clock (category:base,tabindex:2)
2025-09-23 09:26:50,436 [INFO] PluginManage:302 - Check plugin ddr
2025-09-23 09:26:50,452 [INFO] PluginManage:352 - Loaded plugin ddr (category:tool,tabindex:6)
2025-09-23 09:26:50,452 [INFO] PluginManage:302 - Check plugin filemanager
2025-09-23 09:26:50,596 [INFO] PluginManage:352 - Loaded plugin filemanager (category:base,tabindex:10)
2025-09-23 09:26:50,596 [INFO] PluginManage:302 - Check plugin ipmanager
2025-09-23 09:26:50,596 [INFO] PluginManage:352 - Loaded plugin ipmanager (category:base,tabindex:5)
2025-09-23 09:26:50,596 [INFO] PluginManage:302 - Check plugin pinoutandconfiguration
2025-09-23 09:26:50,628 [INFO] PluginManage:352 - Loaded plugin pinoutandconfiguration (category:base,tabindex:1)
2025-09-23 09:26:50,628 [INFO] PluginManage:302 - Check plugin pinoutconfig
2025-09-23 09:26:50,676 [INFO] PluginManage:352 - Loaded plugin pinoutconfig (category:base,tabindex:0)
2025-09-23 09:26:50,692 [INFO] PluginManage:302 - Check plugin power
2025-09-23 09:26:50,723 [INFO] PluginManage:352 - Loaded plugin power (category:power,tabindex:4)
2025-09-23 09:26:50,723 [INFO] PluginManage:302 - Check plugin projectmanager
2025-09-23 09:26:50,739 [INFO] PluginManage:352 - Loaded plugin projectmanager (category:projectmanager,tabindex:3)
2025-09-23 09:26:50,739 [INFO] PluginManage:302 - Check plugin thirdparty
2025-09-23 09:26:51,136 [WARN] IntegrityCheckThread:78 - waiting for thirdparty lock release [integrity check]
2025-09-23 09:26:51,136 [INFO] IntegrityCheckThread:80 - entering critical section [integrity check]
2025-09-23 09:26:51,136 [INFO] PluginManage:352 - Loaded plugin thirdparty (category:base,tabindex:-1)
2025-09-23 09:26:51,136 [INFO] PluginManage:302 - Check plugin tools
2025-09-23 09:26:51,136 [INFO] ThirdPartyUpdaterWithRetryManager:66 - Updater plugin not ready yet. [1/15]
2025-09-23 09:26:51,262 [INFO] PluginManage:352 - Loaded plugin tools (category:base,tabindex:7)
2025-09-23 09:26:51,262 [INFO] PluginManage:302 - Check plugin tutovideos
2025-09-23 09:26:51,580 [INFO] PluginManage:352 - Loaded plugin tutovideos (category:base,tabindex:-1)
2025-09-23 09:26:51,580 [INFO] PluginManage:302 - Check plugin updater
2025-09-23 09:26:51,612 [INFO] PluginManage:352 - Loaded plugin updater (category:base,tabindex:12)
2025-09-23 09:26:51,612 [INFO] PluginManage:275 - PluginManage : Loaded plugins [13]
2025-09-23 09:26:51,843 [INFO] PinOutPanel:1463 - setPackage(No Configuration,No Configuration)
2025-09-23 09:26:51,984 [INFO] IPUIPlugin:74 - create IPUIPlugin
2025-09-23 09:26:51,984 [INFO] PluginManager:213 - loadIPPluginJar : add adc
2025-09-23 09:26:52,086 [INFO] IPUIPlugin:74 - create IPUIPlugin
2025-09-23 09:26:52,088 [INFO] PluginManager:213 - loadIPPluginJar : add aes
2025-09-23 09:26:52,179 [INFO] IPUIPlugin:74 - create IPUIPlugin
2025-09-23 09:26:52,179 [INFO] PluginManager:213 - loadIPPluginJar : add can
2025-09-23 09:26:52,248 [INFO] IPUIPlugin:74 - create IPUIPlugin
2025-09-23 09:26:52,248 [INFO] PluginManager:213 - loadIPPluginJar : add comp
2025-09-23 09:26:52,318 [INFO] IPUIPlugin:74 - create IPUIPlugin
2025-09-23 09:26:52,318 [INFO] PluginManager:213 - loadIPPluginJar : add cryp
2025-09-23 09:26:52,443 [INFO] IPUIPlugin:74 - create IPUIPlugin
2025-09-23 09:26:52,443 [INFO] PluginManager:213 - loadIPPluginJar : add dfsdm
2025-09-23 09:26:52,482 [INFO] IPUIPlugin:74 - create IPUIPlugin
2025-09-23 09:26:52,482 [INFO] PluginManager:213 - loadIPPluginJar : add dma
2025-09-23 09:26:52,601 [INFO] IPUIPlugin:74 - create IPUIPlugin
2025-09-23 09:26:52,601 [INFO] PluginManager:213 - loadIPPluginJar : add dma3
2025-09-23 09:26:52,681 [INFO] IPUIPlugin:74 - create IPUIPlugin
2025-09-23 09:26:52,681 [INFO] PluginManager:213 - loadIPPluginJar : add fatfs
2025-09-23 09:26:52,794 [INFO] IPUIPlugin:74 - create IPUIPlugin
2025-09-23 09:26:52,794 [INFO] PluginManager:213 - loadIPPluginJar : add fmc
2025-09-23 09:26:52,853 [INFO] IPUIPlugin:74 - create IPUIPlugin
2025-09-23 09:26:52,853 [INFO] PluginManager:213 - loadIPPluginJar : add freertos
2025-09-23 09:26:52,935 [INFO] IPUIPlugin:74 - create IPUIPlugin
2025-09-23 09:26:52,935 [INFO] PluginManager:213 - loadIPPluginJar : add genericplugin
2025-09-23 09:26:53,125 [INFO] IPUIPlugin:74 - create IPUIPlugin
2025-09-23 09:26:53,125 [INFO] PluginManager:213 - loadIPPluginJar : add gfxmmu
2025-09-23 09:26:53,347 [INFO] IPUIPlugin:74 - create IPUIPlugin
2025-09-23 09:26:53,347 [INFO] PluginManager:213 - loadIPPluginJar : add gic
2025-09-23 09:26:53,379 [INFO] IPUIPlugin:74 - create IPUIPlugin
2025-09-23 09:26:53,379 [INFO] PluginManager:213 - loadIPPluginJar : add gpio
2025-09-23 09:26:53,522 [INFO] IPUIPlugin:74 - create IPUIPlugin
2025-09-23 09:26:53,522 [INFO] PluginManager:213 - loadIPPluginJar : add gtzc
2025-09-23 09:26:53,602 [INFO] IPUIPlugin:74 - create IPUIPlugin
2025-09-23 09:26:53,602 [INFO] PluginManager:213 - loadIPPluginJar : add hash
2025-09-23 09:26:53,728 [INFO] IPUIPlugin:74 - create IPUIPlugin
2025-09-23 09:26:53,728 [INFO] PluginManager:213 - loadIPPluginJar : add i2c
2025-09-23 09:26:53,840 [INFO] IPUIPlugin:74 - create IPUIPlugin
2025-09-23 09:26:53,840 [INFO] PluginManager:213 - loadIPPluginJar : add i2s
2025-09-23 09:26:53,856 [INFO] IPUIPlugin:74 - create IPUIPlugin
2025-09-23 09:26:53,856 [INFO] PluginManager:213 - loadIPPluginJar : add ipddr
2025-09-23 09:26:54,059 [INFO] IPUIPlugin:74 - create IPUIPlugin
2025-09-23 09:26:54,059 [INFO] PluginManager:213 - loadIPPluginJar : add linkedlist
2025-09-23 09:26:54,148 [INFO] ThirdPartyUpdaterWithRetryManager:66 - Updater plugin not ready yet. [2/15]
2025-09-23 09:26:54,164 [INFO] IPUIPlugin:74 - create IPUIPlugin
2025-09-23 09:26:54,180 [INFO] PluginManager:213 - loadIPPluginJar : add lorawan
2025-09-23 09:26:54,259 [INFO] IPUIPlugin:74 - create IPUIPlugin
2025-09-23 09:26:54,259 [INFO] PluginManager:213 - loadIPPluginJar : add ltdc
2025-09-23 09:26:54,291 [INFO] IPUIPlugin:74 - create IPUIPlugin
2025-09-23 09:26:54,291 [INFO] PluginManager:213 - loadIPPluginJar : add mdma
2025-09-23 09:26:54,323 [INFO] IPUIPlugin:74 - create IPUIPlugin
2025-09-23 09:26:54,323 [INFO] PluginManager:213 - loadIPPluginJar : add nvic
2025-09-23 09:26:54,466 [INFO] IPUIPlugin:74 - create IPUIPlugin
2025-09-23 09:26:54,466 [INFO] PluginManager:213 - loadIPPluginJar : add opamp
2025-09-23 09:26:54,609 [INFO] IPUIPlugin:74 - create IPUIPlugin
2025-09-23 09:26:54,609 [INFO] PluginManager:213 - loadIPPluginJar : add openamp
2025-09-23 09:26:54,720 [INFO] IPUIPlugin:74 - create IPUIPlugin
2025-09-23 09:26:54,720 [INFO] PluginManager:213 - loadIPPluginJar : add pdm2pcm
2025-09-23 09:26:54,736 [INFO] IPUIPlugin:74 - create IPUIPlugin
2025-09-23 09:26:54,752 [INFO] PluginManager:213 - loadIPPluginJar : add plateformsettings
2025-09-23 09:26:54,848 [INFO] IPUIPlugin:74 - create IPUIPlugin
2025-09-23 09:26:54,848 [INFO] PluginManager:213 - loadIPPluginJar : add quadspi
2025-09-23 09:26:54,886 [INFO] IPUIPlugin:74 - create IPUIPlugin
2025-09-23 09:26:54,886 [INFO] PluginManager:213 - loadIPPluginJar : add resmgrutility
2025-09-23 09:26:55,055 [INFO] IPUIPlugin:74 - create IPUIPlugin
2025-09-23 09:26:55,055 [INFO] PluginManager:213 - loadIPPluginJar : add sai
2025-09-23 09:26:55,167 [INFO] IPUIPlugin:74 - create IPUIPlugin
2025-09-23 09:26:55,167 [INFO] PluginManager:213 - loadIPPluginJar : add spi
2025-09-23 09:26:55,303 [INFO] IPUIPlugin:74 - create IPUIPlugin
2025-09-23 09:26:55,303 [INFO] PluginManager:213 - loadIPPluginJar : add stm32_wpan
2025-09-23 09:26:55,373 [INFO] IPUIPlugin:74 - create IPUIPlugin
2025-09-23 09:26:55,373 [INFO] PluginManager:213 - loadIPPluginJar : add tim
2025-09-23 09:26:55,494 [INFO] IPUIPlugin:74 - create IPUIPlugin
2025-09-23 09:26:55,500 [INFO] PluginManager:213 - loadIPPluginJar : add touchsensing
2025-09-23 09:26:55,596 [INFO] IPUIPlugin:74 - create IPUIPlugin
2025-09-23 09:26:55,596 [INFO] PluginManager:213 - loadIPPluginJar : add tracer_emb
2025-09-23 09:26:55,691 [INFO] IPUIPlugin:74 - create IPUIPlugin
2025-09-23 09:26:55,706 [INFO] PluginManager:213 - loadIPPluginJar : add ts
2025-09-23 09:26:55,791 [INFO] IPUIPlugin:74 - create IPUIPlugin
2025-09-23 09:26:55,791 [INFO] PluginManager:213 - loadIPPluginJar : add tsc
2025-09-23 09:26:55,851 [INFO] IPUIPlugin:74 - create IPUIPlugin
2025-09-23 09:26:55,851 [INFO] PluginManager:213 - loadIPPluginJar : add ucpd
2025-09-23 09:26:55,979 [INFO] IPUIPlugin:74 - create IPUIPlugin
2025-09-23 09:26:55,979 [INFO] PluginManager:213 - loadIPPluginJar : add usart
2025-09-23 09:26:56,074 [INFO] IPUIPlugin:74 - create IPUIPlugin
2025-09-23 09:26:56,074 [INFO] PluginManager:213 - loadIPPluginJar : add usbx
2025-09-23 09:26:56,473 [FATAL] Updater:294 - Updater called before beeing initialized
2025-09-23 09:26:56,602 [FATAL] Updater:294 - Updater called before beeing initialized
2025-09-23 09:26:56,625 [INFO] DbMcusAds:47 - JSON generation date=Tue Jul 08 15:14:23 ICT 2025 (1751962463582)
2025-09-23 09:26:56,625 [FATAL] Updater:294 - Updater called before beeing initialized
2025-09-23 09:26:56,859 [WARN] DetailPanel:314 - Failed to get advertising image, set to default
2025-09-23 09:26:57,164 [INFO] ThirdPartyUpdaterWithRetryManager:66 - Updater plugin not ready yet. [3/15]
2025-09-23 09:26:57,164 [FATAL] Updater:294 - Updater called before beeing initialized
2025-09-23 09:26:57,164 [FATAL] Updater:294 - Updater called before beeing initialized
2025-09-23 09:26:57,164 [FATAL] Updater:294 - Updater called before beeing initialized
2025-09-23 09:26:57,164 [WARN] DetailPanel:314 - Failed to get advertising image, set to default
2025-09-23 09:26:57,164 [FATAL] Updater:294 - Updater called before beeing initialized
2025-09-23 09:26:57,308 [ERROR] Updater:1075 - MainUpdater not yet initialized. External WinMGr cannot be set.
2025-09-23 09:26:57,340 [INFO] Updater:1012 - Updater Version found : 6.3.0
2025-09-23 09:26:57,418 [INFO] ApplicationProperties:181 - Using Application install path: C:\ST\STM32CubeIDE_1.7.0\STM32CubeIDE\plugins\com.st.stm32cube.common.mx_6.3.0.202107141111
2025-09-23 09:26:58,830 [INFO] MainUpdater:2671 - connection check result : 10
2025-09-23 09:26:58,830 [INFO] MainUpdater:3359 - Updater definition file requires update
2025-09-23 09:26:58,833 [INFO] MainUpdater:265 - Updater Check For Update Now.
2025-09-23 09:26:58,833 [INFO] MicroXplorer:478 - Change Database Version : DB.6.0.30
2025-09-23 09:26:59,193 [INFO] ServerAccessManage:362 - Download File updaters.zip
2025-09-23 09:26:59,509 [INFO] FileExtend:235 - Unzip File : updaters.zip
2025-09-23 09:26:59,509 [INFO] FileExtend:250 - Standard Zip Deflate
2025-09-23 09:27:00,176 [WARN] MainUpdater:1122 - Updater busy. Cannot search thirdparties
2025-09-23 09:27:00,176 [INFO] ThirdPartyUpdaterWithRetryManager:92 - Updater plugin is busy. [1/15]
2025-09-23 09:27:02,661 [INFO] ServerAccessManage:362 - Download File PacksControlFlags.xml
2025-09-23 09:27:03,187 [WARN] MainUpdater:1122 - Updater busy. Cannot search thirdparties
2025-09-23 09:27:03,187 [INFO] ThirdPartyUpdaterWithRetryManager:92 - Updater plugin is busy. [2/15]
2025-09-23 09:27:03,203 [INFO] ServerAccessManage:362 - Download File cubemx.pidx
2025-09-23 09:27:05,068 [INFO] ServerAccessManage:362 - Download File STMicroelectronics.X-CUBE-FREERTOS.pdsc
2025-09-23 09:27:06,200 [WARN] MainUpdater:1122 - Updater busy. Cannot search thirdparties
2025-09-23 09:27:06,200 [INFO] ThirdPartyUpdaterWithRetryManager:92 - Updater plugin is busy. [3/15]
2025-09-23 09:27:09,212 [WARN] MainUpdater:1122 - Updater busy. Cannot search thirdparties
2025-09-23 09:27:09,212 [INFO] ThirdPartyUpdaterWithRetryManager:92 - Updater plugin is busy. [4/15]
2025-09-23 09:27:10,003 [INFO] MainUpdater:2671 - connection check result : 10
2025-09-23 09:27:11,980 [INFO] ServerAccessManage:362 - Download File WES.I-CUBE-Cesium.pdsc
2025-09-23 09:27:12,218 [WARN] MainUpdater:1122 - Updater busy. Cannot search thirdparties
2025-09-23 09:27:12,218 [INFO] ThirdPartyUpdaterWithRetryManager:92 - Updater plugin is busy. [5/15]
2025-09-23 09:27:15,221 [WARN] MainUpdater:1122 - Updater busy. Cannot search thirdparties
2025-09-23 09:27:15,222 [INFO] ThirdPartyUpdaterWithRetryManager:92 - Updater plugin is busy. [6/15]
2025-09-23 09:27:17,895 [ERROR] ServerAccessManage:974 - Problem, file not found on Server
2025-09-23 09:27:18,237 [WARN] MainUpdater:1122 - Updater busy. Cannot search thirdparties
2025-09-23 09:27:18,237 [INFO] ThirdPartyUpdaterWithRetryManager:92 - Updater plugin is busy. [7/15]
2025-09-23 09:27:19,409 [ERROR] ServerAccessManage:974 - Problem, file not found on Server
2025-09-23 09:27:19,882 [WARN] PopulateThirdPartyThread:100 - Error when creating pack: C:/Users/Dell/.stm32cubemx/thirdparties/pdsc/STMicroelectronics.X-CUBE-FREERTOS.pdsc
2025-09-23 09:27:19,894 [WARN] PopulateThirdPartyThread:100 - Error when creating pack: C:/Users/Dell/.stm32cubemx/thirdparties/pdsc/WES.I-CUBE-Cesium.pdsc
2025-09-23 09:27:19,894 [INFO] PopulateThirdPartyThread:60 - Ending populate Thread
2025-09-23 09:27:19,894 [INFO] LoadServerUpdatesThread:339 - End of LoadServerUpdate Thread
2025-09-23 09:27:20,127 [INFO] CheckServerUpdateThread:112 - End of CheckServer Thread
2025-09-23 09:27:20,143 [INFO] McuFinderGlobals:52 - Set McuFinderConnectedMode to true
2025-09-23 09:27:20,757 [INFO] ServerAccessManage:362 - Download File mcusAds.json._tmp_
2025-09-23 09:27:20,876 [INFO] LoadUrlFilesThread:145 - End of LoadUrlFiles Thread
2025-09-23 09:27:21,243 [WARN] MainUpdater:1122 - Updater busy. Cannot search thirdparties
2025-09-23 09:27:21,243 [INFO] ThirdPartyUpdaterWithRetryManager:92 - Updater plugin is busy. [8/15]
2025-09-23 09:27:22,186 [INFO] ServerAccessManage:362 - Download File mcusDocs.json._tmp_
2025-09-23 09:27:23,441 [INFO] LoadUrlFilesThread:145 - End of LoadUrlFiles Thread
2025-09-23 09:27:23,902 [INFO] ServerAccessManage:362 - Download File mcusFeaturesAndDescription.json._tmp_
2025-09-23 09:27:24,246 [WARN] MainUpdater:1122 - Updater busy. Cannot search thirdparties
2025-09-23 09:27:24,246 [INFO] ThirdPartyUpdaterWithRetryManager:92 - Updater plugin is busy. [9/15]
2025-09-23 09:27:27,186 [INFO] LoadUrlFilesThread:145 - End of LoadUrlFiles Thread
2025-09-23 09:27:27,260 [WARN] MainUpdater:1122 - Updater busy. Cannot search thirdparties
2025-09-23 09:27:27,260 [INFO] ThirdPartyUpdaterWithRetryManager:92 - Updater plugin is busy. [10/15]
2025-09-23 09:27:27,819 [INFO] ServerAccessManage:362 - Download File boardsDocs.json._tmp_
2025-09-23 09:27:27,962 [INFO] LoadUrlFilesThread:145 - End of LoadUrlFiles Thread
2025-09-23 09:27:28,683 [INFO] ServerAccessManage:362 - Download File boards.json._tmp_
2025-09-23 09:27:29,176 [INFO] LoadUrlFilesThread:145 - End of LoadUrlFiles Thread
2025-09-23 09:27:29,541 [INFO] ServerAccessManage:362 - Download File cube-finder-db.zip
2025-09-23 09:27:30,261 [WARN] MainUpdater:1122 - Updater busy. Cannot search thirdparties
2025-09-23 09:27:30,261 [INFO] ThirdPartyUpdaterWithRetryManager:92 - Updater plugin is busy. [11/15]
2025-09-23 09:27:33,279 [WARN] MainUpdater:1122 - Updater busy. Cannot search thirdparties
2025-09-23 09:27:33,279 [INFO] ThirdPartyUpdaterWithRetryManager:92 - Updater plugin is busy. [12/15]
2025-09-23 09:27:36,284 [WARN] MainUpdater:1122 - Updater busy. Cannot search thirdparties
2025-09-23 09:27:36,284 [INFO] ThirdPartyUpdaterWithRetryManager:92 - Updater plugin is busy. [13/15]
2025-09-23 09:27:37,377 [INFO] FileExtend:235 - Unzip File : cube-finder-db.zip
2025-09-23 09:27:37,380 [INFO] FileExtend:250 - Standard Zip Deflate
2025-09-23 09:27:39,293 [WARN] MainUpdater:1122 - Updater busy. Cannot search thirdparties
2025-09-23 09:27:39,293 [INFO] ThirdPartyUpdaterWithRetryManager:92 - Updater plugin is busy. [14/15]
2025-09-23 09:27:39,745 [INFO] LoadUrlFilesThread:145 - End of LoadUrlFiles Thread
2025-09-23 09:27:42,295 [WARN] MainUpdater:1122 - Updater busy. Cannot search thirdparties
2025-09-23 09:27:42,295 [INFO] ThirdPartyUpdaterWithRetryManager:92 - Updater plugin is busy. [15/15]
2025-09-23 09:27:42,296 [ERROR] IntegrityCheckThread:124 - Cannot retrieve database content from updater: error -1
2025-09-23 09:27:42,296 [INFO] ThirdParty:915 - Integrity check success = false
2025-09-23 09:27:42,297 [INFO] IntegrityCheckThread:94 - exiting critical section [integrity check]
2025-09-23 09:27:42,297 [INFO] IntegrityCheckThread:97 - End integrity checks thread
2025-09-23 09:27:43,191 [INFO] ServerAccessManage:362 - Download File crdb.zip
2025-09-23 09:27:45,093 [INFO] FileExtend:235 - Unzip File : crdb.zip
2025-09-23 09:27:45,093 [INFO] FileExtend:250 - Standard Zip Deflate
2025-09-23 09:27:45,298 [INFO] LoadUrlFilesThread:145 - End of LoadUrlFiles Thread
2025-09-23 09:27:45,734 [INFO] ServerAccessManage:362 - Download File tutoVideoDB.zip
2025-09-23 09:27:45,927 [INFO] FileExtend:235 - Unzip File : tutoVideoDB.zip
2025-09-23 09:27:45,927 [INFO] FileExtend:250 - Standard Zip Deflate
2025-09-23 09:27:46,104 [INFO] LoadUrlFilesThread:145 - End of LoadUrlFiles Thread
2025-09-23 09:27:46,115 [INFO] DbMcusAds:47 - JSON generation date=Tue Jul 08 15:14:23 ICT 2025 (1751962463524)
2025-09-23 09:27:46,167 [INFO] DbMcusDocs:143 - JSON generation date=Tue Nov 16 23:17:54 ICT 2021 (1637079474)
2025-09-23 09:27:46,167 [INFO] DbMcusXml:100 - Load MCU database from C:\ST\STM32CubeIDE_1.7.0\STM32CubeIDE\plugins\com.st.stm32cube.common.mx_6.3.0.202107141111\\db\/mcu/families.xml
2025-09-23 09:27:47,513 [INFO] DbMcusJson:93 - JSON generation date=Tue Nov 16 23:17:54 ICT 2021 (1637079474)
2025-09-23 09:27:48,352 [INFO] DbMcus:175 - Found 1951 MCUs (1903 are supported by CubeMX, 1914 are visible in CubeMX)
2025-09-23 09:27:48,353 [INFO] ApiDb:251 - Load user favorites file C:\Users\Dell/.stm32cubeide/favorites.mcus.txt: 0 item(s)
2025-09-23 09:27:48,353 [INFO] ApiDb:255 - User favorites MCUs=[]
2025-09-23 09:27:48,353 [INFO] DbMcus:187 - Set 0 / 0 favorites MCUs
2025-09-23 09:27:48,765 [INFO] DbMcusDocs:79 - Found 682 MCUs documents
2025-09-23 09:27:48,765 [INFO] ApiDb:276 - Save user favorites file C:\Users\Dell/.stm32cubeide/favorites.mcus.txt: 0 item(s)
2025-09-23 09:27:48,765 [INFO] ApiDb:280 - User favorites MCUs=[]
2025-09-23 09:27:48,765 [INFO] DbMcusXml:100 - Load MCU database from C:\ST\STM32CubeIDE_1.7.0\STM32CubeIDE\plugins\com.st.stm32cube.common.mx_6.3.0.202107141111\\db\/mcu/families.xml
2025-09-23 09:27:49,536 [INFO] DbMcusJson:93 - JSON generation date=Tue Nov 16 23:17:54 ICT 2021 (1637079474)
2025-09-23 09:27:50,190 [INFO] DbMcus:175 - Found 1951 MCUs (1903 are supported by CubeMX, 1914 are visible in CubeMX)
2025-09-23 09:27:50,190 [INFO] ApiDb:251 - Load user favorites file C:\Users\Dell/.stm32cubeide/favorites.mcus.txt: 0 item(s)
2025-09-23 09:27:50,192 [INFO] ApiDb:255 - User favorites MCUs=[]
2025-09-23 09:27:50,192 [INFO] DbMcus:187 - Set 0 / 0 favorites MCUs
2025-09-23 09:27:50,198 [INFO] DbBoardsDocs:143 - JSON generation date=Tue Nov 16 23:17:54 ICT 2021 (1637079474)
2025-09-23 09:27:50,230 [INFO] DbBoardsPdsc:90 - Found 25 items
2025-09-23 09:27:50,262 [INFO] DbBoardsPdsc:90 - Found 9 items
2025-09-23 09:27:50,278 [INFO] DbBoardsPdsc:90 - Found 33 items
2025-09-23 09:27:50,312 [INFO] DbBoardsPdsc:90 - Found 1 items
2025-09-23 09:27:50,358 [INFO] DbBoardsPdsc:90 - Found 48 items
2025-09-23 09:27:50,404 [INFO] DbBoardsPdsc:90 - Found 43 items
2025-09-23 09:27:50,436 [INFO] DbBoardsPdsc:90 - Found 2 items
2025-09-23 09:27:50,462 [INFO] DbBoardsPdsc:90 - Found 5 items
2025-09-23 09:27:50,469 [WARN] DbBoardsPdsc:254 - Board STM32H7B3I-DK: unknown feature type=Audio, name=, username=Audio stereo codec with Headphone Amp (CS42L51-CNZ), n=1
2025-09-23 09:27:50,469 [WARN] DbBoardsPdsc:254 - Board STM32H735G-DK: unknown feature type=Audio, name=, username=Audio stereo codec with Headphone Amp (WM8994ECS/R), n=1
2025-09-23 09:27:50,469 [WARN] DbBoardsPdsc:254 - Board STM32H7B3I-EVAL: unknown feature type=Audio, name=, username=Multi-Channel Audio Codec (CS42L51-CNZ), n=1
2025-09-23 09:27:50,469 [WARN] DbBoardsPdsc:254 - Board STM32H7B3I-EVAL: unknown feature type=Meter, name=, username=Power-metering and Temperature-monitoring with sigma-delta modulators, n=1
2025-09-23 09:27:50,469 [WARN] DbBoardsPdsc:254 - Board STM32H7B3I-EVAL: unknown feature type=Motor, name=, username=Motor Control, n=1
2025-09-23 09:27:50,469 [WARN] DbBoardsPdsc:254 - Board STM32U575I-EV: unknown feature type=joystick, name=, username=4-direction joystick with selection button, n=1
2025-09-23 09:27:50,534 [INFO] DbBoardsJson:86 - JSON generation date=Tue Nov 16 23:17:54 ICT 2021 (1637079474)
2025-09-23 09:27:50,556 [INFO] DbBoards:117 - Found 167 boards (163 are supported by CubeMX)
2025-09-23 09:27:50,560 [INFO] DbBoardsDocs:143 - JSON generation date=Tue Nov 16 23:17:54 ICT 2021 (1637079474)
2025-09-23 09:27:50,569 [INFO] DbBoardsDocs:79 - Found 209 boards documents
2025-09-23 09:27:50,571 [WARN] DbBoards:127 - board B-L475E-IOT01A2 has no document id list !
2025-09-23 09:27:50,573 [WARN] DbBoards:127 - board NUCLEO-H743ZI has no document id list !
2025-09-23 09:27:50,575 [WARN] DbBoards:127 - board NUCLEO-WL55JC2 has no document id list !
2025-09-23 09:27:50,575 [WARN] DbBoards:127 - board P-NUCLEO-WB55-Nucleo has no document id list !
2025-09-23 09:27:50,577 [WARN] DbBoards:127 - board P-NUCLEO-WB55-USBDongle has no document id list !
2025-09-23 09:27:50,577 [WARN] DbBoards:127 - board STEVAL-BFA001V1B has no document id list !
2025-09-23 09:27:50,577 [WARN] DbBoards:127 - board STEVAL-BFA001V2B has no document id list !
2025-09-23 09:27:50,577 [WARN] DbBoards:127 - board STEVAL-IDP005V1 has no document id list !
2025-09-23 09:27:50,577 [WARN] DbBoards:127 - board STEVAL-IDP005V2 has no document id list !
2025-09-23 09:27:50,577 [WARN] DbBoards:127 - board STEVAL-MKSBOX1V1 has no document id list !
2025-09-23 09:27:50,577 [WARN] DbBoards:127 - board STEVAL-STWINKT1 has no document id list !
2025-09-23 09:27:50,577 [WARN] DbBoards:127 - board STEVAL-STWINKT1B has no document id list !
2025-09-23 09:27:50,577 [WARN] DbBoards:127 - board STM32439I-EVAL2 has no document id list !
2025-09-23 09:27:50,578 [WARN] DbBoards:127 - board STM32F401C-DISCO has no document id list !
2025-09-23 09:27:50,578 [WARN] DbBoards:127 - board STM32F769I-DISC1 has no document id list !
2025-09-23 09:27:50,580 [WARN] DbBoards:127 - board STM32G474E-EVAL1 has no document id list !
2025-09-23 09:27:50,580 [WARN] DbBoards:127 - board STM32H743I-EVAL2 has no document id list !
2025-09-23 09:27:50,580 [WARN] DbBoards:127 - board STM32H747I-DISC1 has no document id list !
2025-09-23 09:27:50,582 [WARN] DbBoards:127 - board STM32H753I-EVAL2 has no document id list !
2025-09-23 09:27:50,582 [WARN] DbBoards:127 - board STM32L-DISCOVERY has no document id list !
2025-09-23 09:27:50,832 [ERROR] DbBoards:189 - Image file not found for board B-U585I-IOT02A: C:\ST\STM32CubeIDE_1.7.0\STM32CubeIDE\plugins\com.st.stm32cube.common.mx_6.3.0.202107141111\\db\/plugins/mcufinder/images/boards/B-U585I-IOT02A_small.jpg
2025-09-23 09:27:50,982 [ERROR] DbBoards:189 - Image file not found for board NUCLEO-F413ZH: C:\ST\STM32CubeIDE_1.7.0\STM32CubeIDE\plugins\com.st.stm32cube.common.mx_6.3.0.202107141111\\db\/plugins/mcufinder/images/boards/nucleo-f413zh_small.jpg
2025-09-23 09:27:51,223 [ERROR] DbBoards:189 - Image file not found for board NUCLEO-L552ZE-Q: C:\ST\STM32CubeIDE_1.7.0\STM32CubeIDE\plugins\com.st.stm32cube.common.mx_6.3.0.202107141111\\db\/plugins/mcufinder/images/boards/nucleo_l552ze_q_small.jpg
2025-09-23 09:27:51,223 [ERROR] DbBoards:189 - Image file not found for board NUCLEO-U575ZI-Q: C:\ST\STM32CubeIDE_1.7.0\STM32CubeIDE\plugins\com.st.stm32cube.common.mx_6.3.0.202107141111\\db\/plugins/mcufinder/images/boards/nucleo-u575zi-q_small.jpg
2025-09-23 09:27:51,223 [ERROR] DbBoards:189 - Image file not found for board NUCLEO-WB15CC: C:\ST\STM32CubeIDE_1.7.0\STM32CubeIDE\plugins\com.st.stm32cube.common.mx_6.3.0.202107141111\\db\/plugins/mcufinder/images/boards/nucleo-wb15cc_small.jpg
2025-09-23 09:27:51,223 [ERROR] DbBoards:189 - Image file not found for board NUCLEO-WB55RG: C:\ST\STM32CubeIDE_1.7.0\STM32CubeIDE\plugins\com.st.stm32cube.common.mx_6.3.0.202107141111\\db\/plugins/mcufinder/images/boards/nucleo-wb55rg_small.jpg
2025-09-23 09:27:52,726 [INFO] ApiDb:251 - Load user favorites file C:\Users\Dell/.stm32cubeide/favorites.boards.txt: 0 item(s)
2025-09-23 09:27:52,726 [INFO] ApiDb:255 - User favorites Boards=[]
2025-09-23 09:27:52,726 [INFO] DbBoards:206 - Set 0 / 0 favorites Boards
2025-09-23 09:27:52,726 [INFO] DbBoardsDocs:79 - Found 418 boards documents
2025-09-23 09:27:52,726 [INFO] ApiDb:276 - Save user favorites file C:\Users\Dell/.stm32cubeide/favorites.boards.txt: 0 item(s)
2025-09-23 09:27:52,726 [INFO] ApiDb:280 - User favorites Boards=[]
2025-09-23 09:27:52,726 [INFO] DbBoardsPdsc:90 - Found 25 items
2025-09-23 09:27:52,736 [INFO] DbBoardsPdsc:90 - Found 9 items
2025-09-23 09:27:52,736 [INFO] DbBoardsPdsc:90 - Found 33 items
2025-09-23 09:27:52,736 [INFO] DbBoardsPdsc:90 - Found 1 items
2025-09-23 09:27:52,761 [INFO] DbBoardsPdsc:90 - Found 48 items
2025-09-23 09:27:52,769 [INFO] DbBoardsPdsc:90 - Found 43 items
2025-09-23 09:27:52,771 [INFO] DbBoardsPdsc:90 - Found 2 items
2025-09-23 09:27:52,771 [INFO] DbBoardsPdsc:90 - Found 5 items
2025-09-23 09:27:52,775 [WARN] DbBoardsPdsc:254 - Board STM32H7B3I-DK: unknown feature type=Audio, name=, username=Audio stereo codec with Headphone Amp (CS42L51-CNZ), n=1
2025-09-23 09:27:52,775 [WARN] DbBoardsPdsc:254 - Board STM32H735G-DK: unknown feature type=Audio, name=, username=Audio stereo codec with Headphone Amp (WM8994ECS/R), n=1
2025-09-23 09:27:52,775 [WARN] DbBoardsPdsc:254 - Board STM32H7B3I-EVAL: unknown feature type=Audio, name=, username=Multi-Channel Audio Codec (CS42L51-CNZ), n=1
2025-09-23 09:27:52,777 [WARN] DbBoardsPdsc:254 - Board STM32H7B3I-EVAL: unknown feature type=Meter, name=, username=Power-metering and Temperature-monitoring with sigma-delta modulators, n=1
2025-09-23 09:27:52,777 [WARN] DbBoardsPdsc:254 - Board STM32H7B3I-EVAL: unknown feature type=Motor, name=, username=Motor Control, n=1
2025-09-23 09:27:52,777 [WARN] DbBoardsPdsc:254 - Board STM32U575I-EV: unknown feature type=joystick, name=, username=4-direction joystick with selection button, n=1
2025-09-23 09:27:52,803 [INFO] DbBoardsJson:86 - JSON generation date=Tue Nov 16 23:17:54 ICT 2021 (1637079474)
2025-09-23 09:27:52,807 [INFO] DbBoards:117 - Found 167 boards (163 are supported by CubeMX)
2025-09-23 09:27:52,809 [WARN] DbBoards:127 - board B-L475E-IOT01A2 has no document id list !
2025-09-23 09:27:52,809 [WARN] DbBoards:127 - board NUCLEO-H743ZI has no document id list !
2025-09-23 09:27:52,809 [WARN] DbBoards:127 - board NUCLEO-WL55JC2 has no document id list !
2025-09-23 09:27:52,809 [WARN] DbBoards:127 - board P-NUCLEO-WB55-Nucleo has no document id list !
2025-09-23 09:27:52,809 [WARN] DbBoards:127 - board P-NUCLEO-WB55-USBDongle has no document id list !
2025-09-23 09:27:52,809 [WARN] DbBoards:127 - board STEVAL-BFA001V1B has no document id list !
2025-09-23 09:27:52,809 [WARN] DbBoards:127 - board STEVAL-BFA001V2B has no document id list !
2025-09-23 09:27:52,809 [WARN] DbBoards:127 - board STEVAL-IDP005V1 has no document id list !
2025-09-23 09:27:52,809 [WARN] DbBoards:127 - board STEVAL-IDP005V2 has no document id list !
2025-09-23 09:27:52,809 [WARN] DbBoards:127 - board STEVAL-MKSBOX1V1 has no document id list !
2025-09-23 09:27:52,809 [WARN] DbBoards:127 - board STEVAL-STWINKT1 has no document id list !
2025-09-23 09:27:52,809 [WARN] DbBoards:127 - board STEVAL-STWINKT1B has no document id list !
2025-09-23 09:27:52,809 [WARN] DbBoards:127 - board STM32439I-EVAL2 has no document id list !
2025-09-23 09:27:52,809 [WARN] DbBoards:127 - board STM32F401C-DISCO has no document id list !
2025-09-23 09:27:52,811 [WARN] DbBoards:127 - board STM32F769I-DISC1 has no document id list !
2025-09-23 09:27:52,811 [WARN] DbBoards:127 - board STM32G474E-EVAL1 has no document id list !
2025-09-23 09:27:52,811 [WARN] DbBoards:127 - board STM32H743I-EVAL2 has no document id list !
2025-09-23 09:27:52,811 [WARN] DbBoards:127 - board STM32H747I-DISC1 has no document id list !
2025-09-23 09:27:52,811 [WARN] DbBoards:127 - board STM32H753I-EVAL2 has no document id list !
2025-09-23 09:27:52,811 [WARN] DbBoards:127 - board STM32L-DISCOVERY has no document id list !
2025-09-23 09:27:52,958 [ERROR] DbBoards:189 - Image file not found for board B-U585I-IOT02A: C:\ST\STM32CubeIDE_1.7.0\STM32CubeIDE\plugins\com.st.stm32cube.common.mx_6.3.0.202107141111\\db\/plugins/mcufinder/images/boards/B-U585I-IOT02A_small.jpg
2025-09-23 09:27:53,101 [ERROR] DbBoards:189 - Image file not found for board NUCLEO-F413ZH: C:\ST\STM32CubeIDE_1.7.0\STM32CubeIDE\plugins\com.st.stm32cube.common.mx_6.3.0.202107141111\\db\/plugins/mcufinder/images/boards/nucleo-f413zh_small.jpg
2025-09-23 09:27:53,379 [ERROR] DbBoards:189 - Image file not found for board NUCLEO-L552ZE-Q: C:\ST\STM32CubeIDE_1.7.0\STM32CubeIDE\plugins\com.st.stm32cube.common.mx_6.3.0.202107141111\\db\/plugins/mcufinder/images/boards/nucleo_l552ze_q_small.jpg
2025-09-23 09:27:53,379 [ERROR] DbBoards:189 - Image file not found for board NUCLEO-U575ZI-Q: C:\ST\STM32CubeIDE_1.7.0\STM32CubeIDE\plugins\com.st.stm32cube.common.mx_6.3.0.202107141111\\db\/plugins/mcufinder/images/boards/nucleo-u575zi-q_small.jpg
2025-09-23 09:27:53,379 [ERROR] DbBoards:189 - Image file not found for board NUCLEO-WB15CC: C:\ST\STM32CubeIDE_1.7.0\STM32CubeIDE\plugins\com.st.stm32cube.common.mx_6.3.0.202107141111\\db\/plugins/mcufinder/images/boards/nucleo-wb15cc_small.jpg
2025-09-23 09:27:53,379 [ERROR] DbBoards:189 - Image file not found for board NUCLEO-WB55RG: C:\ST\STM32CubeIDE_1.7.0\STM32CubeIDE\plugins\com.st.stm32cube.common.mx_6.3.0.202107141111\\db\/plugins/mcufinder/images/boards/nucleo-wb55rg_small.jpg
2025-09-23 09:27:54,376 [INFO] ApiDb:251 - Load user favorites file C:\Users\Dell/.stm32cubeide/favorites.boards.txt: 0 item(s)
2025-09-23 09:27:54,376 [INFO] ApiDb:255 - User favorites Boards=[]
2025-09-23 09:27:54,376 [INFO] DbBoards:206 - Set 0 / 0 favorites Boards
2025-09-23 09:27:54,391 [INFO] LoadUrlFilesThread:172 - End of LoadServerUrlFiles without Thread
2025-09-23 09:27:54,391 [INFO] TargetSelectorAdapter:224 - Refresh data is successful
2025-09-23 09:27:54,577 [INFO] ApiDb:479 - Connected to CubeFinder SQLite database (C:\Users\Dell\.stmcufinder\plugins\mcufinder\mcu\cube-finder-db.db)
2025-09-23 09:27:55,546 [ERROR] DbExamplesSqlite:446 - Missing JSON key: board_cpn
2025-09-23 09:27:55,546 [ERROR] DbExamplesSqlite:446 - Missing JSON key: board_cpn
2025-09-23 09:27:55,546 [ERROR] DbExamplesSqlite:446 - Missing JSON key: board_cpn
2025-09-23 09:27:55,546 [ERROR] DbExamplesSqlite:446 - Missing JSON key: board_cpn
2025-09-23 09:27:55,858 [ERROR] DbExamplesSqlite:446 - Missing JSON key: board_cpn
2025-09-23 09:27:55,858 [ERROR] DbExamplesSqlite:446 - Missing JSON key: board_cpn
2025-09-23 09:27:55,863 [INFO] DbExamplesSqlite:411 - Ignored 33 examples not supported by CubeIDE
2025-09-23 09:27:55,863 [INFO] DbExamplesSqlite:412 - Found 10871 examples active
2025-09-23 09:27:55,863 [INFO] DbExamplesSqlite:413 - Found 0 examples obsolete
2025-09-23 09:27:55,863 [INFO] DbExamplesSqlite:414 - Found 0 examples under development
2025-09-23 09:27:55,863 [INFO] DbExamplesSqlite:415 - Found 65 examples not building
2025-09-23 09:27:55,943 [INFO] DbExamplesSqlite:108 - CubeFinder database Data Model version=2.1
2025-09-23 09:27:55,943 [INFO] DbExamplesSqlite:109 - CubeFinder database Configuration version=3.0.39
2025-09-23 09:27:55,943 [INFO] DbExamplesSqlite:110 - CubeFinder database generation date=2025-08-25 (1756130511)
2025-09-23 09:27:55,943 [INFO] DbExamplesSqlite:111 - CubeFinder database FW Pack versions=[FP-ATR-ASTRA1_V2.0.0, FP-SNS-FLIGHT1_V5.1.0, FP-SNS-MOTENV1_V5.0.0, FP-SNS-MOTENVWB1_V1.4.0, FP-SNS-SMARTAG2_V1.2.0, FP-SNS-STBOX1_V2.1.0, STM32Cube_FW_C0_V1.4.0, STM32Cube_FW_F4_V1.28.3, STM32Cube_FW_F7_V1.17.4, STM32Cube_FW_G0_V1.6.2, STM32Cube_FW_G4_V1.6.1, STM32Cube_FW_H5_V1.5.0, STM32Cube_FW_H7RS_V1.2.0, STM32Cube_FW_H7_V1.12.1, STM32Cube_FW_L0_V1.12.2, STM32Cube_FW_L4_V1.18.1, STM32Cube_FW_L5_V1.5.1, STM32Cube_FW_N6_V1.2.0, STM32Cube_FW_U0_V1.3.0, STM32Cube_FW_U3_V1.2.0, STM32Cube_FW_U5_V1.8.0, STM32Cube_FW_WB0_V1.3.0, STM32Cube_FW_WBA_V1.7.0, STM32Cube_FW_WB_V1.23.0, STM32Cube_FW_WL3_V1.2.0, STM32Cube_FW_WL_V1.3.1, X-CUBE-ALGOBUILD_V1.4.0, X-CUBE-ALS_V1.0.2, X-CUBE-AZRTOS-F4_V1.1.0, X-CUBE-AZRTOS-F7_V1.1.0, X-CUBE-AZRTOS-G0_V1.1.0, X-CUBE-AZRTOS-G4_V2.0.0, X-CUBE-AZRTOS-H7RS_V1.1.0, X-CUBE-AZRTOS-H7_V3.4.0, X-CUBE-AZRTOS-L4_V2.0.0, X-CUBE-AZRTOS-L5_V2.0.0, X-CUBE-AZRTOS-WB_V2.0.0, X-CUBE-AZRTOS-WL_V2.0.0, X-CUBE-BLE1_V7.1.0, X-CUBE-BLE2_V3.3.0, X-CUBE-BLEMGR_V4.1.0, X-CUBE-EEPRMA1_V5.2.0, X-CUBE-FREERTOS_V1.3.1, X-CUBE-GNSS1_V6.0.0, X-CUBE-MEMS1_V11.3.0, X-CUBE-NFC4_V3.0.0, X-CUBE-NFC7_V2.0.0, X-CUBE-SFXS2LP1_V4.0.0, X-CUBE-ST67W61_V1.0.0, X-CUBE-SUBG2_V5.0.0, X-CUBE-TOF1_V3.4.3]
2025-09-23 09:27:55,943 [INFO] DbExamples:130 - Found 10903 examples
2025-09-23 09:27:57,349 [ERROR] DbExamples:206 - Found 10903 examples with invalid data (board or MCU)
2025-09-23 09:27:57,349 [INFO] DbExamples:222 - Found 97 boards with related examples
2025-09-23 09:27:57,349 [INFO] DbExamples:235 - Found 0 MCUs with related examples
2025-09-23 09:27:57,374 [INFO] ApiDb:242 - User favorites file not found: C:\Users\Dell/.stm32cubeide/favorites.examples.txt
2025-09-23 09:27:57,374 [INFO] DbExamples:256 - Set 0 / 0 favorites Examples
2025-09-23 09:27:57,867 [INFO] McuFinderGlobals:52 - Set McuFinderConnectedMode to false
2025-09-23 09:27:58,053 [INFO] CrossSelectorPresenter:1330 - Cross Selector saved comparison directory: C:\Users\Dell\.stmcufinder\plugins\mcufinder\mcu\cs_comparisons_mx
2025-09-23 09:27:58,053 [INFO] MultiScanPanel:197 - Auto-refresh data requested => check proxy status ongoing
2025-09-23 09:27:58,053 [INFO] MultiScanPanel:201 - Proxy status is invalid
2025-09-23 09:27:58,065 [INFO] FinderPluginLoader:87 - Searching for filters in installed packs
2025-09-23 09:27:58,837 [INFO] DetailPanel:309 - Set advertising image to C:/Users/Dell/STM32Cube/Repository/\en.2400x1350px.jpeg
2025-09-23 09:29:23,685 [INFO] MainUpdater:2671 - connection check result : 10
2025-09-23 09:29:23,701 [INFO] MainUpdater:2671 - connection check result : 10
2025-09-23 09:29:23,829 [INFO] MicroXplorer:448 - Change Database Path : 
2025-09-23 09:29:23,830 [INFO] MicroXplorer:478 - Change Database Version : DB.6.0.30
2025-09-23 09:29:23,830 [WARN] ThirdParty:813 - waiting for thirdparty lock release [close project]
2025-09-23 09:29:23,830 [INFO] ThirdParty:815 - entering critical section [close project]
2025-09-23 09:29:23,830 [INFO] ThirdParty:825 - exiting critical section [close project]
2025-09-23 09:29:23,830 [INFO] PinOutPanel:1463 - setPackage(No Configuration,No Configuration)
2025-09-23 09:29:23,830 [INFO] UtilMem:74 - Begin LoadConfig() Used Memory: 997700864 Bytes (1020264448)
2025-09-23 09:29:23,830 [INFO] MicroXplorer:448 - Change Database Path : 
2025-09-23 09:29:23,830 [INFO] MicroXplorer:478 - Change Database Version : DB.6.0.30
2025-09-23 09:29:23,830 [INFO] OpenFileManager:313 - Change cursor
2025-09-23 09:29:23,861 [WARN] IntegrityCheckThread:78 - waiting for thirdparty lock release [integrity check]
2025-09-23 09:29:23,861 [INFO] IntegrityCheckThread:80 - entering critical section [integrity check]
2025-09-23 09:29:24,163 [ERROR] Engine:463 - C:\Users\Dell\.stm32cubemx\thirdparties\pdsc\STMicroelectronics.FP-SNS-MOTENVWB1.1.4.0.pdsc: PDSC version is not supported
2025-09-23 09:29:24,211 [WARN] PackLoader:238 - Cannot read IP mode file for STMicroelectronics.FP-ATR-ASTRA1.2.0.2
2025-09-23 09:29:24,243 [ERROR] Engine:463 - C:\Users\Dell\.stm32cubemx\thirdparties\pdsc\STMicroelectronics.X-CUBE-SMBUS.2.1.0.pdsc: PDSC version is not supported
2025-09-23 09:29:24,269 [ERROR] Engine:463 - C:\Users\Dell\.stm32cubemx\thirdparties\pdsc\STMicroelectronics.X-CUBE-ST60.1.0.0.pdsc: PDSC version is not supported
2025-09-23 09:29:24,370 [WARN] PackLoader:238 - Cannot read IP mode file for STMicroelectronics.X-CUBE-AZRTOS-F7.1.1.0
2025-09-23 09:29:24,386 [ERROR] Engine:463 - C:\Users\Dell\.stm32cubemx\thirdparties\pdsc\WES.I-CUBE-Cesium.1.4.0.pdsc: PDSC version is not supported
2025-09-23 09:29:24,418 [ERROR] Engine:463 - C:\Users\Dell\.stm32cubemx\thirdparties\pdsc\Infineon.AIROC-Wi-Fi-Bluetooth-STM32.1.7.1.pdsc: PDSC version is not supported
2025-09-23 09:29:24,498 [WARN] PackLoader:238 - Cannot read IP mode file for STMicroelectronics.X-CUBE-AZRTOS-H7.3.4.0
2025-09-23 09:29:24,556 [ERROR] Engine:463 - C:\Users\Dell\.stm32cubemx\thirdparties\pdsc\STMicroelectronics.X-CUBE-DISPLAY.3.0.0.pdsc: PDSC version is not supported
2025-09-23 09:29:24,593 [WARN] PackLoader:238 - Cannot read IP mode file for STMicroelectronics.X-CUBE-NFC10.1.0.0
2025-09-23 09:29:24,609 [ERROR] Engine:463 - C:\Users\Dell\.stm32cubemx\thirdparties\pdsc\emotas.I-CUBE-CANOPEN.1.3.0.pdsc: PDSC version is not supported
2025-09-23 09:29:24,641 [ERROR] Engine:463 - C:\Users\Dell\.stm32cubemx\thirdparties\pdsc\STMicroelectronics.FP-SNS-STBOX1.2.1.0.pdsc: PDSC version is not supported
2025-09-23 09:29:24,657 [ERROR] Engine:463 - C:\Users\Dell\.stm32cubemx\thirdparties\pdsc\STMicroelectronics.FP-SNS-SMARTAG2.1.2.0.pdsc: PDSC version is not supported
2025-09-23 09:29:24,657 [ERROR] Engine:463 - C:\Users\Dell\.stm32cubemx\thirdparties\pdsc\STMicroelectronics.FP-SNS-FLIGHT1.5.1.0.pdsc: PDSC version is not supported
2025-09-23 09:29:24,689 [INFO] LogOutputStream:76 - [STDOUT_REDIRECT] 1 : Invalid condition id : UX_CORESTACK_Condition cause : null
2025-09-23 09:29:24,689 [INFO] LogOutputStream:76 - [STDOUT_REDIRECT] 1 : Invalid condition id : UX_CORESTACK_Condition cause : null
2025-09-23 09:29:24,689 [INFO] LogOutputStream:76 - [STDOUT_REDIRECT] 1 : Invalid condition id : UX_CORESTACK_Condition cause : null
2025-09-23 09:29:24,689 [INFO] LogOutputStream:76 - [STDOUT_REDIRECT] 1 : Invalid condition id : UX_CORESTACK_Condition cause : null
2025-09-23 09:29:24,689 [INFO] LogOutputStream:76 - [STDOUT_REDIRECT] 1 : Invalid condition id : UX_CORESTACK_Condition cause : null
2025-09-23 09:29:24,689 [WARN] PackLoader:238 - Cannot read IP mode file for STMicroelectronics.X-CUBE-AZRTOS-WL.2.0.0
2025-09-23 09:29:24,721 [ERROR] Engine:463 - C:\Users\Dell\.stm32cubemx\thirdparties\pdsc\STMicroelectronics.FP-SNS-MOTENV1.5.0.0.pdsc: PDSC version is not supported
2025-09-23 09:29:24,752 [WARN] PackLoader:238 - Cannot read IP mode file for STMicroelectronics.X-CUBE-BLE2.3.3.0
2025-09-23 09:29:24,768 [WARN] PackLoader:238 - Cannot read IP mode file for STMicroelectronics.X-CUBE-NFC9.1.0.0
2025-09-23 09:29:24,801 [WARN] PackLoader:238 - Cannot read IP mode file for wolfSSL.I-CUBE-wolfSSL.5.8.2
2025-09-23 09:29:24,816 [WARN] PackLoader:238 - Cannot read IP mode file for STMicroelectronics.X-CUBE-BLE1.7.1.0
2025-09-23 09:29:24,832 [WARN] PackLoader:238 - Cannot read IP mode file for wolfSSL.I-CUBE-wolfMQTT.1.19.2
2025-09-23 09:29:24,864 [WARN] PackLoader:238 - Cannot read IP mode file for STMicroelectronics.X-CUBE-EEPRMA1.5.2.0
2025-09-23 09:29:24,896 [WARN] PackLoader:238 - Cannot read IP mode file for STMicroelectronics.X-CUBE-AZRTOS-G0.1.1.0
2025-09-23 09:29:24,928 [WARN] PackLoader:238 - Cannot read IP mode file for STMicroelectronics.X-CUBE-SAFEA1.1.2.2
2025-09-23 09:29:24,960 [WARN] PackLoader:238 - Cannot read IP mode file for STMicroelectronics.X-CUBE-NFC4.3.0.0
2025-09-23 09:29:24,976 [ERROR] Engine:463 - C:\Users\Dell\.stm32cubemx\thirdparties\pdsc\EmbeddedOffice.I-CUBE-FS-RTOS.1.0.1.pdsc: PDSC version is not supported
2025-09-23 09:29:24,992 [WARN] PackLoader:238 - Cannot read IP mode file for STMicroelectronics.X-CUBE-WB05N.2.0.0
2025-09-23 09:29:25,008 [WARN] PackLoader:238 - Cannot read IP mode file for wolfSSL.I-CUBE-wolfTPM.3.8.0
2025-09-23 09:29:25,023 [ERROR] Engine:463 - C:\Users\Dell\.stm32cubemx\thirdparties\pdsc\STMicroelectronics.X-CUBE-TCPP.4.2.0.pdsc: PDSC version is not supported
2025-09-23 09:29:25,039 [ERROR] Engine:463 - C:\Users\Dell\.stm32cubemx\thirdparties\pdsc\RealThread.X-CUBE-RT-Thread_Nano.4.1.1.pdsc: PDSC version is not supported
2025-09-23 09:29:25,055 [WARN] PackLoader:238 - Cannot read IP mode file for STMicroelectronics.FP-ATR-SIGFOX1.3.2.0
2025-09-23 09:29:25,071 [ERROR] Engine:463 - C:\Users\Dell\.stm32cubemx\thirdparties\pdsc\ITTIA_DB.I-CUBE-ITTIADB.8.9.0.pdsc: PDSC version is not supported
2025-09-23 09:29:25,087 [ERROR] Engine:463 - C:\Users\Dell\.stm32cubemx\thirdparties\pdsc\STMicroelectronics.X-CUBE-ST67W61.1.0.0.pdsc: PDSC version is not supported
2025-09-23 09:29:25,103 [WARN] PackLoader:238 - Cannot read IP mode file for STMicroelectronics.X-CUBE-AI.10.2.0
2025-09-23 09:29:25,182 [WARN] PackLoader:238 - Cannot read IP mode file for SEGGER.I-CUBE-embOS.1.3.1
2025-09-23 09:29:25,294 [WARN] PackLoader:238 - Cannot read IP mode file for STMicroelectronics.X-CUBE-ALGOBUILD.1.4.0
2025-09-23 09:29:25,406 [WARN] PackLoader:238 - Cannot read IP mode file for STMicroelectronics.X-CUBE-MEMS1.11.3.0
2025-09-23 09:29:25,696 [WARN] PackLoader:238 - Cannot read IP mode file for STMicroelectronics.X-CUBE-PM33A1.1.0.0
2025-09-23 09:29:25,760 [WARN] PackLoader:238 - Cannot read IP mode file for STMicroelectronics.X-CUBE-AZRTOS-F4.1.1.0
2025-09-23 09:29:25,760 [ERROR] Engine:463 - C:\Users\Dell\.stm32cubemx\thirdparties\pdsc\Avnet-IotConnect.X-CUBE-IoTC-DA16k-PMOD.1.0.0.pdsc: PDSC version is not supported
2025-09-23 09:29:25,788 [WARN] PackLoader:238 - Cannot read IP mode file for STMicroelectronics.X-CUBE-ISPU.2.1.0
2025-09-23 09:29:25,820 [WARN] PackLoader:238 - Cannot read IP mode file for STMicroelectronics.X-CUBE-NFC12.1.0.0
2025-09-23 09:29:25,882 [WARN] PackLoader:238 - Cannot read IP mode file for STMicroelectronics.X-CUBE-AZRTOS-L5.2.0.0
2025-09-23 09:29:25,900 [WARN] PackLoader:238 - Cannot read IP mode file for STMicroelectronics.X-CUBE-NFC6.3.1.0
2025-09-23 09:29:25,911 [ERROR] Engine:463 - C:\Users\Dell\.stm32cubemx\thirdparties\pdsc\STMicroelectronics.X-CUBE-FREERTOS.1.3.1.pdsc: PDSC version is not supported
2025-09-23 09:29:25,925 [ERROR] Engine:463 - C:\Users\Dell\.stm32cubemx\thirdparties\pdsc\STMicroelectronics.FP-SNS-STAIOTCFT.1.0.0.pdsc: PDSC version is not supported
2025-09-23 09:29:25,941 [ERROR] Engine:463 - C:\Users\Dell\.stm32cubemx\thirdparties\pdsc\STMicroelectronics.X-CUBE-DPower.1.3.0.pdsc: PDSC version is not supported
2025-09-23 09:29:25,990 [WARN] ConditionMgr:437 - getConditionDescription Invalid condition id : LAN8742 Phy interface Condition cause : null
2025-09-23 09:29:25,990 [WARN] PackLoader:238 - Cannot read IP mode file for STMicroelectronics.X-CUBE-AZRTOS-L4.2.0.0
2025-09-23 09:29:25,990 [WARN] ConditionMgr:1038 - genDependencies : Invalid condition id : LAN8742 Phy interface Condition cause : null
2025-09-23 09:29:25,990 [WARN] ConditionMgr:1038 - genDependencies : Invalid condition id : LAN8742 Phy interface Condition cause : null
2025-09-23 09:29:25,990 [WARN] ConditionMgr:1038 - genDependencies : Invalid condition id : LAN8742 Phy interface Condition cause : null
2025-09-23 09:29:26,022 [WARN] PackLoader:238 - Cannot read IP mode file for STMicroelectronics.X-CUBE-SFXS2LP1.4.0.0
2025-09-23 09:29:26,038 [ERROR] Engine:463 - C:\Users\Dell\.stm32cubemx\thirdparties\pdsc\STMicroelectronics.X-CUBE-BLEMGR.4.1.0.pdsc: PDSC version is not supported
2025-09-23 09:29:26,086 [WARN] ConditionMgr:437 - getConditionDescription Invalid condition id : UX DEVICE CLASS RTOS Condition cause : null
2025-09-23 09:29:26,086 [WARN] ConditionMgr:437 - getConditionDescription Invalid condition id : UX DEVICE CLASS RTOS Condition cause : null
2025-09-23 09:29:26,086 [WARN] PackLoader:238 - Cannot read IP mode file for STMicroelectronics.X-CUBE-AZRTOS-WB.2.0.0
2025-09-23 09:29:26,086 [WARN] ConditionMgr:1038 - genDependencies : Invalid condition id : UX DEVICE CLASS RTOS Condition cause : null
2025-09-23 09:29:26,086 [WARN] ConditionMgr:1038 - genDependencies : Invalid condition id : UX DEVICE CLASS RTOS Condition cause : null
2025-09-23 09:29:26,086 [WARN] ConditionMgr:1038 - genDependencies : Invalid condition id : UX DEVICE CLASS RTOS Condition cause : null
2025-09-23 09:29:26,086 [WARN] ConditionMgr:1038 - genDependencies : Invalid condition id : UX DEVICE CLASS RTOS Condition cause : null
2025-09-23 09:29:26,086 [WARN] ConditionMgr:1038 - genDependencies : Invalid condition id : UX DEVICE CLASS RTOS Condition cause : null
2025-09-23 09:29:26,103 [WARN] PackLoader:238 - Cannot read IP mode file for STMicroelectronics.X-CUBE-GNSS1.7.0.1
2025-09-23 09:29:26,134 [WARN] PackLoader:238 - Cannot read IP mode file for STMicroelectronics.X-CUBE-TOUCHGFX.4.25.0
2025-09-23 09:29:26,134 [ERROR] Engine:463 - C:\Users\Dell\.stm32cubemx\thirdparties\pdsc\quantropi.X-CUBE-qispace-sdk-base.2.1.0.pdsc: PDSC version is not supported
2025-09-23 09:29:26,166 [WARN] PackLoader:238 - Cannot read IP mode file for STMicroelectronics.X-CUBE-SUBG2.5.0.0
2025-09-23 09:29:26,229 [WARN] PackLoader:238 - Cannot read IP mode file for STMicroelectronics.X-CUBE-AZRTOS-H7RS.1.1.0
2025-09-23 09:29:26,245 [ERROR] Engine:463 - C:\Users\Dell\.stm32cubemx\thirdparties\pdsc\Cesanta.I-CUBE-Mongoose.7.13.0.pdsc: PDSC version is not supported
2025-09-23 09:29:26,293 [WARN] PackLoader:238 - Cannot read IP mode file for STMicroelectronics.X-CUBE-AZRTOS-G4.2.0.0
2025-09-23 09:29:26,309 [WARN] PackLoader:238 - Cannot read IP mode file for wolfSSL.I-CUBE-wolfSSH.1.4.20
2025-09-23 09:29:26,325 [WARN] PackLoader:238 - Cannot read IP mode file for STMicroelectronics.X-CUBE-NFC7.2.0.0
2025-09-23 09:29:26,367 [ERROR] Engine:463 - C:\Users\Dell\.stm32cubemx\thirdparties\pdsc\STMicroelectronics.X-CUBE-IPS.3.1.0.pdsc: PDSC version is not supported
2025-09-23 09:29:26,389 [ERROR] Engine:463 - C:\Users\Dell\.stm32cubemx\thirdparties\pdsc\STMicroelectronics.X-CUBE-ALS.1.0.2.pdsc: PDSC version is not supported
2025-09-23 09:29:26,434 [WARN] PackLoader:238 - Cannot read IP mode file for STMicroelectronics.X-CUBE-STSE01.1.0.0
2025-09-23 09:29:26,478 [ERROR] Engine:463 - C:\Users\Dell\.stm32cubemx\thirdparties\pdsc\STMicroelectronics.X-CUBE-TOF1.3.4.3.pdsc: PDSC version is not supported
2025-09-23 09:29:26,478 [INFO] ThirdParty:915 - Integrity check success = true
2025-09-23 09:29:26,478 [INFO] IntegrityCheckThread:94 - exiting critical section [integrity check]
2025-09-23 09:29:26,478 [INFO] IntegrityCheckThread:97 - End integrity checks thread
2025-09-23 09:29:28,120 [INFO] Context:592 - Trying to add GPIOservice into a context  which must be forbidden
2025-09-23 09:29:28,376 [INFO] ImportTextPane:167 - (OptionalMessage_ERROR) Unable to find key (Mcu.ThirdPartyNb) in loaded IOC file
2025-09-23 09:29:28,376 [INFO] ImportTextPane:167 - (OptionalMessage_ERROR) Unable to find key (Mcu.PinsNb) in loaded IOC file
2025-09-23 09:29:28,376 [INFO] ImportTextPane:167 - (OptionalMessage_ERROR) Unable to find key (Mcu.IPNb) in loaded IOC file
2025-09-23 09:29:28,505 [WARN] ApiManager:304 - Cannot register API 'Board Extension:PM33A1' from pack STMicroelectronics.X-CUBE-PM33A1.1.0.0: no header file found
2025-09-23 09:29:28,505 [WARN] ApiManager:304 - Cannot register API 'Board Extension:NFC09A1' from pack STMicroelectronics.X-CUBE-NFC9.1.0.0: no header file found
2025-09-23 09:29:28,520 [WARN] ApiManager:304 - Cannot register API 'Wireless:BlueNRG-MS' from pack STMicroelectronics.X-CUBE-BLE1.7.1.0: no header file found
2025-09-23 09:29:28,537 [WARN] ApiManager:304 - Cannot register API 'Board Extension:EEPRMA2' from pack STMicroelectronics.X-CUBE-EEPRMA1.5.2.0: no header file found
2025-09-23 09:29:28,537 [WARN] ApiManager:304 - Cannot register API 'Board Extension:PGEEZ1' from pack STMicroelectronics.X-CUBE-EEPRMA1.5.2.0: no header file found
2025-09-23 09:29:28,537 [WARN] ApiManager:304 - Cannot register API 'Board Extension:EEICA1' from pack STMicroelectronics.X-CUBE-EEPRMA1.5.2.0: no header file found
2025-09-23 09:29:28,537 [WARN] ApiManager:304 - Cannot register API 'Board Part:M24' from pack STMicroelectronics.X-CUBE-EEPRMA1.5.2.0: no header file found
2025-09-23 09:29:28,537 [WARN] ApiManager:304 - Cannot register API 'Board Part:M95' from pack STMicroelectronics.X-CUBE-EEPRMA1.5.2.0: no header file found
2025-09-23 09:29:28,537 [WARN] ApiManager:304 - Cannot register API 'Board Part:M95P32' from pack STMicroelectronics.X-CUBE-EEPRMA1.5.2.0: no header file found
2025-09-23 09:29:28,537 [WARN] ApiManager:304 - Cannot register API 'Board Part:M24256E-F' from pack STMicroelectronics.X-CUBE-EEPRMA1.5.2.0: no header file found
2025-09-23 09:29:28,537 [WARN] ApiManager:304 - Cannot register API 'Board Part:M24M01E-F' from pack STMicroelectronics.X-CUBE-EEPRMA1.5.2.0: no header file found
2025-09-23 09:29:28,537 [WARN] ApiManager:304 - Cannot register API 'PGEEZ1:SPI' from pack STMicroelectronics.X-CUBE-EEPRMA1.5.2.0: no header file found
2025-09-23 09:29:28,537 [WARN] ApiManager:304 - Cannot register API 'PGEEZ1:QDSPI' from pack STMicroelectronics.X-CUBE-EEPRMA1.5.2.0: no header file found
2025-09-23 09:29:28,537 [WARN] ApiManager:304 - Cannot register API 'Board Extension:GNSS1A1' from pack STMicroelectronics.X-CUBE-GNSS1.7.0.1: no header file found
2025-09-23 09:29:28,537 [WARN] ApiManager:304 - Cannot register API 'Board Support:Custom' from pack STMicroelectronics.X-CUBE-GNSS1.7.0.1: no header file found
2025-09-23 09:29:28,537 [WARN] ApiManager:304 - Cannot register API 'Data Exchange:lib_gnss' from pack STMicroelectronics.X-CUBE-GNSS1.7.0.1: no header file found
2025-09-23 09:29:28,537 [WARN] ApiManager:304 - Cannot register API 'Board Extension:NFC12A1' from pack STMicroelectronics.X-CUBE-NFC12.1.0.0: no header file found
2025-09-23 09:29:28,553 [WARN] ApiManager:304 - Cannot register API 'Board Extension:NFC06A1' from pack STMicroelectronics.X-CUBE-NFC6.3.1.0: no header file found
2025-09-23 09:29:28,553 [WARN] ApiManager:304 - Cannot register API 'Board Extension:NFC08A1' from pack STMicroelectronics.X-CUBE-NFC6.3.1.0: no header file found
2025-09-23 09:29:28,553 [INFO] RtosManager:484 - Registered RTOS mode: class=CMSIS, group=RTOS, mode=CMSIS_V1, owner=FREERTOS
2025-09-23 09:29:28,553 [INFO] RtosManager:484 - Registered RTOS mode: class=CMSIS, group=RTOS2, mode=CMSIS_V2, owner=FREERTOS
2025-09-23 09:29:28,553 [INFO] RtosManager:484 - Registered RTOS mode: class=RTOS, group=Core, mode=CMSIS_V1, owner=FREERTOS
2025-09-23 09:29:28,553 [INFO] RtosManager:484 - Registered RTOS mode: class=RTOS, group=Core, mode=CMSIS_V2, owner=FREERTOS
2025-09-23 09:29:28,553 [WARN] ModelIntegratedComponent:181 - Missing modes for component STMicroelectronics:FreeRTOS:0.0.1:STMicroelectronics:RTOS:FreeRTOS:Core:::10.2.0:
2025-09-23 09:29:28,553 [WARN] ApiManager:304 - Cannot register API 'Board Extension:STSAFEA1' from pack STMicroelectronics.X-CUBE-SAFEA1.1.2.2: no header file found
2025-09-23 09:29:28,553 [WARN] ApiManager:304 - Cannot register API 'Board Part:STSAFEA110' from pack STMicroelectronics.X-CUBE-SAFEA1.1.2.2: no header file found
2025-09-23 09:29:28,553 [WARN] ApiManager:304 - Cannot register API 'Security:ST_Cryptolib' from pack STMicroelectronics.X-CUBE-SAFEA1.1.2.2: no header file found
2025-09-23 09:29:28,553 [WARN] ApiManager:304 - Cannot register API 'Security:MbedTLS' from pack STMicroelectronics.X-CUBE-SAFEA1.1.2.2: no header file found
2025-09-23 09:29:28,568 [WARN] ApiManager:304 - Cannot register API 'Board Extension:NFC04A1' from pack STMicroelectronics.X-CUBE-NFC4.3.0.0: no header file found
2025-09-23 09:29:28,568 [WARN] ApiManager:304 - Cannot register API 'Board Extension:S2868A1' from pack STMicroelectronics.X-CUBE-SUBG2.5.0.0: no header file found
2025-09-23 09:29:28,568 [WARN] ApiManager:304 - Cannot register API 'Board Extension:S2868A2' from pack STMicroelectronics.X-CUBE-SUBG2.5.0.0: no header file found
2025-09-23 09:29:28,568 [WARN] ApiManager:304 - Cannot register API 'Board Extension:S2915A1' from pack STMicroelectronics.X-CUBE-SUBG2.5.0.0: no header file found
2025-09-23 09:29:28,568 [WARN] ApiManager:304 - Cannot register API 'Wireless:STM32WB05N' from pack STMicroelectronics.X-CUBE-WB05N.2.0.0: no header file found
2025-09-23 09:29:28,584 [WARN] ApiManager:304 - Cannot register API 'Board Extension:NFC07A1' from pack STMicroelectronics.X-CUBE-NFC7.2.0.0: no header file found
2025-09-23 09:29:28,584 [WARN] ApiManager:304 - Cannot register API 'Board Extension:NFC10A1' from pack STMicroelectronics.X-CUBE-NFC10.1.0.0: no header file found
2025-09-23 09:29:28,584 [WARN] ModelIntegratedComponent:60 - No mode defined for component null
2025-09-23 09:29:28,584 [WARN] ModelIntegratedComponent:60 - No mode defined for component null
2025-09-23 09:29:28,584 [WARN] ModelIntegratedComponent:60 - No mode defined for component null
2025-09-23 09:29:28,584 [WARN] ModelIntegratedComponent:60 - No mode defined for component null
2025-09-23 09:29:28,584 [WARN] ModelIntegratedComponent:60 - No mode defined for component null
2025-09-23 09:29:28,584 [WARN] ModelIntegratedComponent:60 - No mode defined for component null
2025-09-23 09:29:28,584 [WARN] ModelIntegratedComponent:60 - No mode defined for component null
2025-09-23 09:29:28,584 [WARN] ModelIntegratedComponent:60 - No mode defined for component null
2025-09-23 09:29:28,584 [WARN] ModelIntegratedComponent:60 - No mode defined for component null
2025-09-23 09:29:28,584 [WARN] ModelIntegratedComponent:60 - No mode defined for component null
2025-09-23 09:29:28,584 [WARN] ModelIntegratedComponent:60 - No mode defined for component null
2025-09-23 09:29:28,584 [WARN] ModelIntegratedComponent:60 - No mode defined for component null
2025-09-23 09:29:28,584 [WARN] ModelIntegratedComponent:60 - No mode defined for component null
2025-09-23 09:29:28,584 [WARN] ModelIntegratedComponent:60 - No mode defined for component null
2025-09-23 09:29:28,584 [WARN] ModelIntegratedComponent:60 - No mode defined for component null
2025-09-23 09:29:28,584 [WARN] ModelIntegratedComponent:60 - No mode defined for component null
2025-09-23 09:29:28,584 [WARN] ModelIntegratedComponent:60 - No mode defined for component null
2025-09-23 09:29:28,584 [WARN] ModelIntegratedComponent:60 - No mode defined for component null
2025-09-23 09:29:28,584 [WARN] ModelIntegratedComponent:60 - No mode defined for component null
2025-09-23 09:29:28,584 [WARN] ModelIntegratedComponent:60 - No mode defined for component null
2025-09-23 09:29:28,584 [WARN] ModelIntegratedComponent:60 - No mode defined for component null
2025-09-23 09:29:28,584 [WARN] ModelIntegratedComponent:60 - No mode defined for component null
2025-09-23 09:29:28,584 [WARN] ModelIntegratedComponent:60 - No mode defined for component null
2025-09-23 09:29:28,584 [WARN] ModelIntegratedComponent:60 - No mode defined for component null
2025-09-23 09:29:28,584 [WARN] ModelIntegratedComponent:60 - No mode defined for component null
2025-09-23 09:29:28,584 [WARN] ModelIntegratedComponent:60 - No mode defined for component null
2025-09-23 09:29:28,584 [WARN] ModelIntegratedComponent:60 - No mode defined for component null
2025-09-23 09:29:28,584 [WARN] ModelIntegratedComponent:60 - No mode defined for component null
2025-09-23 09:29:28,584 [WARN] ModelIntegratedComponent:60 - No mode defined for component null
2025-09-23 09:29:28,584 [WARN] ModelIntegratedComponent:60 - No mode defined for component null
2025-09-23 09:29:28,584 [WARN] ModelIntegratedComponent:60 - No mode defined for component null
2025-09-23 09:29:28,604 [WARN] ApiManager:304 - Cannot register API 'Board Extension:SAFEA1' from pack STMicroelectronics.X-CUBE-STSE01.1.0.0: no header file found
2025-09-23 09:29:28,604 [WARN] ApiManager:304 - Cannot register API 'Board Extension:ESE01A1' from pack STMicroelectronics.X-CUBE-STSE01.1.0.0: no header file found
2025-09-23 09:29:28,604 [WARN] ApiManager:304 - Cannot register API 'Board Part:STSAFEA110' from pack STMicroelectronics.X-CUBE-STSE01.1.0.0: no header file found
2025-09-23 09:29:28,606 [WARN] ApiManager:304 - Cannot register API 'Board Part:STSAFEA120' from pack STMicroelectronics.X-CUBE-STSE01.1.0.0: no header file found
2025-09-23 09:29:28,606 [WARN] ApiManager:304 - Cannot register API 'Security:STM32_Cryptographic' from pack STMicroelectronics.X-CUBE-STSE01.1.0.0: no header file found
2025-09-23 09:29:28,606 [WARN] ApiManager:304 - Cannot register API 'Security:STSELib' from pack STMicroelectronics.X-CUBE-STSE01.1.0.0: no header file found
2025-09-23 09:29:28,886 [WARN] ApiManager:304 - Cannot register API 'Board Extension:IKS01A3' from pack STMicroelectronics.X-CUBE-MEMS1.11.3.0: no header file found
2025-09-23 09:29:28,886 [WARN] ApiManager:304 - Cannot register API 'Board Extension:IKS02A1' from pack STMicroelectronics.X-CUBE-MEMS1.11.3.0: no header file found
2025-09-23 09:29:28,886 [WARN] ApiManager:304 - Cannot register API 'Board Extension:IKS4A1' from pack STMicroelectronics.X-CUBE-MEMS1.11.3.0: no header file found
2025-09-23 09:29:28,895 [WARN] ApiManager:304 - Cannot register API 'Board Extension:S2868A1' from pack STMicroelectronics.X-CUBE-SFXS2LP1.4.0.0: no header file found
2025-09-23 09:29:28,895 [WARN] ApiManager:304 - Cannot register API 'Board Extension:S2868A2' from pack STMicroelectronics.X-CUBE-SFXS2LP1.4.0.0: no header file found
2025-09-23 09:29:28,895 [WARN] ApiManager:304 - Cannot register API 'Board Extension:S2915A1' from pack STMicroelectronics.X-CUBE-SFXS2LP1.4.0.0: no header file found
2025-09-23 09:29:28,897 [WARN] ApiManager:304 - Cannot register API 'Wireless:BlueNRG-2' from pack STMicroelectronics.X-CUBE-BLE2.3.3.0: no header file found
2025-09-23 09:29:31,425 [INFO] UtilMem:74 - End LoadConfig() Used Memory: 932654536 Bytes (1066401792)
2025-09-23 09:29:31,440 [WARN] ThirdParty:779 - waiting for thirdparty lock release [change project]
2025-09-23 09:29:31,440 [INFO] ThirdParty:781 - entering critical section [change project]
2025-09-23 09:29:31,440 [INFO] ThirdParty:967 - CMSIS Pack Vendor :STMicroelectronics X-CUBE-PM33A1 1.0.0
2025-09-23 09:29:31,440 [INFO] ThirdParty:967 - CMSIS Pack Vendor :STMicroelectronics X-CUBE-NFC9 1.0.0
2025-09-23 09:29:31,440 [INFO] ThirdParty:967 - CMSIS Pack Vendor :STMicroelectronics USB_HOST 2.0.0
2025-09-23 09:29:31,440 [INFO] ThirdParty:967 - CMSIS Pack Vendor :STMicroelectronics X-CUBE-AZRTOS-F4 1.1.0
2025-09-23 09:29:31,440 [INFO] ThirdParty:967 - CMSIS Pack Vendor :STMicroelectronics FP-ATR-ASTRA1 2.0.2
2025-09-23 09:29:31,440 [INFO] ThirdParty:967 - CMSIS Pack Vendor :wolfSSL I-CUBE-wolfSSL 5.8.2
2025-09-23 09:29:31,440 [INFO] ThirdParty:967 - CMSIS Pack Vendor :STMicroelectronics X-CUBE-BLE1 7.1.0
2025-09-23 09:29:31,440 [INFO] ThirdParty:967 - CMSIS Pack Vendor :wolfSSL I-CUBE-wolfMQTT 1.19.2
2025-09-23 09:29:31,440 [INFO] ThirdParty:967 - CMSIS Pack Vendor :STMicroelectronics USB_DEVICE 3.0.0
2025-09-23 09:29:31,440 [INFO] ThirdParty:967 - CMSIS Pack Vendor :STMicroelectronics X-CUBE-ISPU 2.1.0
2025-09-23 09:29:31,440 [INFO] ThirdParty:967 - CMSIS Pack Vendor :STMicroelectronics X-CUBE-EEPRMA1 5.2.0
2025-09-23 09:29:31,440 [INFO] ThirdParty:967 - CMSIS Pack Vendor :STMicroelectronics X-CUBE-AZRTOS-WB 2.0.0
2025-09-23 09:29:31,440 [INFO] ThirdParty:967 - CMSIS Pack Vendor :STMicroelectronics X-CUBE-GNSS1 7.0.1
2025-09-23 09:29:31,440 [INFO] ThirdParty:967 - CMSIS Pack Vendor :STMicroelectronics X-CUBE-NFC12 1.0.0
2025-09-23 09:29:31,440 [INFO] ThirdParty:967 - CMSIS Pack Vendor :STMicroelectronics X-CUBE-AZRTOS-F7 1.1.0
2025-09-23 09:29:31,440 [INFO] ThirdParty:967 - CMSIS Pack Vendor :STMicroelectronics X-CUBE-AZRTOS-L5 2.0.0
2025-09-23 09:29:31,440 [INFO] ThirdParty:967 - CMSIS Pack Vendor :STMicroelectronics X-CUBE-TOUCHGFX 4.25.0
2025-09-23 09:29:31,440 [INFO] ThirdParty:967 - CMSIS Pack Vendor :STMicroelectronics USB_DEVICE 2.0.0
2025-09-23 09:29:31,440 [INFO] ThirdParty:967 - CMSIS Pack Vendor :STMicroelectronics X-CUBE-NFC6 3.1.0
2025-09-23 09:29:31,440 [INFO] ThirdParty:967 - CMSIS Pack Vendor :STMicroelectronics FreeRTOS 0.0.1
2025-09-23 09:29:31,440 [INFO] ThirdParty:967 - CMSIS Pack Vendor :STMicroelectronics X-CUBE-AZRTOS-G0 1.1.0
2025-09-23 09:29:31,440 [INFO] ThirdParty:967 - CMSIS Pack Vendor :STMicroelectronics X-CUBE-SAFEA1 1.2.2
2025-09-23 09:29:31,440 [INFO] ThirdParty:967 - CMSIS Pack Vendor :STMicroelectronics X-CUBE-NFC4 3.0.0
2025-09-23 09:29:31,440 [INFO] ThirdParty:967 - CMSIS Pack Vendor :STMicroelectronics X-CUBE-SUBG2 5.0.0
2025-09-23 09:29:31,440 [INFO] ThirdParty:967 - CMSIS Pack Vendor :STMicroelectronics X-CUBE-AZRTOS-H7RS 1.1.0
2025-09-23 09:29:31,440 [INFO] ThirdParty:967 - CMSIS Pack Vendor :STMicroelectronics lwIP 2.0.3
2025-09-23 09:29:31,440 [INFO] ThirdParty:967 - CMSIS Pack Vendor :STMicroelectronics USB_HOST 1.0.0
2025-09-23 09:29:31,440 [INFO] ThirdParty:967 - CMSIS Pack Vendor :STMicroelectronics X-CUBE-AZRTOS-G4 2.0.0
2025-09-23 09:29:31,440 [INFO] ThirdParty:967 - CMSIS Pack Vendor :STMicroelectronics X-CUBE-WB05N 2.0.0
2025-09-23 09:29:31,440 [INFO] ThirdParty:967 - CMSIS Pack Vendor :STMicroelectronics PDM2PCM 3.1.0
2025-09-23 09:29:31,440 [INFO] ThirdParty:967 - CMSIS Pack Vendor :STMicroelectronics PDM2PCM 3.3.0
2025-09-23 09:29:31,440 [INFO] ThirdParty:967 - CMSIS Pack Vendor :wolfSSL I-CUBE-wolfTPM 3.8.0
2025-09-23 09:29:31,440 [INFO] ThirdParty:967 - CMSIS Pack Vendor :STMicroelectronics X-CUBE-AZRTOS-H7 3.4.0
2025-09-23 09:29:31,440 [INFO] ThirdParty:967 - CMSIS Pack Vendor :wolfSSL I-CUBE-wolfSSH 1.4.20
2025-09-23 09:29:31,440 [INFO] ThirdParty:967 - CMSIS Pack Vendor :STMicroelectronics X-CUBE-NFC7 2.0.0
2025-09-23 09:29:31,440 [INFO] ThirdParty:967 - CMSIS Pack Vendor :STMicroelectronics FP-ATR-SIGFOX1 3.2.0
2025-09-23 09:29:31,440 [INFO] ThirdParty:967 - CMSIS Pack Vendor :STMicroelectronics X-CUBE-NFC10 1.0.0
2025-09-23 09:29:31,440 [INFO] ThirdParty:967 - CMSIS Pack Vendor :STMicroelectronics HAL Drivers 0.0.0
2025-09-23 09:29:31,440 [INFO] ThirdParty:967 - CMSIS Pack Vendor :STMicroelectronics MBEDTLS 2.16.2
2025-09-23 09:29:31,440 [INFO] ThirdParty:967 - CMSIS Pack Vendor :STMicroelectronics MBEDTLS 2.14.1
2025-09-23 09:29:31,440 [INFO] ThirdParty:967 - CMSIS Pack Vendor :STMicroelectronics X-CUBE-STSE01 1.0.0
2025-09-23 09:29:31,440 [INFO] ThirdParty:967 - CMSIS Pack Vendor :STMicroelectronics X-CUBE-AI 10.2.0
2025-09-23 09:29:31,440 [INFO] ThirdParty:967 - CMSIS Pack Vendor :STMicroelectronics X-CUBE-AZRTOS-WL 2.0.0
2025-09-23 09:29:31,440 [INFO] ThirdParty:967 - CMSIS Pack Vendor :SEGGER I-CUBE-embOS 1.3.1
2025-09-23 09:29:31,440 [INFO] ThirdParty:967 - CMSIS Pack Vendor :STMicroelectronics X-CUBE-ALGOBUILD 1.4.0
2025-09-23 09:29:31,440 [INFO] ThirdParty:967 - CMSIS Pack Vendor :STMicroelectronics X-CUBE-MEMS1 11.3.0
2025-09-23 09:29:31,440 [INFO] ThirdParty:967 - CMSIS Pack Vendor :STMicroelectronics USB_DEVICE 1.0.0
2025-09-23 09:29:31,440 [INFO] ThirdParty:967 - CMSIS Pack Vendor :STMicroelectronics X-CUBE-AZRTOS-L4 2.0.0
2025-09-23 09:29:31,440 [INFO] ThirdParty:967 - CMSIS Pack Vendor :STMicroelectronics ThreadX 0.0.2
2025-09-23 09:29:31,440 [INFO] ThirdParty:967 - CMSIS Pack Vendor :STMicroelectronics lwIP 2.1.2
2025-09-23 09:29:31,440 [INFO] ThirdParty:967 - CMSIS Pack Vendor :STMicroelectronics X-CUBE-SFXS2LP1 4.0.0
2025-09-23 09:29:31,440 [INFO] ThirdParty:967 - CMSIS Pack Vendor :STMicroelectronics X-CUBE-BLE2 3.3.0
2025-09-23 09:29:31,440 [INFO] ThirdParty:967 - CMSIS Pack Vendor :STMicroelectronics PDM2PCM 3.2.0
2025-09-23 09:29:31,440 [INFO] ThirdParty:787 - exiting critical section [change project]
2025-09-23 09:29:31,781 [INFO] PinOutPanel:1463 - setPackage(No Configuration,No Configuration)
2025-09-23 09:29:31,785 [INFO] PinOutPanel:1463 - setPackage(STM32F103C6Ux,UFQFPN48)
2025-09-23 09:29:32,281 [INFO] UtilMem:74 - Before build in PCC Used Memory: 889761944 Bytes (1066401792)
2025-09-23 09:29:33,075 [INFO] UtilMem:74 - After build in PCC Used Memory: 906268752 Bytes (1066401792)
2025-09-23 09:29:33,099 [INFO] IPUIPlugin:74 - create IPUIPlugin
2025-09-23 09:29:33,099 [INFO] IPUIPlugin:74 - create IPUIPlugin
2025-09-23 09:29:33,099 [INFO] IPUIPlugin:74 - create IPUIPlugin
2025-09-23 09:29:33,100 [INFO] IPUIPlugin:74 - create IPUIPlugin
2025-09-23 09:29:33,100 [INFO] IPUIPlugin:74 - create IPUIPlugin
2025-09-23 09:29:33,100 [INFO] IPUIPlugin:74 - create IPUIPlugin
2025-09-23 09:29:33,100 [INFO] IPUIPlugin:74 - create IPUIPlugin
2025-09-23 09:29:33,100 [INFO] IPUIPlugin:74 - create IPUIPlugin
2025-09-23 09:29:33,100 [INFO] IPUIPlugin:74 - create IPUIPlugin
2025-09-23 09:29:33,100 [INFO] IPUIPlugin:74 - create IPUIPlugin
2025-09-23 09:29:33,100 [INFO] IPUIPlugin:74 - create IPUIPlugin
2025-09-23 09:29:33,100 [INFO] IPUIPlugin:74 - create IPUIPlugin
2025-09-23 09:29:33,100 [INFO] IPUIPlugin:74 - create IPUIPlugin
2025-09-23 09:29:33,100 [INFO] IPUIPlugin:74 - create IPUIPlugin
2025-09-23 09:29:33,100 [INFO] IPUIPlugin:74 - create IPUIPlugin
2025-09-23 09:29:33,100 [INFO] IPUIPlugin:74 - create IPUIPlugin
2025-09-23 09:29:33,100 [INFO] IPUIPlugin:74 - create IPUIPlugin
2025-09-23 09:29:33,100 [INFO] IPUIPlugin:74 - create IPUIPlugin
2025-09-23 09:29:33,100 [INFO] IPUIPlugin:74 - create IPUIPlugin
2025-09-23 09:29:33,103 [INFO] IPUIPlugin:74 - create IPUIPlugin
2025-09-23 09:29:33,103 [INFO] IPUIPlugin:74 - create IPUIPlugin
2025-09-23 09:29:33,104 [INFO] IPUIPlugin:74 - create IPUIPlugin
2025-09-23 09:29:33,104 [INFO] IPUIPlugin:74 - create IPUIPlugin
2025-09-23 09:29:33,252 [INFO] OpenFileManager:333 - Restore cursor
2025-09-23 09:29:33,650 [INFO] UtilMem:74 - End SaveConfig() Used Memory: 930118680 Bytes (1066401792)
2025-09-23 09:29:33,720 [INFO] UtilMem:74 - End SaveConfig() Used Memory: 942725040 Bytes (1066401792)
2025-09-23 09:29:34,154 [INFO] BlockDiagram:2740 - set Specific Code input for plugin: NVIC
2025-09-23 09:29:34,156 [INFO] BlockDiagram:2740 - set Specific Code input for plugin: SYS
2025-09-23 09:29:34,156 [INFO] BlockDiagram:2740 - set Specific Code input for plugin: RCC
2025-09-23 09:29:34,156 [INFO] CodeGenerator:663 - code generatio: config db path: C:\ST\STM32CubeIDE_1.7.0\STM32CubeIDE\plugins\com.st.stm32cube.common.mx_6.3.0.202107141111\\db\
2025-09-23 09:29:34,499 [INFO] CodeEngine:239 - oldGeneratedFile, C:\Users\Dell\Desktop\MPU-MCU\LAB 1\EX_1\LAB_1_EX1\MXTmpFiles\license.tmp_save
2025-09-23 09:29:34,944 [INFO] CodeEngine:257 - Generated code: C:\Users\Dell\Desktop\MPU-MCU\LAB 1\EX_1\LAB_1_EX1\MXTmpFiles\license.tmp
2025-09-23 09:29:35,116 [INFO] CodeEngine:239 - oldGeneratedFile, C:\Users\Dell\Desktop\MPU-MCU\LAB 1\EX_1\LAB_1_EX1\Core\Src\stm32f1xx_it.c_save
2025-09-23 09:29:35,294 [INFO] CodeEngine:257 - Generated code: C:\Users\Dell\Desktop\MPU-MCU\LAB 1\EX_1\LAB_1_EX1\Core\Src\stm32f1xx_it.c
2025-09-23 09:29:35,311 [INFO] CodeEngine:239 - oldGeneratedFile, C:\Users\Dell\Desktop\MPU-MCU\LAB 1\EX_1\LAB_1_EX1\Core\Inc\stm32f1xx_it.h_save
2025-09-23 09:29:35,405 [INFO] CodeEngine:257 - Generated code: C:\Users\Dell\Desktop\MPU-MCU\LAB 1\EX_1\LAB_1_EX1\Core\Inc\stm32f1xx_it.h
2025-09-23 09:29:35,437 [INFO] CodeEngine:239 - oldGeneratedFile, C:\Users\Dell\Desktop\MPU-MCU\LAB 1\EX_1\LAB_1_EX1\Core\Src\stm32f1xx_hal_msp.c_save
2025-09-23 09:29:35,564 [INFO] CodeEngine:257 - Generated code: C:\Users\Dell\Desktop\MPU-MCU\LAB 1\EX_1\LAB_1_EX1\Core\Src\stm32f1xx_hal_msp.c
2025-09-23 09:29:35,579 [INFO] CodeEngine:239 - oldGeneratedFile, C:\Users\Dell\Desktop\MPU-MCU\LAB 1\EX_1\LAB_1_EX1\MXTmpFiles\system.tmp_save
2025-09-23 09:29:35,658 [INFO] CodeEngine:257 - Generated code: C:\Users\Dell\Desktop\MPU-MCU\LAB 1\EX_1\LAB_1_EX1\MXTmpFiles\system.tmp
2025-09-23 09:29:35,674 [INFO] CodeEngine:239 - oldGeneratedFile, C:\Users\Dell\Desktop\MPU-MCU\LAB 1\EX_1\LAB_1_EX1\Core\Inc\stm32f1xx_hal_conf.h_save
2025-09-23 09:29:35,802 [INFO] CodeEngine:257 - Generated code: C:\Users\Dell\Desktop\MPU-MCU\LAB 1\EX_1\LAB_1_EX1\Core\Inc\stm32f1xx_hal_conf.h
2025-09-23 09:29:35,881 [INFO] CodeEngine:239 - oldGeneratedFile, C:\Users\Dell\Desktop\MPU-MCU\LAB 1\EX_1\LAB_1_EX1\Core\Inc\main.h_save
2025-09-23 09:29:36,007 [INFO] CodeEngine:257 - Generated code: C:\Users\Dell\Desktop\MPU-MCU\LAB 1\EX_1\LAB_1_EX1\Core\Inc\main.h
2025-09-23 09:29:36,028 [INFO] CodeEngine:239 - oldGeneratedFile, C:\Users\Dell\Desktop\MPU-MCU\LAB 1\EX_1\LAB_1_EX1\Core\Src\main.c_save
2025-09-23 09:29:36,206 [INFO] CodeEngine:257 - Generated code: C:\Users\Dell\Desktop\MPU-MCU\LAB 1\EX_1\LAB_1_EX1\Core\Src\main.c
2025-09-23 09:29:37,539 [INFO] ProjectBuilder:2578 - Time for Copy HAL[1] : 110mS.
2025-09-23 09:29:37,546 [INFO] ProjectBuilder:3622 - Project Generator version: 3.14.1
2025-09-23 09:29:38,105 [INFO] ConfigFileManager:1271 - The Die is : DIE412
2025-09-23 09:29:38,135 [INFO] ApiDbMcu:468 - Load IP Config File for FATFS
2025-09-23 09:29:38,183 [INFO] ApiDbMcu:468 - Load IP Config File for FREERTOS
2025-09-23 09:29:38,230 [INFO] ApiDbMcu:468 - Load IP Config File for USB_DEVICE
2025-09-23 09:29:47,558 [INFO] ProjectBuilder:3789 - Time for Generating toolchain IDE Files: 10012mS.
2025-09-23 09:29:47,560 [INFO] ProjectBuilder:2457 - Time for Copy CMSIS : 2mS.
2025-09-23 09:29:47,562 [INFO] ProjectBuilder:2457 - Time for Copy CMSIS : 0mS.
2025-09-23 09:29:48,527 [INFO] McuFinderGlobals:52 - Set McuFinderConnectedMode to true
2025-09-23 09:29:48,527 [INFO] ApiDb:276 - Save user favorites file C:\Users\Dell/.stm32cubeide/favorites.mcus.txt: 0 item(s)
2025-09-23 09:29:48,529 [INFO] ApiDb:280 - User favorites MCUs=[]
2025-09-23 09:31:14,598 [INFO] UtilMem:74 - End SaveConfig() Used Memory: 912763776 Bytes (1073741824)
2025-09-23 09:31:16,682 [INFO] UtilMem:74 - End SaveConfig() Used Memory: 934912072 Bytes (1073741824)
2025-09-23 09:31:20,363 [INFO] UtilMem:74 - End SaveConfig() Used Memory: 936155704 Bytes (1073741824)
2025-09-23 09:31:20,676 [INFO] BlockDiagram:2740 - set Specific Code input for plugin: NVIC
2025-09-23 09:31:20,676 [INFO] BlockDiagram:2740 - set Specific Code input for plugin: SYS
2025-09-23 09:31:20,676 [INFO] BlockDiagram:2740 - set Specific Code input for plugin: GPIO
2025-09-23 09:31:20,678 [INFO] BlockDiagram:2740 - set Specific Code input for plugin: RCC
2025-09-23 09:31:20,678 [INFO] CodeGenerator:663 - code generatio: config db path: C:\ST\STM32CubeIDE_1.7.0\STM32CubeIDE\plugins\com.st.stm32cube.common.mx_6.3.0.202107141111\\db\
2025-09-23 09:31:20,977 [INFO] CodeEngine:239 - oldGeneratedFile, C:\Users\Dell\Desktop\MPU-MCU\LAB 1\EX_1\LAB_1_EX1\MXTmpFiles\license.tmp_save
2025-09-23 09:31:21,054 [INFO] CodeEngine:257 - Generated code: C:\Users\Dell\Desktop\MPU-MCU\LAB 1\EX_1\LAB_1_EX1\MXTmpFiles\license.tmp
2025-09-23 09:31:21,121 [INFO] CodeEngine:239 - oldGeneratedFile, C:\Users\Dell\Desktop\MPU-MCU\LAB 1\EX_1\LAB_1_EX1\MXTmpFiles\gpio.tmp_save
2025-09-23 09:31:21,227 [INFO] CodeEngine:257 - Generated code: C:\Users\Dell\Desktop\MPU-MCU\LAB 1\EX_1\LAB_1_EX1\MXTmpFiles\gpio.tmp
2025-09-23 09:31:21,262 [INFO] CodeEngine:239 - oldGeneratedFile, C:\Users\Dell\Desktop\MPU-MCU\LAB 1\EX_1\LAB_1_EX1\Core\Src\stm32f1xx_it.c_save
2025-09-23 09:31:21,396 [INFO] CodeEngine:257 - Generated code: C:\Users\Dell\Desktop\MPU-MCU\LAB 1\EX_1\LAB_1_EX1\Core\Src\stm32f1xx_it.c
2025-09-23 09:31:21,412 [INFO] CodeEngine:239 - oldGeneratedFile, C:\Users\Dell\Desktop\MPU-MCU\LAB 1\EX_1\LAB_1_EX1\Core\Inc\stm32f1xx_it.h_save
2025-09-23 09:31:21,484 [INFO] CodeEngine:257 - Generated code: C:\Users\Dell\Desktop\MPU-MCU\LAB 1\EX_1\LAB_1_EX1\Core\Inc\stm32f1xx_it.h
2025-09-23 09:31:21,532 [INFO] CodeEngine:239 - oldGeneratedFile, C:\Users\Dell\Desktop\MPU-MCU\LAB 1\EX_1\LAB_1_EX1\Core\Src\stm32f1xx_hal_msp.c_save
2025-09-23 09:31:21,677 [INFO] CodeEngine:257 - Generated code: C:\Users\Dell\Desktop\MPU-MCU\LAB 1\EX_1\LAB_1_EX1\Core\Src\stm32f1xx_hal_msp.c
2025-09-23 09:31:21,691 [INFO] CodeEngine:239 - oldGeneratedFile, C:\Users\Dell\Desktop\MPU-MCU\LAB 1\EX_1\LAB_1_EX1\MXTmpFiles\system.tmp_save
2025-09-23 09:31:21,821 [INFO] CodeEngine:257 - Generated code: C:\Users\Dell\Desktop\MPU-MCU\LAB 1\EX_1\LAB_1_EX1\MXTmpFiles\system.tmp
2025-09-23 09:31:21,853 [INFO] CodeEngine:239 - oldGeneratedFile, C:\Users\Dell\Desktop\MPU-MCU\LAB 1\EX_1\LAB_1_EX1\Core\Inc\stm32f1xx_hal_conf.h_save
2025-09-23 09:31:21,994 [INFO] CodeEngine:257 - Generated code: C:\Users\Dell\Desktop\MPU-MCU\LAB 1\EX_1\LAB_1_EX1\Core\Inc\stm32f1xx_hal_conf.h
2025-09-23 09:31:22,053 [INFO] CodeEngine:239 - oldGeneratedFile, C:\Users\Dell\Desktop\MPU-MCU\LAB 1\EX_1\LAB_1_EX1\Core\Inc\main.h_save
2025-09-23 09:31:22,239 [INFO] CodeEngine:257 - Generated code: C:\Users\Dell\Desktop\MPU-MCU\LAB 1\EX_1\LAB_1_EX1\Core\Inc\main.h
2025-09-23 09:31:22,264 [INFO] CodeEngine:239 - oldGeneratedFile, C:\Users\Dell\Desktop\MPU-MCU\LAB 1\EX_1\LAB_1_EX1\Core\Src\main.c_save
2025-09-23 09:31:22,434 [INFO] CodeEngine:257 - Generated code: C:\Users\Dell\Desktop\MPU-MCU\LAB 1\EX_1\LAB_1_EX1\Core\Src\main.c
2025-09-23 09:31:23,737 [INFO] ProjectBuilder:2578 - Time for Copy HAL[1] : 130mS.
2025-09-23 09:31:23,741 [INFO] ProjectBuilder:3622 - Project Generator version: 3.14.1
2025-09-23 09:31:24,141 [INFO] ConfigFileManager:1271 - The Die is : DIE412
2025-09-23 09:31:27,051 [INFO] ProjectBuilder:3789 - Time for Generating toolchain IDE Files: 3310mS.
2025-09-23 09:31:27,051 [INFO] ProjectBuilder:2457 - Time for Copy CMSIS : 0mS.
2025-09-23 09:31:27,053 [INFO] ProjectBuilder:2457 - Time for Copy CMSIS : 0mS.
